TI ARM Assembler PC v5.2.5 Thu Oct 22 12:50:11 2015

Tools Copyright (c) 1996-2015 Texas Instruments Incorporated
actuators.asm                                                        PAGE    1

       1                    ;******************************************************************************
       2                    ;* TI ARM C/C++ Codegen                                             PC v5.2.5 *
       3                    ;* Date/Time created: Thu Oct 22 12:50:11 2015                                *
       4                    ;******************************************************************************
       5                            .compiler_opts --abi=eabi --arm_vmrs_si_workaround=off --code_state=16 --diag_wrap=off --disab
       6 00000000                   .thumb
       7                    
       8                    $C$DW$CU        .dwtag  DW_TAG_compile_unit
       9                            .dwattr $C$DW$CU, DW_AT_name("../actuators.c")
      10                            .dwattr $C$DW$CU, DW_AT_producer("TI TI ARM C/C++ Codegen PC v5.2.5 Copyright (c) 1996-2015 Te
      11                            .dwattr $C$DW$CU, DW_AT_TI_version(0x01)
      12                            .dwattr $C$DW$CU, DW_AT_comp_dir("E:\Dev\Ti\Code\GIT\LaunchpadRoomControl\LaunchpadRoomControl
      13                    
      14                    $C$DW$1 .dwtag  DW_TAG_subprogram, DW_AT_name("GPIOPinWrite")
      15                            .dwattr $C$DW$1, DW_AT_TI_symbol_name("GPIOPinWrite")
      16                            .dwattr $C$DW$1, DW_AT_declaration
      17                            .dwattr $C$DW$1, DW_AT_external
      18                            .dwattr $C$DW$1, DW_AT_decl_file("E:/Dev/Ti/TivaWare/driverlib/gpio.h")
      19                            .dwattr $C$DW$1, DW_AT_decl_line(0x9e)
      20                            .dwattr $C$DW$1, DW_AT_decl_column(0x0d)
      21                    $C$DW$2 .dwtag  DW_TAG_formal_parameter
      22                            .dwattr $C$DW$2, DW_AT_type(*$C$DW$T$23)
      23                    $C$DW$3 .dwtag  DW_TAG_formal_parameter
      24                            .dwattr $C$DW$3, DW_AT_type(*$C$DW$T$24)
      25                    $C$DW$4 .dwtag  DW_TAG_formal_parameter
      26                            .dwattr $C$DW$4, DW_AT_type(*$C$DW$T$24)
      27                            .dwendtag $C$DW$1
      28                    
      29                    
      30                    $C$DW$5 .dwtag  DW_TAG_subprogram, DW_AT_name("GPIOPinTypeGPIOOutput")
      31                            .dwattr $C$DW$5, DW_AT_TI_symbol_name("GPIOPinTypeGPIOOutput")
      32                            .dwattr $C$DW$5, DW_AT_declaration
      33                            .dwattr $C$DW$5, DW_AT_external
      34                            .dwattr $C$DW$5, DW_AT_decl_file("E:/Dev/Ti/TivaWare/driverlib/gpio.h")
      35                            .dwattr $C$DW$5, DW_AT_decl_line(0xa8)
      36                            .dwattr $C$DW$5, DW_AT_decl_column(0x0d)
      37                    $C$DW$6 .dwtag  DW_TAG_formal_parameter
      38                            .dwattr $C$DW$6, DW_AT_type(*$C$DW$T$23)
      39                    $C$DW$7 .dwtag  DW_TAG_formal_parameter
      40                            .dwattr $C$DW$7, DW_AT_type(*$C$DW$T$24)
      41                            .dwendtag $C$DW$5
      42                    
      43                    
      44                    $C$DW$8 .dwtag  DW_TAG_subprogram, DW_AT_name("SysCtlPeripheralEnable")
      45                            .dwattr $C$DW$8, DW_AT_TI_symbol_name("SysCtlPeripheralEnable")
      46                            .dwattr $C$DW$8, DW_AT_declaration
      47                            .dwattr $C$DW$8, DW_AT_external
      48                            .dwattr $C$DW$8, DW_AT_decl_file("E:/Dev/Ti/TivaWare/driverlib/sysctl.h")
      49                            .dwattr $C$DW$8, DW_AT_decl_line(0x24e)
      50                            .dwattr $C$DW$8, DW_AT_decl_column(0x0d)
      51                    $C$DW$9 .dwtag  DW_TAG_formal_parameter
      52                            .dwattr $C$DW$9, DW_AT_type(*$C$DW$T$23)
      53                            .dwendtag $C$DW$8
      54                    
      55                    ;       C:\ti\ccsv6\tools\compiler\ti-cgt-arm_5.2.5\bin\armacpia.exe -@C:\\Users\\DCOSAS~1.SAG\\AppDat
TI ARM Assembler PC v5.2.5 Thu Oct 22 12:50:11 2015

Tools Copyright (c) 1996-2015 Texas Instruments Incorporated
actuators.asm                                                        PAGE    2

      56 00000000                   .sect   ".text:init_actuators"
      57                            .clink
      58                            .thumbfunc init_actuators
      59 00000000                   .thumb
      60                            .global init_actuators
      61                    
      62                    $C$DW$10        .dwtag  DW_TAG_subprogram, DW_AT_name("init_actuators")
      63                            .dwattr $C$DW$10, DW_AT_low_pc(init_actuators)
      64                            .dwattr $C$DW$10, DW_AT_high_pc(0x00)
      65                            .dwattr $C$DW$10, DW_AT_TI_symbol_name("init_actuators")
      66                            .dwattr $C$DW$10, DW_AT_external
      67                            .dwattr $C$DW$10, DW_AT_TI_begin_file("../actuators.c")
      68                            .dwattr $C$DW$10, DW_AT_TI_begin_line(0x17)
      69                            .dwattr $C$DW$10, DW_AT_TI_begin_column(0x06)
      70                            .dwattr $C$DW$10, DW_AT_decl_file("../actuators.c")
      71                            .dwattr $C$DW$10, DW_AT_decl_line(0x17)
      72                            .dwattr $C$DW$10, DW_AT_decl_column(0x06)
      73                            .dwattr $C$DW$10, DW_AT_TI_max_frame_size(0x08)
      74                            .dwpsn  file "../actuators.c",line 24,column 1,is_stmt,address init_actuators,isa 1
      75                    
      76                            .dwfde $C$DW$CIE, init_actuators
      77                    ;----------------------------------------------------------------------
      78                    ;  23 | void init_actuators()                                                  
      79                    ;----------------------------------------------------------------------
      80                    
      81                    ;*****************************************************************************
      82                    ;* FUNCTION NAME: init_actuators                                             *
      83                    ;*                                                                           *
      84                    ;*   Regs Modified     : A1,A2,A3,A4,V9,SP,LR,SR,D0,D0_hi,D1,D1_hi,D2,D2_hi, *
      85                    ;*                           D3,D3_hi,D4,D4_hi,D5,D5_hi,D6,D6_hi,D7,D7_hi,   *
      86                    ;*                           FPEXC,FPSCR                                     *
      87                    ;*   Regs Used         : A1,A2,A3,A4,V9,SP,LR,SR,D0,D0_hi,D1,D1_hi,D2,D2_hi, *
      88                    ;*                           D3,D3_hi,D4,D4_hi,D5,D5_hi,D6,D6_hi,D7,D7_hi,   *
      89                    ;*                           FPEXC,FPSCR                                     *
      90                    ;*   Local Frame Size  : 0 Args + 0 Auto + 4 Save = 4 byte                   *
      91                    ;*****************************************************************************
      92 00000000           init_actuators:
      93                    ;* --------------------------------------------------------------------------*
      94                            .dwcfi  cfa_offset, 0
      95 00000000 B508              PUSH      {A4, LR}              ; [DPU_3_PIPE]  ; [ORIG 16-BIT INS]
      96                            .dwcfi  cfa_offset, 8
      97                            .dwcfi  save_reg_to_mem, 14, -4
      98                            .dwcfi  save_reg_to_mem, 3, -8
      99                            .dwpsn  file "../actuators.c",line 25,column 2,is_stmt,isa 1
     100                    ;----------------------------------------------------------------------
     101                    ;  25 | SysCtlPeripheralEnable(ACTUATORS_PORT_PERIPH);                         
     102                    ;----------------------------------------------------------------------
     103 00000002 480B              LDR       A1, $C$CON1           ; [DPU_3_PIPE] |25|  ; [ORIG 16-BIT INS]
     104                    $C$DW$11        .dwtag  DW_TAG_TI_branch
     105                            .dwattr $C$DW$11, DW_AT_low_pc(0x00)
     106                            .dwattr $C$DW$11, DW_AT_name("SysCtlPeripheralEnable")
     107                            .dwattr $C$DW$11, DW_AT_TI_call
     108 00000004 FFFEF7FF!         BL        SysCtlPeripheralEnable ; [DPU_3_PIPE] |25|  ; [KEEP 32-BIT INS]
     109                            ; CALL OCCURS {SysCtlPeripheralEnable }  ; [] |25| 
     110                            .dwpsn  file "../actuators.c",line 26,column 2,is_stmt,isa 1
TI ARM Assembler PC v5.2.5 Thu Oct 22 12:50:11 2015

Tools Copyright (c) 1996-2015 Texas Instruments Incorporated
actuators.asm                                                        PAGE    3

     111                    ;----------------------------------------------------------------------
     112                    ;  26 | GPIOPinTypeGPIOOutput(ACTUATORS_PORT_BASE, ACTUATOR1_PORT_BIT);//actuat
     113                    ;     | or1                                                                    
     114                    ;----------------------------------------------------------------------
     115 00000008 480A              LDR       A1, $C$CON2           ; [DPU_3_PIPE] |26|  ; [ORIG 16-BIT INS]
     116 0000000a 2102              MOVS      A2, #2                ; [DPU_3_PIPE] |26|  ; [ORIG 16-BIT INS]
     117                    $C$DW$12        .dwtag  DW_TAG_TI_branch
     118                            .dwattr $C$DW$12, DW_AT_low_pc(0x00)
     119                            .dwattr $C$DW$12, DW_AT_name("GPIOPinTypeGPIOOutput")
     120                            .dwattr $C$DW$12, DW_AT_TI_call
     121 0000000c FFFEF7FF!         BL        GPIOPinTypeGPIOOutput ; [DPU_3_PIPE] |26|  ; [KEEP 32-BIT INS]
     122                            ; CALL OCCURS {GPIOPinTypeGPIOOutput }  ; [] |26| 
     123                            .dwpsn  file "../actuators.c",line 27,column 2,is_stmt,isa 1
     124                    ;----------------------------------------------------------------------
     125                    ;  27 | GPIOPinTypeGPIOOutput(ACTUATORS_PORT_BASE, ACTUATOR2_PORT_BIT);//actuat
     126                    ;     | or2                                                                    
     127                    ;----------------------------------------------------------------------
     128 00000010 4808              LDR       A1, $C$CON2           ; [DPU_3_PIPE] |27|  ; [ORIG 16-BIT INS]
     129 00000012 2104              MOVS      A2, #4                ; [DPU_3_PIPE] |27|  ; [ORIG 16-BIT INS]
     130                    $C$DW$13        .dwtag  DW_TAG_TI_branch
     131                            .dwattr $C$DW$13, DW_AT_low_pc(0x00)
     132                            .dwattr $C$DW$13, DW_AT_name("GPIOPinTypeGPIOOutput")
     133                            .dwattr $C$DW$13, DW_AT_TI_call
     134 00000014 FFFEF7FF!         BL        GPIOPinTypeGPIOOutput ; [DPU_3_PIPE] |27|  ; [KEEP 32-BIT INS]
     135                            ; CALL OCCURS {GPIOPinTypeGPIOOutput }  ; [] |27| 
     136                            .dwpsn  file "../actuators.c",line 28,column 2,is_stmt,isa 1
     137                    ;----------------------------------------------------------------------
     138                    ;  28 | GPIOPinWrite(ACTUATORS_PORT_BASE, ACTUATOR1_PORT_BIT, 0);//initial stat
     139                    ;     | e actuator 1                                                           
     140                    ;----------------------------------------------------------------------
     141 00000018 4806              LDR       A1, $C$CON2           ; [DPU_3_PIPE] |28|  ; [ORIG 16-BIT INS]
     142 0000001a 2102              MOVS      A2, #2                ; [DPU_3_PIPE] |28|  ; [ORIG 16-BIT INS]
     143 0000001c 2200              MOVS      A3, #0                ; [DPU_3_PIPE] |28|  ; [ORIG 16-BIT INS]
     144                    $C$DW$14        .dwtag  DW_TAG_TI_branch
     145                            .dwattr $C$DW$14, DW_AT_low_pc(0x00)
     146                            .dwattr $C$DW$14, DW_AT_name("GPIOPinWrite")
     147                            .dwattr $C$DW$14, DW_AT_TI_call
     148 0000001e FFFEF7FF!         BL        GPIOPinWrite          ; [DPU_3_PIPE] |28|  ; [KEEP 32-BIT INS]
     149                            ; CALL OCCURS {GPIOPinWrite }    ; [] |28| 
     150                            .dwpsn  file "../actuators.c",line 29,column 2,is_stmt,isa 1
     151                    ;----------------------------------------------------------------------
     152                    ;  29 | GPIOPinWrite(ACTUATORS_PORT_BASE, ACTUATOR2_PORT_BIT, 0);//initial stat
     153                    ;     | e actuator 2                                                           
     154                    ;----------------------------------------------------------------------
     155 00000022 4804              LDR       A1, $C$CON2           ; [DPU_3_PIPE] |29|  ; [ORIG 16-BIT INS]
     156 00000024 2104              MOVS      A2, #4                ; [DPU_3_PIPE] |29|  ; [ORIG 16-BIT INS]
     157 00000026 2200              MOVS      A3, #0                ; [DPU_3_PIPE] |29|  ; [ORIG 16-BIT INS]
     158                    $C$DW$15        .dwtag  DW_TAG_TI_branch
     159                            .dwattr $C$DW$15, DW_AT_low_pc(0x00)
     160                            .dwattr $C$DW$15, DW_AT_name("GPIOPinWrite")
     161                            .dwattr $C$DW$15, DW_AT_TI_call
     162 00000028 FFFEF7FF!         BL        GPIOPinWrite          ; [DPU_3_PIPE] |29|  ; [KEEP 32-BIT INS]
     163                            ; CALL OCCURS {GPIOPinWrite }    ; [] |29| 
     164                            .dwpsn  file "../actuators.c",line 30,column 1,is_stmt,isa 1
     165                    $C$DW$16        .dwtag  DW_TAG_TI_branch
TI ARM Assembler PC v5.2.5 Thu Oct 22 12:50:11 2015

Tools Copyright (c) 1996-2015 Texas Instruments Incorporated
actuators.asm                                                        PAGE    4

     166                            .dwattr $C$DW$16, DW_AT_low_pc(0x00)
     167                            .dwattr $C$DW$16, DW_AT_TI_return
     168 0000002c BD08              POP       {A4, PC}              ; [DPU_3_PIPE]  ; [ORIG 16-BIT INS]
     169                            .dwcfi  cfa_offset, 0
     170                            ; BRANCH OCCURS                  ; [] 
     171                            .dwattr $C$DW$10, DW_AT_TI_end_file("../actuators.c")
     172                            .dwattr $C$DW$10, DW_AT_TI_end_line(0x1e)
     173                            .dwattr $C$DW$10, DW_AT_TI_end_column(0x01)
     174                            .dwendentry
     175                            .dwendtag $C$DW$10
     176                    
     177 00000000                   .sect   ".text:set_actuator1"
     178                            .clink
     179                            .thumbfunc set_actuator1
     180 00000000                   .thumb
     181                            .global set_actuator1
     182                    
     183                    $C$DW$17        .dwtag  DW_TAG_subprogram, DW_AT_name("set_actuator1")
     184                            .dwattr $C$DW$17, DW_AT_low_pc(set_actuator1)
     185                            .dwattr $C$DW$17, DW_AT_high_pc(0x00)
     186                            .dwattr $C$DW$17, DW_AT_TI_symbol_name("set_actuator1")
     187                            .dwattr $C$DW$17, DW_AT_external
     188                            .dwattr $C$DW$17, DW_AT_TI_begin_file("../actuators.c")
     189                            .dwattr $C$DW$17, DW_AT_TI_begin_line(0x20)
     190                            .dwattr $C$DW$17, DW_AT_TI_begin_column(0x06)
     191                            .dwattr $C$DW$17, DW_AT_decl_file("../actuators.c")
     192                            .dwattr $C$DW$17, DW_AT_decl_line(0x20)
     193                            .dwattr $C$DW$17, DW_AT_decl_column(0x06)
     194                            .dwattr $C$DW$17, DW_AT_TI_max_frame_size(0x08)
     195                            .dwpsn  file "../actuators.c",line 33,column 1,is_stmt,address set_actuator1,isa 1
     196                    
     197                            .dwfde $C$DW$CIE, set_actuator1
     198                    $C$DW$18        .dwtag  DW_TAG_formal_parameter, DW_AT_name("state")
     199                            .dwattr $C$DW$18, DW_AT_TI_symbol_name("state")
     200                            .dwattr $C$DW$18, DW_AT_type(*$C$DW$T$24)
     201                            .dwattr $C$DW$18, DW_AT_location[DW_OP_reg0]
     202                    ;----------------------------------------------------------------------
     203                    ;  32 | void set_actuator1(uint8_t state)                                      
     204                    ;----------------------------------------------------------------------
     205                    
     206                    ;*****************************************************************************
     207                    ;* FUNCTION NAME: set_actuator1                                              *
     208                    ;*                                                                           *
     209                    ;*   Regs Modified     : A1,A2,A3,A4,V9,SP,LR,SR,D0,D0_hi,D1,D1_hi,D2,D2_hi, *
     210                    ;*                           D3,D3_hi,D4,D4_hi,D5,D5_hi,D6,D6_hi,D7,D7_hi,   *
     211                    ;*                           FPEXC,FPSCR                                     *
     212                    ;*   Regs Used         : A1,A2,A3,A4,V9,SP,LR,SR,D0,D0_hi,D1,D1_hi,D2,D2_hi, *
     213                    ;*                           D3,D3_hi,D4,D4_hi,D5,D5_hi,D6,D6_hi,D7,D7_hi,   *
     214                    ;*                           FPEXC,FPSCR                                     *
     215                    ;*   Local Frame Size  : 0 Args + 4 Auto + 4 Save = 8 byte                   *
     216                    ;*****************************************************************************
     217 00000000           set_actuator1:
     218                    ;* --------------------------------------------------------------------------*
     219                            .dwcfi  cfa_offset, 0
     220 00000000 B508              PUSH      {A4, LR}              ; [DPU_3_PIPE]  ; [ORIG 16-BIT INS]
TI ARM Assembler PC v5.2.5 Thu Oct 22 12:50:11 2015

Tools Copyright (c) 1996-2015 Texas Instruments Incorporated
actuators.asm                                                        PAGE    5

     221                            .dwcfi  cfa_offset, 8
     222                            .dwcfi  save_reg_to_mem, 14, -4
     223                            .dwcfi  save_reg_to_mem, 3, -8
     224                    $C$DW$19        .dwtag  DW_TAG_variable, DW_AT_name("state")
     225                            .dwattr $C$DW$19, DW_AT_TI_symbol_name("state")
     226                            .dwattr $C$DW$19, DW_AT_type(*$C$DW$T$24)
     227                            .dwattr $C$DW$19, DW_AT_location[DW_OP_breg13 0]
     228 00000002 0000F88D          STRB      A1, [SP, #0]          ; [DPU_3_PIPE] |33|  ; [KEEP 32-BIT INS]
     229                            .dwpsn  file "../actuators.c",line 34,column 2,is_stmt,isa 1
     230                    ;----------------------------------------------------------------------
     231                    ;  34 | state ? GPIOPinWrite(ACTUATORS_PORT_BASE, ACTUATOR1_PORT_BIT, ACTUATOR1
     232                    ;     | _PORT_BIT) : GPIOPinWrite(ACTUATORS_PORT_BASE, ACTUATOR1_PORT_BIT, 0); 
     233                    ;----------------------------------------------------------------------
     234 00000006 0000F89D          LDRB      A1, [SP, #0]          ; [DPU_3_PIPE] |34|  ; [KEEP 32-BIT INS]
     235 0000000a B128              CBZ       A1, ||$C$L1||         ; []  ; [ORIG 16-BIT INS]
     236                            ; BRANCHCC OCCURS {||$C$L1||}    ; [] |34| 
     237                    ;* --------------------------------------------------------------------------*
     238 0000000c 4805              LDR       A1, $C$CON3           ; [DPU_3_PIPE] |34|  ; [ORIG 16-BIT INS]
     239 0000000e 2102              MOVS      A2, #2                ; [DPU_3_PIPE] |34|  ; [ORIG 16-BIT INS]
     240 00000010 2202              MOVS      A3, #2                ; [DPU_3_PIPE] |34|  ; [ORIG 16-BIT INS]
     241                    $C$DW$20        .dwtag  DW_TAG_TI_branch
     242                            .dwattr $C$DW$20, DW_AT_low_pc(0x00)
     243                            .dwattr $C$DW$20, DW_AT_name("GPIOPinWrite")
     244                            .dwattr $C$DW$20, DW_AT_TI_call
     245 00000012 FFFEF7FF!         BL        GPIOPinWrite          ; [DPU_3_PIPE] |34|  ; [KEEP 32-BIT INS]
     246                            ; CALL OCCURS {GPIOPinWrite }    ; [] |34| 
     247 00000016 E004              B         ||$C$L2||             ; [DPU_3_PIPE] |34|  ; [ORIG 16-BIT INS]
     248                            ; BRANCH OCCURS {||$C$L2||}      ; [] |34| 
     249                    ;* --------------------------------------------------------------------------*
     250 00000018           ||$C$L1||:    
     251 00000018 4802              LDR       A1, $C$CON3           ; [DPU_3_PIPE] |34|  ; [ORIG 16-BIT INS]
     252 0000001a 2102              MOVS      A2, #2                ; [DPU_3_PIPE] |34|  ; [ORIG 16-BIT INS]
     253 0000001c 2200              MOVS      A3, #0                ; [DPU_3_PIPE] |34|  ; [ORIG 16-BIT INS]
     254                    $C$DW$21        .dwtag  DW_TAG_TI_branch
     255                            .dwattr $C$DW$21, DW_AT_low_pc(0x00)
     256                            .dwattr $C$DW$21, DW_AT_name("GPIOPinWrite")
     257                            .dwattr $C$DW$21, DW_AT_TI_call
     258 0000001e FFFEF7FF!         BL        GPIOPinWrite          ; [DPU_3_PIPE] |34|  ; [KEEP 32-BIT INS]
     259                            ; CALL OCCURS {GPIOPinWrite }    ; [] |34| 
     260                            .dwpsn  file "../actuators.c",line 35,column 1,is_stmt,isa 1
     261                    ;* --------------------------------------------------------------------------*
     262                    ||$C$L2||:    
     263                    $C$DW$22        .dwtag  DW_TAG_TI_branch
     264                            .dwattr $C$DW$22, DW_AT_low_pc(0x00)
     265                            .dwattr $C$DW$22, DW_AT_TI_return
     266 00000022 BD08              POP       {A4, PC}              ; [DPU_3_PIPE]  ; [ORIG 16-BIT INS]
     267                            .dwcfi  cfa_offset, 0
     268                            ; BRANCH OCCURS                  ; [] 
     269                            .dwattr $C$DW$17, DW_AT_TI_end_file("../actuators.c")
     270                            .dwattr $C$DW$17, DW_AT_TI_end_line(0x23)
     271                            .dwattr $C$DW$17, DW_AT_TI_end_column(0x01)
     272                            .dwendentry
     273                            .dwendtag $C$DW$17
     274                    
     275 00000000                   .sect   ".text:set_actuator2"
TI ARM Assembler PC v5.2.5 Thu Oct 22 12:50:11 2015

Tools Copyright (c) 1996-2015 Texas Instruments Incorporated
actuators.asm                                                        PAGE    6

     276                            .clink
     277                            .thumbfunc set_actuator2
     278 00000000                   .thumb
     279                            .global set_actuator2
     280                    
     281                    $C$DW$23        .dwtag  DW_TAG_subprogram, DW_AT_name("set_actuator2")
     282                            .dwattr $C$DW$23, DW_AT_low_pc(set_actuator2)
     283                            .dwattr $C$DW$23, DW_AT_high_pc(0x00)
     284                            .dwattr $C$DW$23, DW_AT_TI_symbol_name("set_actuator2")
     285                            .dwattr $C$DW$23, DW_AT_external
     286                            .dwattr $C$DW$23, DW_AT_TI_begin_file("../actuators.c")
     287                            .dwattr $C$DW$23, DW_AT_TI_begin_line(0x25)
     288                            .dwattr $C$DW$23, DW_AT_TI_begin_column(0x06)
     289                            .dwattr $C$DW$23, DW_AT_decl_file("../actuators.c")
     290                            .dwattr $C$DW$23, DW_AT_decl_line(0x25)
     291                            .dwattr $C$DW$23, DW_AT_decl_column(0x06)
     292                            .dwattr $C$DW$23, DW_AT_TI_max_frame_size(0x08)
     293                            .dwpsn  file "../actuators.c",line 38,column 1,is_stmt,address set_actuator2,isa 1
     294                    
     295                            .dwfde $C$DW$CIE, set_actuator2
     296                    $C$DW$24        .dwtag  DW_TAG_formal_parameter, DW_AT_name("state")
     297                            .dwattr $C$DW$24, DW_AT_TI_symbol_name("state")
     298                            .dwattr $C$DW$24, DW_AT_type(*$C$DW$T$24)
     299                            .dwattr $C$DW$24, DW_AT_location[DW_OP_reg0]
     300                    ;----------------------------------------------------------------------
     301                    ;  37 | void set_actuator2(uint8_t state)                                      
     302                    ;----------------------------------------------------------------------
     303                    
     304                    ;*****************************************************************************
     305                    ;* FUNCTION NAME: set_actuator2                                              *
     306                    ;*                                                                           *
     307                    ;*   Regs Modified     : A1,A2,A3,A4,V9,SP,LR,SR,D0,D0_hi,D1,D1_hi,D2,D2_hi, *
     308                    ;*                           D3,D3_hi,D4,D4_hi,D5,D5_hi,D6,D6_hi,D7,D7_hi,   *
     309                    ;*                           FPEXC,FPSCR                                     *
     310                    ;*   Regs Used         : A1,A2,A3,A4,V9,SP,LR,SR,D0,D0_hi,D1,D1_hi,D2,D2_hi, *
     311                    ;*                           D3,D3_hi,D4,D4_hi,D5,D5_hi,D6,D6_hi,D7,D7_hi,   *
     312                    ;*                           FPEXC,FPSCR                                     *
     313                    ;*   Local Frame Size  : 0 Args + 4 Auto + 4 Save = 8 byte                   *
     314                    ;*****************************************************************************
     315 00000000           set_actuator2:
     316                    ;* --------------------------------------------------------------------------*
     317                            .dwcfi  cfa_offset, 0
     318 00000000 B508              PUSH      {A4, LR}              ; [DPU_3_PIPE]  ; [ORIG 16-BIT INS]
     319                            .dwcfi  cfa_offset, 8
     320                            .dwcfi  save_reg_to_mem, 14, -4
     321                            .dwcfi  save_reg_to_mem, 3, -8
     322                    $C$DW$25        .dwtag  DW_TAG_variable, DW_AT_name("state")
     323                            .dwattr $C$DW$25, DW_AT_TI_symbol_name("state")
     324                            .dwattr $C$DW$25, DW_AT_type(*$C$DW$T$24)
     325                            .dwattr $C$DW$25, DW_AT_location[DW_OP_breg13 0]
     326 00000002 0000F88D          STRB      A1, [SP, #0]          ; [DPU_3_PIPE] |38|  ; [KEEP 32-BIT INS]
     327                            .dwpsn  file "../actuators.c",line 39,column 2,is_stmt,isa 1
     328                    ;----------------------------------------------------------------------
     329                    ;  39 | state ? GPIOPinWrite(ACTUATORS_PORT_BASE, ACTUATOR2_PORT_BIT, ACTUATOR2
     330                    ;     | _PORT_BIT) : GPIOPinWrite(ACTUATORS_PORT_BASE, ACTUATOR2_PORT_BIT, 0); 
TI ARM Assembler PC v5.2.5 Thu Oct 22 12:50:11 2015

Tools Copyright (c) 1996-2015 Texas Instruments Incorporated
actuators.asm                                                        PAGE    7

     331                    ;----------------------------------------------------------------------
     332 00000006 0000F89D          LDRB      A1, [SP, #0]          ; [DPU_3_PIPE] |39|  ; [KEEP 32-BIT INS]
     333 0000000a B128              CBZ       A1, ||$C$L3||         ; []  ; [ORIG 16-BIT INS]
     334                            ; BRANCHCC OCCURS {||$C$L3||}    ; [] |39| 
     335                    ;* --------------------------------------------------------------------------*
     336 0000000c 4805              LDR       A1, $C$CON4           ; [DPU_3_PIPE] |39|  ; [ORIG 16-BIT INS]
     337 0000000e 2104              MOVS      A2, #4                ; [DPU_3_PIPE] |39|  ; [ORIG 16-BIT INS]
     338 00000010 2204              MOVS      A3, #4                ; [DPU_3_PIPE] |39|  ; [ORIG 16-BIT INS]
     339                    $C$DW$26        .dwtag  DW_TAG_TI_branch
     340                            .dwattr $C$DW$26, DW_AT_low_pc(0x00)
     341                            .dwattr $C$DW$26, DW_AT_name("GPIOPinWrite")
     342                            .dwattr $C$DW$26, DW_AT_TI_call
     343 00000012 FFFEF7FF!         BL        GPIOPinWrite          ; [DPU_3_PIPE] |39|  ; [KEEP 32-BIT INS]
     344                            ; CALL OCCURS {GPIOPinWrite }    ; [] |39| 
     345 00000016 E004              B         ||$C$L4||             ; [DPU_3_PIPE] |39|  ; [ORIG 16-BIT INS]
     346                            ; BRANCH OCCURS {||$C$L4||}      ; [] |39| 
     347                    ;* --------------------------------------------------------------------------*
     348 00000018           ||$C$L3||:    
     349 00000018 4802              LDR       A1, $C$CON4           ; [DPU_3_PIPE] |39|  ; [ORIG 16-BIT INS]
     350 0000001a 2104              MOVS      A2, #4                ; [DPU_3_PIPE] |39|  ; [ORIG 16-BIT INS]
     351 0000001c 2200              MOVS      A3, #0                ; [DPU_3_PIPE] |39|  ; [ORIG 16-BIT INS]
     352                    $C$DW$27        .dwtag  DW_TAG_TI_branch
     353                            .dwattr $C$DW$27, DW_AT_low_pc(0x00)
     354                            .dwattr $C$DW$27, DW_AT_name("GPIOPinWrite")
     355                            .dwattr $C$DW$27, DW_AT_TI_call
     356 0000001e FFFEF7FF!         BL        GPIOPinWrite          ; [DPU_3_PIPE] |39|  ; [KEEP 32-BIT INS]
     357                            ; CALL OCCURS {GPIOPinWrite }    ; [] |39| 
     358                            .dwpsn  file "../actuators.c",line 40,column 1,is_stmt,isa 1
     359                    ;* --------------------------------------------------------------------------*
     360                    ||$C$L4||:    
     361                    $C$DW$28        .dwtag  DW_TAG_TI_branch
     362                            .dwattr $C$DW$28, DW_AT_low_pc(0x00)
     363                            .dwattr $C$DW$28, DW_AT_TI_return
     364 00000022 BD08              POP       {A4, PC}              ; [DPU_3_PIPE]  ; [ORIG 16-BIT INS]
     365                            .dwcfi  cfa_offset, 0
     366                            ; BRANCH OCCURS                  ; [] 
     367                            .dwattr $C$DW$23, DW_AT_TI_end_file("../actuators.c")
     368                            .dwattr $C$DW$23, DW_AT_TI_end_line(0x28)
     369                            .dwattr $C$DW$23, DW_AT_TI_end_column(0x01)
     370                            .dwendentry
     371                            .dwendtag $C$DW$23
     372                    
     373                    ;******************************************************************************
     374                    ;* CONSTANT TABLE                                                             *
     375                    ;******************************************************************************
     376 0000002e                   .sect   ".text:init_actuators"
     377                            .align  4
     378 0000002e 080446C0  ||$C$CON1||:    .bits   -268433404,32
         00000032 0000F000 
     379                            .align  4
     380 00000032 4000F000  ||$C$CON2||:    .bits   1073889280,32
         00000036 00004002 
     381                    ;******************************************************************************
     382                    ;* CONSTANT TABLE                                                             *
     383                    ;******************************************************************************
TI ARM Assembler PC v5.2.5 Thu Oct 22 12:50:11 2015

Tools Copyright (c) 1996-2015 Texas Instruments Incorporated
actuators.asm                                                        PAGE    8

     384 00000024                   .sect   ".text:set_actuator1"
     385                            .align  4
     386 00000024 40024000  ||$C$CON3||:    .bits   1073889280,32
     387                    ;******************************************************************************
     388                    ;* CONSTANT TABLE                                                             *
     389                    ;******************************************************************************
     390 00000024                   .sect   ".text:set_actuator2"
     391                            .align  4
     392 00000024 40024000  ||$C$CON4||:    .bits   1073889280,32
     393                    ;*****************************************************************************
     394                    ;* UNDEFINED EXTERNAL REFERENCES                                             *
     395                    ;*****************************************************************************
     396                            .global GPIOPinWrite
     397                            .global GPIOPinTypeGPIOOutput
     398                            .global SysCtlPeripheralEnable
     399                    
     400                    ;******************************************************************************
     401                    ;* BUILD ATTRIBUTES                                                           *
     402                    ;******************************************************************************
     403                            .battr "aeabi", Tag_File, 1, Tag_ABI_PCS_wchar_t(2)
     404                            .battr "aeabi", Tag_File, 1, Tag_ABI_FP_rounding(0)
     405                            .battr "aeabi", Tag_File, 1, Tag_ABI_FP_denormal(0)
     406                            .battr "aeabi", Tag_File, 1, Tag_ABI_FP_exceptions(0)
     407                            .battr "aeabi", Tag_File, 1, Tag_ABI_FP_number_model(1)
     408                            .battr "aeabi", Tag_File, 1, Tag_ABI_enum_size(0)
     409                            .battr "aeabi", Tag_File, 1, Tag_ABI_optimization_goals(5)
     410                            .battr "aeabi", Tag_File, 1, Tag_ABI_FP_optimization_goals(0)
     411                            .battr "TI", Tag_File, 1, Tag_Bitfield_layout(2)
     412                            .battr "TI", Tag_File, 1, Tag_FP_interface(1)
     413                    
     414                    ;******************************************************************************
     415                    ;* TYPE INFORMATION                                                           *
     416                    ;******************************************************************************
     417                    
     418                    $C$DW$T$20      .dwtag  DW_TAG_structure_type
     419                            .dwattr $C$DW$T$20, DW_AT_byte_size(0x18)
     420                    $C$DW$29        .dwtag  DW_TAG_member
     421                            .dwattr $C$DW$29, DW_AT_type(*$C$DW$T$10)
     422                            .dwattr $C$DW$29, DW_AT_name("fd")
     423                            .dwattr $C$DW$29, DW_AT_TI_symbol_name("fd")
     424                            .dwattr $C$DW$29, DW_AT_data_member_location[DW_OP_plus_uconst 0x0]
     425                            .dwattr $C$DW$29, DW_AT_accessibility(DW_ACCESS_public)
     426                            .dwattr $C$DW$29, DW_AT_decl_file("C:/ti/ccsv6/tools/compiler/ti-cgt-arm_5.2.5/include/stdio.h
     427                            .dwattr $C$DW$29, DW_AT_decl_line(0x5c)
     428                            .dwattr $C$DW$29, DW_AT_decl_column(0x0b)
     429                    $C$DW$30        .dwtag  DW_TAG_member
     430                            .dwattr $C$DW$30, DW_AT_type(*$C$DW$T$19)
     431                            .dwattr $C$DW$30, DW_AT_name("buf")
     432                            .dwattr $C$DW$30, DW_AT_TI_symbol_name("buf")
     433                            .dwattr $C$DW$30, DW_AT_data_member_location[DW_OP_plus_uconst 0x4]
     434                            .dwattr $C$DW$30, DW_AT_accessibility(DW_ACCESS_public)
     435                            .dwattr $C$DW$30, DW_AT_decl_file("C:/ti/ccsv6/tools/compiler/ti-cgt-arm_5.2.5/include/stdio.h
     436                            .dwattr $C$DW$30, DW_AT_decl_line(0x5d)
     437                            .dwattr $C$DW$30, DW_AT_decl_column(0x16)
     438                    $C$DW$31        .dwtag  DW_TAG_member
TI ARM Assembler PC v5.2.5 Thu Oct 22 12:50:11 2015

Tools Copyright (c) 1996-2015 Texas Instruments Incorporated
actuators.asm                                                        PAGE    9

     439                            .dwattr $C$DW$31, DW_AT_type(*$C$DW$T$19)
     440                            .dwattr $C$DW$31, DW_AT_name("pos")
     441                            .dwattr $C$DW$31, DW_AT_TI_symbol_name("pos")
     442                            .dwattr $C$DW$31, DW_AT_data_member_location[DW_OP_plus_uconst 0x8]
     443                            .dwattr $C$DW$31, DW_AT_accessibility(DW_ACCESS_public)
     444                            .dwattr $C$DW$31, DW_AT_decl_file("C:/ti/ccsv6/tools/compiler/ti-cgt-arm_5.2.5/include/stdio.h
     445                            .dwattr $C$DW$31, DW_AT_decl_line(0x5e)
     446                            .dwattr $C$DW$31, DW_AT_decl_column(0x16)
     447                    $C$DW$32        .dwtag  DW_TAG_member
     448                            .dwattr $C$DW$32, DW_AT_type(*$C$DW$T$19)
     449                            .dwattr $C$DW$32, DW_AT_name("bufend")
     450                            .dwattr $C$DW$32, DW_AT_TI_symbol_name("bufend")
     451                            .dwattr $C$DW$32, DW_AT_data_member_location[DW_OP_plus_uconst 0xc]
     452                            .dwattr $C$DW$32, DW_AT_accessibility(DW_ACCESS_public)
     453                            .dwattr $C$DW$32, DW_AT_decl_file("C:/ti/ccsv6/tools/compiler/ti-cgt-arm_5.2.5/include/stdio.h
     454                            .dwattr $C$DW$32, DW_AT_decl_line(0x5f)
     455                            .dwattr $C$DW$32, DW_AT_decl_column(0x16)
     456                    $C$DW$33        .dwtag  DW_TAG_member
     457                            .dwattr $C$DW$33, DW_AT_type(*$C$DW$T$19)
     458                            .dwattr $C$DW$33, DW_AT_name("buff_stop")
     459                            .dwattr $C$DW$33, DW_AT_TI_symbol_name("buff_stop")
     460                            .dwattr $C$DW$33, DW_AT_data_member_location[DW_OP_plus_uconst 0x10]
     461                            .dwattr $C$DW$33, DW_AT_accessibility(DW_ACCESS_public)
     462                            .dwattr $C$DW$33, DW_AT_decl_file("C:/ti/ccsv6/tools/compiler/ti-cgt-arm_5.2.5/include/stdio.h
     463                            .dwattr $C$DW$33, DW_AT_decl_line(0x60)
     464                            .dwattr $C$DW$33, DW_AT_decl_column(0x16)
     465                    $C$DW$34        .dwtag  DW_TAG_member
     466                            .dwattr $C$DW$34, DW_AT_type(*$C$DW$T$11)
     467                            .dwattr $C$DW$34, DW_AT_name("flags")
     468                            .dwattr $C$DW$34, DW_AT_TI_symbol_name("flags")
     469                            .dwattr $C$DW$34, DW_AT_data_member_location[DW_OP_plus_uconst 0x14]
     470                            .dwattr $C$DW$34, DW_AT_accessibility(DW_ACCESS_public)
     471                            .dwattr $C$DW$34, DW_AT_decl_file("C:/ti/ccsv6/tools/compiler/ti-cgt-arm_5.2.5/include/stdio.h
     472                            .dwattr $C$DW$34, DW_AT_decl_line(0x61)
     473                            .dwattr $C$DW$34, DW_AT_decl_column(0x16)
     474                            .dwendtag $C$DW$T$20
     475                    
     476                            .dwattr $C$DW$T$20, DW_AT_decl_file("C:/ti/ccsv6/tools/compiler/ti-cgt-arm_5.2.5/include/stdio
     477                            .dwattr $C$DW$T$20, DW_AT_decl_line(0x5b)
     478                            .dwattr $C$DW$T$20, DW_AT_decl_column(0x10)
     479                    $C$DW$T$22      .dwtag  DW_TAG_typedef, DW_AT_name("FILE")
     480                            .dwattr $C$DW$T$22, DW_AT_type(*$C$DW$T$20)
     481                            .dwattr $C$DW$T$22, DW_AT_language(DW_LANG_C)
     482                            .dwattr $C$DW$T$22, DW_AT_decl_file("C:/ti/ccsv6/tools/compiler/ti-cgt-arm_5.2.5/include/stdio
     483                            .dwattr $C$DW$T$22, DW_AT_decl_line(0x62)
     484                            .dwattr $C$DW$T$22, DW_AT_decl_column(0x03)
     485                    $C$DW$T$2       .dwtag  DW_TAG_unspecified_type
     486                            .dwattr $C$DW$T$2, DW_AT_name("void")
     487                    $C$DW$T$3       .dwtag  DW_TAG_pointer_type
     488                            .dwattr $C$DW$T$3, DW_AT_type(*$C$DW$T$2)
     489                            .dwattr $C$DW$T$3, DW_AT_address_class(0x20)
     490                    $C$DW$T$4       .dwtag  DW_TAG_base_type
     491                            .dwattr $C$DW$T$4, DW_AT_encoding(DW_ATE_boolean)
     492                            .dwattr $C$DW$T$4, DW_AT_name("bool")
     493                            .dwattr $C$DW$T$4, DW_AT_byte_size(0x01)
TI ARM Assembler PC v5.2.5 Thu Oct 22 12:50:11 2015

Tools Copyright (c) 1996-2015 Texas Instruments Incorporated
actuators.asm                                                        PAGE   10

     494                    $C$DW$T$5       .dwtag  DW_TAG_base_type
     495                            .dwattr $C$DW$T$5, DW_AT_encoding(DW_ATE_signed_char)
     496                            .dwattr $C$DW$T$5, DW_AT_name("signed char")
     497                            .dwattr $C$DW$T$5, DW_AT_byte_size(0x01)
     498                    $C$DW$T$33      .dwtag  DW_TAG_typedef, DW_AT_name("int8_t")
     499                            .dwattr $C$DW$T$33, DW_AT_type(*$C$DW$T$5)
     500                            .dwattr $C$DW$T$33, DW_AT_language(DW_LANG_C)
     501                            .dwattr $C$DW$T$33, DW_AT_decl_file("C:/ti/ccsv6/tools/compiler/ti-cgt-arm_5.2.5/include/stdin
     502                            .dwattr $C$DW$T$33, DW_AT_decl_line(0x2a)
     503                            .dwattr $C$DW$T$33, DW_AT_decl_column(0x1d)
     504                    $C$DW$T$34      .dwtag  DW_TAG_typedef, DW_AT_name("int_least8_t")
     505                            .dwattr $C$DW$T$34, DW_AT_type(*$C$DW$T$33)
     506                            .dwattr $C$DW$T$34, DW_AT_language(DW_LANG_C)
     507                            .dwattr $C$DW$T$34, DW_AT_decl_file("C:/ti/ccsv6/tools/compiler/ti-cgt-arm_5.2.5/include/stdin
     508                            .dwattr $C$DW$T$34, DW_AT_decl_line(0x37)
     509                            .dwattr $C$DW$T$34, DW_AT_decl_column(0x17)
     510                    $C$DW$T$6       .dwtag  DW_TAG_base_type
     511                            .dwattr $C$DW$T$6, DW_AT_encoding(DW_ATE_unsigned_char)
     512                            .dwattr $C$DW$T$6, DW_AT_name("unsigned char")
     513                            .dwattr $C$DW$T$6, DW_AT_byte_size(0x01)
     514                    $C$DW$T$19      .dwtag  DW_TAG_pointer_type
     515                            .dwattr $C$DW$T$19, DW_AT_type(*$C$DW$T$6)
     516                            .dwattr $C$DW$T$19, DW_AT_address_class(0x20)
     517                    $C$DW$T$24      .dwtag  DW_TAG_typedef, DW_AT_name("uint8_t")
     518                            .dwattr $C$DW$T$24, DW_AT_type(*$C$DW$T$6)
     519                            .dwattr $C$DW$T$24, DW_AT_language(DW_LANG_C)
     520                            .dwattr $C$DW$T$24, DW_AT_decl_file("C:/ti/ccsv6/tools/compiler/ti-cgt-arm_5.2.5/include/stdin
     521                            .dwattr $C$DW$T$24, DW_AT_decl_line(0x2b)
     522                            .dwattr $C$DW$T$24, DW_AT_decl_column(0x1c)
     523                    $C$DW$T$35      .dwtag  DW_TAG_typedef, DW_AT_name("uint_least8_t")
     524                            .dwattr $C$DW$T$35, DW_AT_type(*$C$DW$T$24)
     525                            .dwattr $C$DW$T$35, DW_AT_language(DW_LANG_C)
     526                            .dwattr $C$DW$T$35, DW_AT_decl_file("C:/ti/ccsv6/tools/compiler/ti-cgt-arm_5.2.5/include/stdin
     527                            .dwattr $C$DW$T$35, DW_AT_decl_line(0x38)
     528                            .dwattr $C$DW$T$35, DW_AT_decl_column(0x16)
     529                    $C$DW$T$7       .dwtag  DW_TAG_base_type
     530                            .dwattr $C$DW$T$7, DW_AT_encoding(DW_ATE_signed_char)
     531                            .dwattr $C$DW$T$7, DW_AT_name("wchar_t")
     532                            .dwattr $C$DW$T$7, DW_AT_byte_size(0x02)
     533                    $C$DW$T$8       .dwtag  DW_TAG_base_type
     534                            .dwattr $C$DW$T$8, DW_AT_encoding(DW_ATE_signed)
     535                            .dwattr $C$DW$T$8, DW_AT_name("short")
     536                            .dwattr $C$DW$T$8, DW_AT_byte_size(0x02)
     537                    $C$DW$T$36      .dwtag  DW_TAG_typedef, DW_AT_name("int16_t")
     538                            .dwattr $C$DW$T$36, DW_AT_type(*$C$DW$T$8)
     539                            .dwattr $C$DW$T$36, DW_AT_language(DW_LANG_C)
     540                            .dwattr $C$DW$T$36, DW_AT_decl_file("C:/ti/ccsv6/tools/compiler/ti-cgt-arm_5.2.5/include/stdin
     541                            .dwattr $C$DW$T$36, DW_AT_decl_line(0x2c)
     542                            .dwattr $C$DW$T$36, DW_AT_decl_column(0x1d)
     543                    $C$DW$T$37      .dwtag  DW_TAG_typedef, DW_AT_name("int_least16_t")
     544                            .dwattr $C$DW$T$37, DW_AT_type(*$C$DW$T$36)
     545                            .dwattr $C$DW$T$37, DW_AT_language(DW_LANG_C)
     546                            .dwattr $C$DW$T$37, DW_AT_decl_file("C:/ti/ccsv6/tools/compiler/ti-cgt-arm_5.2.5/include/stdin
     547                            .dwattr $C$DW$T$37, DW_AT_decl_line(0x3a)
     548                            .dwattr $C$DW$T$37, DW_AT_decl_column(0x17)
TI ARM Assembler PC v5.2.5 Thu Oct 22 12:50:11 2015

Tools Copyright (c) 1996-2015 Texas Instruments Incorporated
actuators.asm                                                        PAGE   11

     549                    $C$DW$T$9       .dwtag  DW_TAG_base_type
     550                            .dwattr $C$DW$T$9, DW_AT_encoding(DW_ATE_unsigned)
     551                            .dwattr $C$DW$T$9, DW_AT_name("unsigned short")
     552                            .dwattr $C$DW$T$9, DW_AT_byte_size(0x02)
     553                    $C$DW$T$38      .dwtag  DW_TAG_typedef, DW_AT_name("_Wchart")
     554                            .dwattr $C$DW$T$38, DW_AT_type(*$C$DW$T$9)
     555                            .dwattr $C$DW$T$38, DW_AT_language(DW_LANG_C)
     556                            .dwattr $C$DW$T$38, DW_AT_decl_file("C:/ti/ccsv6/tools/compiler/ti-cgt-arm_5.2.5/include/yvals
     557                            .dwattr $C$DW$T$38, DW_AT_decl_line(0x1e5)
     558                            .dwattr $C$DW$T$38, DW_AT_decl_column(0x21)
     559                    $C$DW$T$39      .dwtag  DW_TAG_typedef, DW_AT_name("_Wintt")
     560                            .dwattr $C$DW$T$39, DW_AT_type(*$C$DW$T$9)
     561                            .dwattr $C$DW$T$39, DW_AT_language(DW_LANG_C)
     562                            .dwattr $C$DW$T$39, DW_AT_decl_file("C:/ti/ccsv6/tools/compiler/ti-cgt-arm_5.2.5/include/yvals
     563                            .dwattr $C$DW$T$39, DW_AT_decl_line(0x1e6)
     564                            .dwattr $C$DW$T$39, DW_AT_decl_column(0x21)
     565                    $C$DW$T$40      .dwtag  DW_TAG_typedef, DW_AT_name("uint16_t")
     566                            .dwattr $C$DW$T$40, DW_AT_type(*$C$DW$T$9)
     567                            .dwattr $C$DW$T$40, DW_AT_language(DW_LANG_C)
     568                            .dwattr $C$DW$T$40, DW_AT_decl_file("C:/ti/ccsv6/tools/compiler/ti-cgt-arm_5.2.5/include/stdin
     569                            .dwattr $C$DW$T$40, DW_AT_decl_line(0x2d)
     570                            .dwattr $C$DW$T$40, DW_AT_decl_column(0x1c)
     571                    $C$DW$T$41      .dwtag  DW_TAG_typedef, DW_AT_name("uint_least16_t")
     572                            .dwattr $C$DW$T$41, DW_AT_type(*$C$DW$T$40)
     573                            .dwattr $C$DW$T$41, DW_AT_language(DW_LANG_C)
     574                            .dwattr $C$DW$T$41, DW_AT_decl_file("C:/ti/ccsv6/tools/compiler/ti-cgt-arm_5.2.5/include/stdin
     575                            .dwattr $C$DW$T$41, DW_AT_decl_line(0x3b)
     576                            .dwattr $C$DW$T$41, DW_AT_decl_column(0x16)
     577                    $C$DW$T$10      .dwtag  DW_TAG_base_type
     578                            .dwattr $C$DW$T$10, DW_AT_encoding(DW_ATE_signed)
     579                            .dwattr $C$DW$T$10, DW_AT_name("int")
     580                            .dwattr $C$DW$T$10, DW_AT_byte_size(0x04)
     581                    $C$DW$T$42      .dwtag  DW_TAG_typedef, DW_AT_name("_Ptrdifft")
     582                            .dwattr $C$DW$T$42, DW_AT_type(*$C$DW$T$10)
     583                            .dwattr $C$DW$T$42, DW_AT_language(DW_LANG_C)
     584                            .dwattr $C$DW$T$42, DW_AT_decl_file("C:/ti/ccsv6/tools/compiler/ti-cgt-arm_5.2.5/include/yvals
     585                            .dwattr $C$DW$T$42, DW_AT_decl_line(0xa9)
     586                            .dwattr $C$DW$T$42, DW_AT_decl_column(0x1e)
     587                    $C$DW$T$43      .dwtag  DW_TAG_typedef, DW_AT_name("int32_t")
     588                            .dwattr $C$DW$T$43, DW_AT_type(*$C$DW$T$10)
     589                            .dwattr $C$DW$T$43, DW_AT_language(DW_LANG_C)
     590                            .dwattr $C$DW$T$43, DW_AT_decl_file("C:/ti/ccsv6/tools/compiler/ti-cgt-arm_5.2.5/include/stdin
     591                            .dwattr $C$DW$T$43, DW_AT_decl_line(0x2e)
     592                            .dwattr $C$DW$T$43, DW_AT_decl_column(0x1d)
     593                    $C$DW$T$44      .dwtag  DW_TAG_typedef, DW_AT_name("int_fast16_t")
     594                            .dwattr $C$DW$T$44, DW_AT_type(*$C$DW$T$43)
     595                            .dwattr $C$DW$T$44, DW_AT_language(DW_LANG_C)
     596                            .dwattr $C$DW$T$44, DW_AT_decl_file("C:/ti/ccsv6/tools/compiler/ti-cgt-arm_5.2.5/include/stdin
     597                            .dwattr $C$DW$T$44, DW_AT_decl_line(0x47)
     598                            .dwattr $C$DW$T$44, DW_AT_decl_column(0x17)
     599                    $C$DW$T$45      .dwtag  DW_TAG_typedef, DW_AT_name("int_fast32_t")
     600                            .dwattr $C$DW$T$45, DW_AT_type(*$C$DW$T$43)
     601                            .dwattr $C$DW$T$45, DW_AT_language(DW_LANG_C)
     602                            .dwattr $C$DW$T$45, DW_AT_decl_file("C:/ti/ccsv6/tools/compiler/ti-cgt-arm_5.2.5/include/stdin
     603                            .dwattr $C$DW$T$45, DW_AT_decl_line(0x4a)
TI ARM Assembler PC v5.2.5 Thu Oct 22 12:50:11 2015

Tools Copyright (c) 1996-2015 Texas Instruments Incorporated
actuators.asm                                                        PAGE   12

     604                            .dwattr $C$DW$T$45, DW_AT_decl_column(0x17)
     605                    $C$DW$T$46      .dwtag  DW_TAG_typedef, DW_AT_name("int_fast8_t")
     606                            .dwattr $C$DW$T$46, DW_AT_type(*$C$DW$T$43)
     607                            .dwattr $C$DW$T$46, DW_AT_language(DW_LANG_C)
     608                            .dwattr $C$DW$T$46, DW_AT_decl_file("C:/ti/ccsv6/tools/compiler/ti-cgt-arm_5.2.5/include/stdin
     609                            .dwattr $C$DW$T$46, DW_AT_decl_line(0x45)
     610                            .dwattr $C$DW$T$46, DW_AT_decl_column(0x17)
     611                    $C$DW$T$47      .dwtag  DW_TAG_typedef, DW_AT_name("int_least32_t")
     612                            .dwattr $C$DW$T$47, DW_AT_type(*$C$DW$T$43)
     613                            .dwattr $C$DW$T$47, DW_AT_language(DW_LANG_C)
     614                            .dwattr $C$DW$T$47, DW_AT_decl_file("C:/ti/ccsv6/tools/compiler/ti-cgt-arm_5.2.5/include/stdin
     615                            .dwattr $C$DW$T$47, DW_AT_decl_line(0x3c)
     616                            .dwattr $C$DW$T$47, DW_AT_decl_column(0x17)
     617                    $C$DW$T$48      .dwtag  DW_TAG_typedef, DW_AT_name("intptr_t")
     618                            .dwattr $C$DW$T$48, DW_AT_type(*$C$DW$T$10)
     619                            .dwattr $C$DW$T$48, DW_AT_language(DW_LANG_C)
     620                            .dwattr $C$DW$T$48, DW_AT_decl_file("C:/ti/ccsv6/tools/compiler/ti-cgt-arm_5.2.5/include/stdin
     621                            .dwattr $C$DW$T$48, DW_AT_decl_line(0x52)
     622                            .dwattr $C$DW$T$48, DW_AT_decl_column(0x1a)
     623                    $C$DW$T$11      .dwtag  DW_TAG_base_type
     624                            .dwattr $C$DW$T$11, DW_AT_encoding(DW_ATE_unsigned)
     625                            .dwattr $C$DW$T$11, DW_AT_name("unsigned int")
     626                            .dwattr $C$DW$T$11, DW_AT_byte_size(0x04)
     627                    $C$DW$T$49      .dwtag  DW_TAG_typedef, DW_AT_name("_Sizet")
     628                            .dwattr $C$DW$T$49, DW_AT_type(*$C$DW$T$11)
     629                            .dwattr $C$DW$T$49, DW_AT_language(DW_LANG_C)
     630                            .dwattr $C$DW$T$49, DW_AT_decl_file("C:/ti/ccsv6/tools/compiler/ti-cgt-arm_5.2.5/include/yvals
     631                            .dwattr $C$DW$T$49, DW_AT_decl_line(0xab)
     632                            .dwattr $C$DW$T$49, DW_AT_decl_column(0x1a)
     633                    $C$DW$T$50      .dwtag  DW_TAG_typedef, DW_AT_name("size_t")
     634                            .dwattr $C$DW$T$50, DW_AT_type(*$C$DW$T$11)
     635                            .dwattr $C$DW$T$50, DW_AT_language(DW_LANG_C)
     636                            .dwattr $C$DW$T$50, DW_AT_decl_file("C:/ti/ccsv6/tools/compiler/ti-cgt-arm_5.2.5/include/stdio
     637                            .dwattr $C$DW$T$50, DW_AT_decl_line(0x58)
     638                            .dwattr $C$DW$T$50, DW_AT_decl_column(0x19)
     639                    $C$DW$T$23      .dwtag  DW_TAG_typedef, DW_AT_name("uint32_t")
     640                            .dwattr $C$DW$T$23, DW_AT_type(*$C$DW$T$11)
     641                            .dwattr $C$DW$T$23, DW_AT_language(DW_LANG_C)
     642                            .dwattr $C$DW$T$23, DW_AT_decl_file("C:/ti/ccsv6/tools/compiler/ti-cgt-arm_5.2.5/include/stdin
     643                            .dwattr $C$DW$T$23, DW_AT_decl_line(0x2f)
     644                            .dwattr $C$DW$T$23, DW_AT_decl_column(0x1c)
     645                    $C$DW$T$51      .dwtag  DW_TAG_typedef, DW_AT_name("uint_fast16_t")
     646                            .dwattr $C$DW$T$51, DW_AT_type(*$C$DW$T$23)
     647                            .dwattr $C$DW$T$51, DW_AT_language(DW_LANG_C)
     648                            .dwattr $C$DW$T$51, DW_AT_decl_file("C:/ti/ccsv6/tools/compiler/ti-cgt-arm_5.2.5/include/stdin
     649                            .dwattr $C$DW$T$51, DW_AT_decl_line(0x48)
     650                            .dwattr $C$DW$T$51, DW_AT_decl_column(0x16)
     651                    $C$DW$T$52      .dwtag  DW_TAG_typedef, DW_AT_name("uint_fast32_t")
     652                            .dwattr $C$DW$T$52, DW_AT_type(*$C$DW$T$23)
     653                            .dwattr $C$DW$T$52, DW_AT_language(DW_LANG_C)
     654                            .dwattr $C$DW$T$52, DW_AT_decl_file("C:/ti/ccsv6/tools/compiler/ti-cgt-arm_5.2.5/include/stdin
     655                            .dwattr $C$DW$T$52, DW_AT_decl_line(0x4b)
     656                            .dwattr $C$DW$T$52, DW_AT_decl_column(0x16)
     657                    $C$DW$T$53      .dwtag  DW_TAG_typedef, DW_AT_name("uint_fast8_t")
     658                            .dwattr $C$DW$T$53, DW_AT_type(*$C$DW$T$23)
TI ARM Assembler PC v5.2.5 Thu Oct 22 12:50:11 2015

Tools Copyright (c) 1996-2015 Texas Instruments Incorporated
actuators.asm                                                        PAGE   13

     659                            .dwattr $C$DW$T$53, DW_AT_language(DW_LANG_C)
     660                            .dwattr $C$DW$T$53, DW_AT_decl_file("C:/ti/ccsv6/tools/compiler/ti-cgt-arm_5.2.5/include/stdin
     661                            .dwattr $C$DW$T$53, DW_AT_decl_line(0x46)
     662                            .dwattr $C$DW$T$53, DW_AT_decl_column(0x16)
     663                    $C$DW$T$54      .dwtag  DW_TAG_typedef, DW_AT_name("uint_least32_t")
     664                            .dwattr $C$DW$T$54, DW_AT_type(*$C$DW$T$23)
     665                            .dwattr $C$DW$T$54, DW_AT_language(DW_LANG_C)
     666                            .dwattr $C$DW$T$54, DW_AT_decl_file("C:/ti/ccsv6/tools/compiler/ti-cgt-arm_5.2.5/include/stdin
     667                            .dwattr $C$DW$T$54, DW_AT_decl_line(0x3d)
     668                            .dwattr $C$DW$T$54, DW_AT_decl_column(0x16)
     669                    $C$DW$T$55      .dwtag  DW_TAG_typedef, DW_AT_name("uintptr_t")
     670                            .dwattr $C$DW$T$55, DW_AT_type(*$C$DW$T$11)
     671                            .dwattr $C$DW$T$55, DW_AT_language(DW_LANG_C)
     672                            .dwattr $C$DW$T$55, DW_AT_decl_file("C:/ti/ccsv6/tools/compiler/ti-cgt-arm_5.2.5/include/stdin
     673                            .dwattr $C$DW$T$55, DW_AT_decl_line(0x53)
     674                            .dwattr $C$DW$T$55, DW_AT_decl_column(0x1a)
     675                    $C$DW$T$12      .dwtag  DW_TAG_base_type
     676                            .dwattr $C$DW$T$12, DW_AT_encoding(DW_ATE_signed)
     677                            .dwattr $C$DW$T$12, DW_AT_name("long")
     678                            .dwattr $C$DW$T$12, DW_AT_byte_size(0x04)
     679                    $C$DW$T$56      .dwtag  DW_TAG_typedef, DW_AT_name("_Int32t")
     680                            .dwattr $C$DW$T$56, DW_AT_type(*$C$DW$T$12)
     681                            .dwattr $C$DW$T$56, DW_AT_language(DW_LANG_C)
     682                            .dwattr $C$DW$T$56, DW_AT_decl_file("C:/ti/ccsv6/tools/compiler/ti-cgt-arm_5.2.5/include/yvals
     683                            .dwattr $C$DW$T$56, DW_AT_decl_line(0xa6)
     684                            .dwattr $C$DW$T$56, DW_AT_decl_column(0x0e)
     685                    $C$DW$T$57      .dwtag  DW_TAG_typedef, DW_AT_name("fpos_t")
     686                            .dwattr $C$DW$T$57, DW_AT_type(*$C$DW$T$12)
     687                            .dwattr $C$DW$T$57, DW_AT_language(DW_LANG_C)
     688                            .dwattr $C$DW$T$57, DW_AT_decl_file("C:/ti/ccsv6/tools/compiler/ti-cgt-arm_5.2.5/include/stdio
     689                            .dwattr $C$DW$T$57, DW_AT_decl_line(0x6e)
     690                            .dwattr $C$DW$T$57, DW_AT_decl_column(0x0e)
     691                    $C$DW$T$13      .dwtag  DW_TAG_base_type
     692                            .dwattr $C$DW$T$13, DW_AT_encoding(DW_ATE_unsigned)
     693                            .dwattr $C$DW$T$13, DW_AT_name("unsigned long")
     694                            .dwattr $C$DW$T$13, DW_AT_byte_size(0x04)
     695                    $C$DW$T$58      .dwtag  DW_TAG_typedef, DW_AT_name("_Uint32t")
     696                            .dwattr $C$DW$T$58, DW_AT_type(*$C$DW$T$13)
     697                            .dwattr $C$DW$T$58, DW_AT_language(DW_LANG_C)
     698                            .dwattr $C$DW$T$58, DW_AT_decl_file("C:/ti/ccsv6/tools/compiler/ti-cgt-arm_5.2.5/include/yvals
     699                            .dwattr $C$DW$T$58, DW_AT_decl_line(0xa7)
     700                            .dwattr $C$DW$T$58, DW_AT_decl_column(0x17)
     701                    $C$DW$T$14      .dwtag  DW_TAG_base_type
     702                            .dwattr $C$DW$T$14, DW_AT_encoding(DW_ATE_signed)
     703                            .dwattr $C$DW$T$14, DW_AT_name("long long")
     704                            .dwattr $C$DW$T$14, DW_AT_byte_size(0x08)
     705                    $C$DW$T$59      .dwtag  DW_TAG_typedef, DW_AT_name("_Longlong")
     706                            .dwattr $C$DW$T$59, DW_AT_type(*$C$DW$T$14)
     707                            .dwattr $C$DW$T$59, DW_AT_language(DW_LANG_C)
     708                            .dwattr $C$DW$T$59, DW_AT_decl_file("C:/ti/ccsv6/tools/compiler/ti-cgt-arm_5.2.5/include/yvals
     709                            .dwattr $C$DW$T$59, DW_AT_decl_line(0x1b5)
     710                            .dwattr $C$DW$T$59, DW_AT_decl_column(0x13)
     711                    $C$DW$T$60      .dwtag  DW_TAG_typedef, DW_AT_name("int64_t")
     712                            .dwattr $C$DW$T$60, DW_AT_type(*$C$DW$T$14)
     713                            .dwattr $C$DW$T$60, DW_AT_language(DW_LANG_C)
TI ARM Assembler PC v5.2.5 Thu Oct 22 12:50:11 2015

Tools Copyright (c) 1996-2015 Texas Instruments Incorporated
actuators.asm                                                        PAGE   14

     714                            .dwattr $C$DW$T$60, DW_AT_decl_file("C:/ti/ccsv6/tools/compiler/ti-cgt-arm_5.2.5/include/stdin
     715                            .dwattr $C$DW$T$60, DW_AT_decl_line(0x32)
     716                            .dwattr $C$DW$T$60, DW_AT_decl_column(0x21)
     717                    $C$DW$T$61      .dwtag  DW_TAG_typedef, DW_AT_name("int_fast64_t")
     718                            .dwattr $C$DW$T$61, DW_AT_type(*$C$DW$T$60)
     719                            .dwattr $C$DW$T$61, DW_AT_language(DW_LANG_C)
     720                            .dwattr $C$DW$T$61, DW_AT_decl_file("C:/ti/ccsv6/tools/compiler/ti-cgt-arm_5.2.5/include/stdin
     721                            .dwattr $C$DW$T$61, DW_AT_decl_line(0x4e)
     722                            .dwattr $C$DW$T$61, DW_AT_decl_column(0x17)
     723                    $C$DW$T$62      .dwtag  DW_TAG_typedef, DW_AT_name("int_least64_t")
     724                            .dwattr $C$DW$T$62, DW_AT_type(*$C$DW$T$60)
     725                            .dwattr $C$DW$T$62, DW_AT_language(DW_LANG_C)
     726                            .dwattr $C$DW$T$62, DW_AT_decl_file("C:/ti/ccsv6/tools/compiler/ti-cgt-arm_5.2.5/include/stdin
     727                            .dwattr $C$DW$T$62, DW_AT_decl_line(0x40)
     728                            .dwattr $C$DW$T$62, DW_AT_decl_column(0x17)
     729                    $C$DW$T$63      .dwtag  DW_TAG_typedef, DW_AT_name("intmax_t")
     730                            .dwattr $C$DW$T$63, DW_AT_type(*$C$DW$T$14)
     731                            .dwattr $C$DW$T$63, DW_AT_language(DW_LANG_C)
     732                            .dwattr $C$DW$T$63, DW_AT_decl_file("C:/ti/ccsv6/tools/compiler/ti-cgt-arm_5.2.5/include/stdin
     733                            .dwattr $C$DW$T$63, DW_AT_decl_line(0x56)
     734                            .dwattr $C$DW$T$63, DW_AT_decl_column(0x20)
     735                    $C$DW$T$15      .dwtag  DW_TAG_base_type
     736                            .dwattr $C$DW$T$15, DW_AT_encoding(DW_ATE_unsigned)
     737                            .dwattr $C$DW$T$15, DW_AT_name("unsigned long long")
     738                            .dwattr $C$DW$T$15, DW_AT_byte_size(0x08)
     739                    $C$DW$T$64      .dwtag  DW_TAG_typedef, DW_AT_name("_ULonglong")
     740                            .dwattr $C$DW$T$64, DW_AT_type(*$C$DW$T$15)
     741                            .dwattr $C$DW$T$64, DW_AT_language(DW_LANG_C)
     742                            .dwattr $C$DW$T$64, DW_AT_decl_file("C:/ti/ccsv6/tools/compiler/ti-cgt-arm_5.2.5/include/yvals
     743                            .dwattr $C$DW$T$64, DW_AT_decl_line(0x1b6)
     744                            .dwattr $C$DW$T$64, DW_AT_decl_column(0x14)
     745                    $C$DW$T$65      .dwtag  DW_TAG_typedef, DW_AT_name("uint64_t")
     746                            .dwattr $C$DW$T$65, DW_AT_type(*$C$DW$T$15)
     747                            .dwattr $C$DW$T$65, DW_AT_language(DW_LANG_C)
     748                            .dwattr $C$DW$T$65, DW_AT_decl_file("C:/ti/ccsv6/tools/compiler/ti-cgt-arm_5.2.5/include/stdin
     749                            .dwattr $C$DW$T$65, DW_AT_decl_line(0x33)
     750                            .dwattr $C$DW$T$65, DW_AT_decl_column(0x20)
     751                    $C$DW$T$66      .dwtag  DW_TAG_typedef, DW_AT_name("uint_fast64_t")
     752                            .dwattr $C$DW$T$66, DW_AT_type(*$C$DW$T$65)
     753                            .dwattr $C$DW$T$66, DW_AT_language(DW_LANG_C)
     754                            .dwattr $C$DW$T$66, DW_AT_decl_file("C:/ti/ccsv6/tools/compiler/ti-cgt-arm_5.2.5/include/stdin
     755                            .dwattr $C$DW$T$66, DW_AT_decl_line(0x4f)
     756                            .dwattr $C$DW$T$66, DW_AT_decl_column(0x16)
     757                    $C$DW$T$67      .dwtag  DW_TAG_typedef, DW_AT_name("uint_least64_t")
     758                            .dwattr $C$DW$T$67, DW_AT_type(*$C$DW$T$65)
     759                            .dwattr $C$DW$T$67, DW_AT_language(DW_LANG_C)
     760                            .dwattr $C$DW$T$67, DW_AT_decl_file("C:/ti/ccsv6/tools/compiler/ti-cgt-arm_5.2.5/include/stdin
     761                            .dwattr $C$DW$T$67, DW_AT_decl_line(0x41)
     762                            .dwattr $C$DW$T$67, DW_AT_decl_column(0x16)
     763                    $C$DW$T$68      .dwtag  DW_TAG_typedef, DW_AT_name("uintmax_t")
     764                            .dwattr $C$DW$T$68, DW_AT_type(*$C$DW$T$15)
     765                            .dwattr $C$DW$T$68, DW_AT_language(DW_LANG_C)
     766                            .dwattr $C$DW$T$68, DW_AT_decl_file("C:/ti/ccsv6/tools/compiler/ti-cgt-arm_5.2.5/include/stdin
     767                            .dwattr $C$DW$T$68, DW_AT_decl_line(0x57)
     768                            .dwattr $C$DW$T$68, DW_AT_decl_column(0x20)
TI ARM Assembler PC v5.2.5 Thu Oct 22 12:50:11 2015

Tools Copyright (c) 1996-2015 Texas Instruments Incorporated
actuators.asm                                                        PAGE   15

     769                    $C$DW$T$16      .dwtag  DW_TAG_base_type
     770                            .dwattr $C$DW$T$16, DW_AT_encoding(DW_ATE_float)
     771                            .dwattr $C$DW$T$16, DW_AT_name("float")
     772                            .dwattr $C$DW$T$16, DW_AT_byte_size(0x04)
     773                    $C$DW$T$17      .dwtag  DW_TAG_base_type
     774                            .dwattr $C$DW$T$17, DW_AT_encoding(DW_ATE_float)
     775                            .dwattr $C$DW$T$17, DW_AT_name("double")
     776                            .dwattr $C$DW$T$17, DW_AT_byte_size(0x08)
     777                    $C$DW$T$18      .dwtag  DW_TAG_base_type
     778                            .dwattr $C$DW$T$18, DW_AT_encoding(DW_ATE_float)
     779                            .dwattr $C$DW$T$18, DW_AT_name("long double")
     780                            .dwattr $C$DW$T$18, DW_AT_byte_size(0x08)
     781                    $C$DW$T$70      .dwtag  DW_TAG_typedef, DW_AT_name("_Sysch_t")
     782                            .dwattr $C$DW$T$70, DW_AT_type(*$C$DW$T$6)
     783                            .dwattr $C$DW$T$70, DW_AT_language(DW_LANG_C)
     784                            .dwattr $C$DW$T$70, DW_AT_decl_file("C:/ti/ccsv6/tools/compiler/ti-cgt-arm_5.2.5/include/yvals
     785                            .dwattr $C$DW$T$70, DW_AT_decl_line(0x218)
     786                            .dwattr $C$DW$T$70, DW_AT_decl_column(0x0e)
     787                    $C$DW$T$71      .dwtag  DW_TAG_pointer_type
     788                            .dwattr $C$DW$T$71, DW_AT_type(*$C$DW$T$6)
     789                            .dwattr $C$DW$T$71, DW_AT_address_class(0x20)
     790                    $C$DW$T$72      .dwtag  DW_TAG_typedef, DW_AT_name("__builtin_va_list")
     791                            .dwattr $C$DW$T$72, DW_AT_type(*$C$DW$T$71)
     792                            .dwattr $C$DW$T$72, DW_AT_language(DW_LANG_C)
     793                            .dwattr $C$DW$T$72, DW_AT_decl_file("../actuators.c")
     794                            .dwattr $C$DW$T$72, DW_AT_decl_line(0x28)
     795                            .dwattr $C$DW$T$72, DW_AT_decl_column(0x01)
     796                    
     797                    $C$DW$T$21      .dwtag  DW_TAG_structure_type
     798                            .dwattr $C$DW$T$21, DW_AT_name("__va_list")
     799                            .dwattr $C$DW$T$21, DW_AT_byte_size(0x04)
     800                    $C$DW$35        .dwtag  DW_TAG_member
     801                            .dwattr $C$DW$35, DW_AT_type(*$C$DW$T$3)
     802                            .dwattr $C$DW$35, DW_AT_name("__ap")
     803                            .dwattr $C$DW$35, DW_AT_TI_symbol_name("__ap")
     804                            .dwattr $C$DW$35, DW_AT_data_member_location[DW_OP_plus_uconst 0x0]
     805                            .dwattr $C$DW$35, DW_AT_accessibility(DW_ACCESS_public)
     806                            .dwattr $C$DW$35, DW_AT_decl_file("C:/ti/ccsv6/tools/compiler/ti-cgt-arm_5.2.5/include/stdarg.
     807                            .dwattr $C$DW$35, DW_AT_decl_line(0x36)
     808                            .dwattr $C$DW$35, DW_AT_decl_column(0x0c)
     809                            .dwendtag $C$DW$T$21
     810                    
     811                            .dwattr $C$DW$T$21, DW_AT_decl_file("C:/ti/ccsv6/tools/compiler/ti-cgt-arm_5.2.5/include/stdar
     812                            .dwattr $C$DW$T$21, DW_AT_decl_line(0x35)
     813                            .dwattr $C$DW$T$21, DW_AT_decl_column(0x10)
     814                    $C$DW$T$73      .dwtag  DW_TAG_typedef, DW_AT_name("va_list")
     815                            .dwattr $C$DW$T$73, DW_AT_type(*$C$DW$T$21)
     816                            .dwattr $C$DW$T$73, DW_AT_language(DW_LANG_C)
     817                            .dwattr $C$DW$T$73, DW_AT_decl_file("C:/ti/ccsv6/tools/compiler/ti-cgt-arm_5.2.5/include/stdar
     818                            .dwattr $C$DW$T$73, DW_AT_decl_line(0x37)
     819                            .dwattr $C$DW$T$73, DW_AT_decl_column(0x03)
     820                    $C$DW$T$74      .dwtag  DW_TAG_typedef, DW_AT_name("_Va_list")
     821                            .dwattr $C$DW$T$74, DW_AT_type(*$C$DW$T$73)
     822                            .dwattr $C$DW$T$74, DW_AT_language(DW_LANG_C)
     823                            .dwattr $C$DW$T$74, DW_AT_decl_file("C:/ti/ccsv6/tools/compiler/ti-cgt-arm_5.2.5/include/yvals
TI ARM Assembler PC v5.2.5 Thu Oct 22 12:50:11 2015

Tools Copyright (c) 1996-2015 Texas Instruments Incorporated
actuators.asm                                                        PAGE   16

     824                            .dwattr $C$DW$T$74, DW_AT_decl_line(0x1f6)
     825                            .dwattr $C$DW$T$74, DW_AT_decl_column(0x17)
     826                            .dwattr $C$DW$CU, DW_AT_language(DW_LANG_C)
     827                    
     828                    ;***************************************************************
     829                    ;* DWARF CIE ENTRIES                                           *
     830                    ;***************************************************************
     831                    
     832                    $C$DW$CIE       .dwcie 14
     833                            .dwcfi  cfa_register, 13
     834                            .dwcfi  cfa_offset, 0
     835                            .dwcfi  undefined, 0
     836                            .dwcfi  undefined, 1
     837                            .dwcfi  undefined, 2
     838                            .dwcfi  undefined, 3
     839                            .dwcfi  same_value, 4
     840                            .dwcfi  same_value, 5
     841                            .dwcfi  same_value, 6
     842                            .dwcfi  same_value, 7
     843                            .dwcfi  same_value, 8
     844                            .dwcfi  same_value, 9
     845                            .dwcfi  same_value, 10
     846                            .dwcfi  same_value, 11
     847                            .dwcfi  undefined, 12
     848                            .dwcfi  undefined, 13
     849                            .dwcfi  undefined, 14
     850                            .dwcfi  undefined, 14
     851                            .dwcfi  undefined, 7
     852                            .dwcfi  undefined, 64
     853                            .dwcfi  undefined, 65
     854                            .dwcfi  undefined, 66
     855                            .dwcfi  undefined, 67
     856                            .dwcfi  undefined, 68
     857                            .dwcfi  undefined, 69
     858                            .dwcfi  undefined, 70
     859                            .dwcfi  undefined, 71
     860                            .dwcfi  undefined, 72
     861                            .dwcfi  undefined, 73
     862                            .dwcfi  undefined, 74
     863                            .dwcfi  undefined, 75
     864                            .dwcfi  undefined, 76
     865                            .dwcfi  undefined, 77
     866                            .dwcfi  undefined, 78
     867                            .dwcfi  undefined, 79
     868                            .dwcfi  same_value, 80
     869                            .dwcfi  same_value, 81
     870                            .dwcfi  same_value, 82
     871                            .dwcfi  same_value, 83
     872                            .dwcfi  same_value, 84
     873                            .dwcfi  same_value, 85
     874                            .dwcfi  same_value, 86
     875                            .dwcfi  same_value, 87
     876                            .dwcfi  same_value, 88
     877                            .dwcfi  same_value, 89
     878                            .dwcfi  same_value, 90
TI ARM Assembler PC v5.2.5 Thu Oct 22 12:50:11 2015

Tools Copyright (c) 1996-2015 Texas Instruments Incorporated
actuators.asm                                                        PAGE   17

     879                            .dwcfi  same_value, 91
     880                            .dwcfi  same_value, 92
     881                            .dwcfi  same_value, 93
     882                            .dwcfi  same_value, 94
     883                            .dwcfi  same_value, 95
     884                            .dwendentry
     885                            .dwendtag $C$DW$CU
     886                    

--------------------------
Thumb2 Statistics
--------------------------
Number of Thumb2 ins converted to Thumb = 0 (0%)
Number of Thumb ins in input = 37 (74%)
Number of Thumb2 ins encoded as Thumb2 = 13 (100%)
Number of Thumb2 ins converted to 2 OPND Thumb = 0


No Assembly Errors, No Assembly Warnings
