TI ARM Assembler PC v5.2.5 Mon Nov 16 12:40:40 2015

Tools Copyright (c) 1996-2015 Texas Instruments Incorporated
tiva_ssi.asm                                                         PAGE    1

       1                    ;******************************************************************************
       2                    ;* TI ARM C/C++ Codegen                                             PC v5.2.5 *
       3                    ;* Date/Time created: Mon Nov 16 12:40:40 2015                                *
       4                    ;******************************************************************************
       5                            .compiler_opts --abi=eabi --arm_vmrs_si_workaround=off --code_state=16 --diag_wrap=off --disab
       6 00000000                   .thumb
       7                    
       8                    $C$DW$CU        .dwtag  DW_TAG_compile_unit
       9                            .dwattr $C$DW$CU, DW_AT_name("../tiva_ssi.c")
      10                            .dwattr $C$DW$CU, DW_AT_producer("TI TI ARM C/C++ Codegen PC v5.2.5 Copyright (c) 1996-2015 Te
      11                            .dwattr $C$DW$CU, DW_AT_TI_version(0x01)
      12                            .dwattr $C$DW$CU, DW_AT_comp_dir("E:\Dev\Ti\Code\GIT\LaunchpadRoomControl\LaunchpadRoomControl
      13                    
      14                    $C$DW$1 .dwtag  DW_TAG_subprogram, DW_AT_name("SSIConfigSetExpClk")
      15                            .dwattr $C$DW$1, DW_AT_TI_symbol_name("SSIConfigSetExpClk")
      16                            .dwattr $C$DW$1, DW_AT_declaration
      17                            .dwattr $C$DW$1, DW_AT_external
      18                            .dwattr $C$DW$1, DW_AT_decl_file("E:/Dev/Ti/TivaWare/driverlib/ssi.h")
      19                            .dwattr $C$DW$1, DW_AT_decl_line(0x77)
      20                            .dwattr $C$DW$1, DW_AT_decl_column(0x0d)
      21                    $C$DW$2 .dwtag  DW_TAG_formal_parameter
      22                            .dwattr $C$DW$2, DW_AT_type(*$C$DW$T$23)
      23                    $C$DW$3 .dwtag  DW_TAG_formal_parameter
      24                            .dwattr $C$DW$3, DW_AT_type(*$C$DW$T$23)
      25                    $C$DW$4 .dwtag  DW_TAG_formal_parameter
      26                            .dwattr $C$DW$4, DW_AT_type(*$C$DW$T$23)
      27                    $C$DW$5 .dwtag  DW_TAG_formal_parameter
      28                            .dwattr $C$DW$5, DW_AT_type(*$C$DW$T$23)
      29                    $C$DW$6 .dwtag  DW_TAG_formal_parameter
      30                            .dwattr $C$DW$6, DW_AT_type(*$C$DW$T$23)
      31                    $C$DW$7 .dwtag  DW_TAG_formal_parameter
      32                            .dwattr $C$DW$7, DW_AT_type(*$C$DW$T$23)
      33                            .dwendtag $C$DW$1
      34                    
      35                    
      36                    $C$DW$8 .dwtag  DW_TAG_subprogram, DW_AT_name("SSIDataGet")
      37                            .dwattr $C$DW$8, DW_AT_TI_symbol_name("SSIDataGet")
      38                            .dwattr $C$DW$8, DW_AT_declaration
      39                            .dwattr $C$DW$8, DW_AT_external
      40                            .dwattr $C$DW$8, DW_AT_decl_file("E:/Dev/Ti/TivaWare/driverlib/ssi.h")
      41                            .dwattr $C$DW$8, DW_AT_decl_line(0x7b)
      42                            .dwattr $C$DW$8, DW_AT_decl_column(0x0d)
      43                    $C$DW$9 .dwtag  DW_TAG_formal_parameter
      44                            .dwattr $C$DW$9, DW_AT_type(*$C$DW$T$23)
      45                    $C$DW$10        .dwtag  DW_TAG_formal_parameter
      46                            .dwattr $C$DW$10, DW_AT_type(*$C$DW$T$26)
      47                            .dwendtag $C$DW$8
      48                    
      49                    
      50                    $C$DW$11        .dwtag  DW_TAG_subprogram, DW_AT_name("SSIDataGetNonBlocking")
      51                            .dwattr $C$DW$11, DW_AT_TI_symbol_name("SSIDataGetNonBlocking")
      52                            .dwattr $C$DW$11, DW_AT_type(*$C$DW$T$48)
      53                            .dwattr $C$DW$11, DW_AT_declaration
      54                            .dwattr $C$DW$11, DW_AT_external
      55                            .dwattr $C$DW$11, DW_AT_decl_file("E:/Dev/Ti/TivaWare/driverlib/ssi.h")
TI ARM Assembler PC v5.2.5 Mon Nov 16 12:40:40 2015

Tools Copyright (c) 1996-2015 Texas Instruments Incorporated
tiva_ssi.asm                                                         PAGE    2

      56                            .dwattr $C$DW$11, DW_AT_decl_line(0x7c)
      57                            .dwattr $C$DW$11, DW_AT_decl_column(0x10)
      58                    $C$DW$12        .dwtag  DW_TAG_formal_parameter
      59                            .dwattr $C$DW$12, DW_AT_type(*$C$DW$T$23)
      60                    $C$DW$13        .dwtag  DW_TAG_formal_parameter
      61                            .dwattr $C$DW$13, DW_AT_type(*$C$DW$T$26)
      62                            .dwendtag $C$DW$11
      63                    
      64                    
      65                    $C$DW$14        .dwtag  DW_TAG_subprogram, DW_AT_name("SSIDataPut")
      66                            .dwattr $C$DW$14, DW_AT_TI_symbol_name("SSIDataPut")
      67                            .dwattr $C$DW$14, DW_AT_declaration
      68                            .dwattr $C$DW$14, DW_AT_external
      69                            .dwattr $C$DW$14, DW_AT_decl_file("E:/Dev/Ti/TivaWare/driverlib/ssi.h")
      70                            .dwattr $C$DW$14, DW_AT_decl_line(0x7e)
      71                            .dwattr $C$DW$14, DW_AT_decl_column(0x0d)
      72                    $C$DW$15        .dwtag  DW_TAG_formal_parameter
      73                            .dwattr $C$DW$15, DW_AT_type(*$C$DW$T$23)
      74                    $C$DW$16        .dwtag  DW_TAG_formal_parameter
      75                            .dwattr $C$DW$16, DW_AT_type(*$C$DW$T$23)
      76                            .dwendtag $C$DW$14
      77                    
      78                    
      79                    $C$DW$17        .dwtag  DW_TAG_subprogram, DW_AT_name("SSIDisable")
      80                            .dwattr $C$DW$17, DW_AT_TI_symbol_name("SSIDisable")
      81                            .dwattr $C$DW$17, DW_AT_declaration
      82                            .dwattr $C$DW$17, DW_AT_external
      83                            .dwattr $C$DW$17, DW_AT_decl_file("E:/Dev/Ti/TivaWare/driverlib/ssi.h")
      84                            .dwattr $C$DW$17, DW_AT_decl_line(0x80)
      85                            .dwattr $C$DW$17, DW_AT_decl_column(0x0d)
      86                    $C$DW$18        .dwtag  DW_TAG_formal_parameter
      87                            .dwattr $C$DW$18, DW_AT_type(*$C$DW$T$23)
      88                            .dwendtag $C$DW$17
      89                    
      90                    
      91                    $C$DW$19        .dwtag  DW_TAG_subprogram, DW_AT_name("SSIEnable")
      92                            .dwattr $C$DW$19, DW_AT_TI_symbol_name("SSIEnable")
      93                            .dwattr $C$DW$19, DW_AT_declaration
      94                            .dwattr $C$DW$19, DW_AT_external
      95                            .dwattr $C$DW$19, DW_AT_decl_file("E:/Dev/Ti/TivaWare/driverlib/ssi.h")
      96                            .dwattr $C$DW$19, DW_AT_decl_line(0x81)
      97                            .dwattr $C$DW$19, DW_AT_decl_column(0x0d)
      98                    $C$DW$20        .dwtag  DW_TAG_formal_parameter
      99                            .dwattr $C$DW$20, DW_AT_type(*$C$DW$T$23)
     100                            .dwendtag $C$DW$19
     101                    
     102                    
     103                    $C$DW$21        .dwtag  DW_TAG_subprogram, DW_AT_name("SSIBusy")
     104                            .dwattr $C$DW$21, DW_AT_TI_symbol_name("SSIBusy")
     105                            .dwattr $C$DW$21, DW_AT_type(*$C$DW$T$79)
     106                            .dwattr $C$DW$21, DW_AT_declaration
     107                            .dwattr $C$DW$21, DW_AT_external
     108                            .dwattr $C$DW$21, DW_AT_decl_file("E:/Dev/Ti/TivaWare/driverlib/ssi.h")
     109                            .dwattr $C$DW$21, DW_AT_decl_line(0x8a)
     110                            .dwattr $C$DW$21, DW_AT_decl_column(0x0d)
TI ARM Assembler PC v5.2.5 Mon Nov 16 12:40:40 2015

Tools Copyright (c) 1996-2015 Texas Instruments Incorporated
tiva_ssi.asm                                                         PAGE    3

     111                    $C$DW$22        .dwtag  DW_TAG_formal_parameter
     112                            .dwattr $C$DW$22, DW_AT_type(*$C$DW$T$23)
     113                            .dwendtag $C$DW$21
     114                    
     115                    
     116                    $C$DW$23        .dwtag  DW_TAG_subprogram, DW_AT_name("SSIClockSourceSet")
     117                            .dwattr $C$DW$23, DW_AT_TI_symbol_name("SSIClockSourceSet")
     118                            .dwattr $C$DW$23, DW_AT_declaration
     119                            .dwattr $C$DW$23, DW_AT_external
     120                            .dwattr $C$DW$23, DW_AT_decl_file("E:/Dev/Ti/TivaWare/driverlib/ssi.h")
     121                            .dwattr $C$DW$23, DW_AT_decl_line(0x8b)
     122                            .dwattr $C$DW$23, DW_AT_decl_column(0x0d)
     123                    $C$DW$24        .dwtag  DW_TAG_formal_parameter
     124                            .dwattr $C$DW$24, DW_AT_type(*$C$DW$T$23)
     125                    $C$DW$25        .dwtag  DW_TAG_formal_parameter
     126                            .dwattr $C$DW$25, DW_AT_type(*$C$DW$T$23)
     127                            .dwendtag $C$DW$23
     128                    
     129                    
     130                    $C$DW$26        .dwtag  DW_TAG_subprogram, DW_AT_name("GPIOPinConfigure")
     131                            .dwattr $C$DW$26, DW_AT_TI_symbol_name("GPIOPinConfigure")
     132                            .dwattr $C$DW$26, DW_AT_declaration
     133                            .dwattr $C$DW$26, DW_AT_external
     134                            .dwattr $C$DW$26, DW_AT_decl_file("E:/Dev/Ti/TivaWare/driverlib/gpio.h")
     135                            .dwattr $C$DW$26, DW_AT_decl_line(0x9f)
     136                            .dwattr $C$DW$26, DW_AT_decl_column(0x0d)
     137                    $C$DW$27        .dwtag  DW_TAG_formal_parameter
     138                            .dwattr $C$DW$27, DW_AT_type(*$C$DW$T$23)
     139                            .dwendtag $C$DW$26
     140                    
     141                    
     142                    $C$DW$28        .dwtag  DW_TAG_subprogram, DW_AT_name("GPIOPinTypeSSI")
     143                            .dwattr $C$DW$28, DW_AT_TI_symbol_name("GPIOPinTypeSSI")
     144                            .dwattr $C$DW$28, DW_AT_declaration
     145                            .dwattr $C$DW$28, DW_AT_external
     146                            .dwattr $C$DW$28, DW_AT_decl_file("E:/Dev/Ti/TivaWare/driverlib/gpio.h")
     147                            .dwattr $C$DW$28, DW_AT_decl_line(0xaf)
     148                            .dwattr $C$DW$28, DW_AT_decl_column(0x0d)
     149                    $C$DW$29        .dwtag  DW_TAG_formal_parameter
     150                            .dwattr $C$DW$29, DW_AT_type(*$C$DW$T$23)
     151                    $C$DW$30        .dwtag  DW_TAG_formal_parameter
     152                            .dwattr $C$DW$30, DW_AT_type(*$C$DW$T$33)
     153                            .dwendtag $C$DW$28
     154                    
     155                    
     156                    $C$DW$31        .dwtag  DW_TAG_subprogram, DW_AT_name("SysCtlPeripheralReset")
     157                            .dwattr $C$DW$31, DW_AT_TI_symbol_name("SysCtlPeripheralReset")
     158                            .dwattr $C$DW$31, DW_AT_declaration
     159                            .dwattr $C$DW$31, DW_AT_external
     160                            .dwattr $C$DW$31, DW_AT_decl_file("E:/Dev/Ti/TivaWare/driverlib/sysctl.h")
     161                            .dwattr $C$DW$31, DW_AT_decl_line(0x24d)
     162                            .dwattr $C$DW$31, DW_AT_decl_column(0x0d)
     163                    $C$DW$32        .dwtag  DW_TAG_formal_parameter
     164                            .dwattr $C$DW$32, DW_AT_type(*$C$DW$T$23)
     165                            .dwendtag $C$DW$31
TI ARM Assembler PC v5.2.5 Mon Nov 16 12:40:40 2015

Tools Copyright (c) 1996-2015 Texas Instruments Incorporated
tiva_ssi.asm                                                         PAGE    4

     166                    
     167                    
     168                    $C$DW$33        .dwtag  DW_TAG_subprogram, DW_AT_name("SysCtlPeripheralEnable")
     169                            .dwattr $C$DW$33, DW_AT_TI_symbol_name("SysCtlPeripheralEnable")
     170                            .dwattr $C$DW$33, DW_AT_declaration
     171                            .dwattr $C$DW$33, DW_AT_external
     172                            .dwattr $C$DW$33, DW_AT_decl_file("E:/Dev/Ti/TivaWare/driverlib/sysctl.h")
     173                            .dwattr $C$DW$33, DW_AT_decl_line(0x24e)
     174                            .dwattr $C$DW$33, DW_AT_decl_column(0x0d)
     175                    $C$DW$34        .dwtag  DW_TAG_formal_parameter
     176                            .dwattr $C$DW$34, DW_AT_type(*$C$DW$T$23)
     177                            .dwendtag $C$DW$33
     178                    
     179                    
     180                    $C$DW$35        .dwtag  DW_TAG_subprogram, DW_AT_name("SysCtlClockGet")
     181                            .dwattr $C$DW$35, DW_AT_TI_symbol_name("SysCtlClockGet")
     182                            .dwattr $C$DW$35, DW_AT_type(*$C$DW$T$23)
     183                            .dwattr $C$DW$35, DW_AT_declaration
     184                            .dwattr $C$DW$35, DW_AT_external
     185                            .dwattr $C$DW$35, DW_AT_decl_file("E:/Dev/Ti/TivaWare/driverlib/sysctl.h")
     186                            .dwattr $C$DW$35, DW_AT_decl_line(0x26c)
     187                            .dwattr $C$DW$35, DW_AT_decl_column(0x11)
     188                    ;       C:\ti\ccsv6\tools\compiler\ti-cgt-arm_5.2.5\bin\armacpia.exe -@C:\\Users\\DCOSAS~1.SAG\\AppDat
     189 00000000                   .sect   ".text:SSI_init"
     190                            .clink
     191                            .thumbfunc SSI_init
     192 00000000                   .thumb
     193                            .global SSI_init
     194                    
     195                    $C$DW$36        .dwtag  DW_TAG_subprogram, DW_AT_name("SSI_init")
     196                            .dwattr $C$DW$36, DW_AT_low_pc(SSI_init)
     197                            .dwattr $C$DW$36, DW_AT_high_pc(0x00)
     198                            .dwattr $C$DW$36, DW_AT_TI_symbol_name("SSI_init")
     199                            .dwattr $C$DW$36, DW_AT_external
     200                            .dwattr $C$DW$36, DW_AT_TI_begin_file("../tiva_ssi.c")
     201                            .dwattr $C$DW$36, DW_AT_TI_begin_line(0x15)
     202                            .dwattr $C$DW$36, DW_AT_TI_begin_column(0x06)
     203                            .dwattr $C$DW$36, DW_AT_decl_file("../tiva_ssi.c")
     204                            .dwattr $C$DW$36, DW_AT_decl_line(0x15)
     205                            .dwattr $C$DW$36, DW_AT_decl_column(0x06)
     206                            .dwattr $C$DW$36, DW_AT_TI_max_frame_size(0x18)
     207                            .dwpsn  file "../tiva_ssi.c",line 22,column 1,is_stmt,address SSI_init,isa 1
     208                    
     209                            .dwfde $C$DW$CIE, SSI_init
     210                    ;----------------------------------------------------------------------
     211                    ;  21 | void SSI_init()                                                        
     212                    ;  23 | uint32_t pui32DataRx[3];                                               
     213                    ;----------------------------------------------------------------------
     214                    
     215                    ;*****************************************************************************
     216                    ;* FUNCTION NAME: SSI_init                                                   *
     217                    ;*                                                                           *
     218                    ;*   Regs Modified     : A1,A2,A3,A4,V9,SP,LR,SR,D0,D0_hi,D1,D1_hi,D2,D2_hi, *
     219                    ;*                           D3,D3_hi,D4,D4_hi,D5,D5_hi,D6,D6_hi,D7,D7_hi,   *
     220                    ;*                           FPEXC,FPSCR                                     *
TI ARM Assembler PC v5.2.5 Mon Nov 16 12:40:40 2015

Tools Copyright (c) 1996-2015 Texas Instruments Incorporated
tiva_ssi.asm                                                         PAGE    5

     221                    ;*   Regs Used         : A1,A2,A3,A4,V9,SP,LR,SR,D0,D0_hi,D1,D1_hi,D2,D2_hi, *
     222                    ;*                           D3,D3_hi,D4,D4_hi,D5,D5_hi,D6,D6_hi,D7,D7_hi,   *
     223                    ;*                           FPEXC,FPSCR                                     *
     224                    ;*   Local Frame Size  : 8 Args + 12 Auto + 4 Save = 24 byte                 *
     225                    ;*****************************************************************************
     226 00000000           SSI_init:
     227                    ;* --------------------------------------------------------------------------*
     228                            .dwcfi  cfa_offset, 0
     229 00000000 B500              PUSH      {LR}                  ; [DPU_3_PIPE]  ; [ORIG 16-BIT INS]
     230                            .dwcfi  cfa_offset, 4
     231                            .dwcfi  save_reg_to_mem, 14, -4
     232 00000002 0D14F1AD          SUB       SP, SP, #20           ; [DPU_3_PIPE]  ; [KEEP 32-BIT INS]
     233                            .dwcfi  cfa_offset, 24
     234                    $C$DW$37        .dwtag  DW_TAG_variable, DW_AT_name("pui32DataRx")
     235                            .dwattr $C$DW$37, DW_AT_TI_symbol_name("pui32DataRx")
     236                            .dwattr $C$DW$37, DW_AT_type(*$C$DW$T$60)
     237                            .dwattr $C$DW$37, DW_AT_location[DW_OP_breg13 8]
     238                            .dwpsn  file "../tiva_ssi.c",line 24,column 2,is_stmt,isa 1
     239                    ;----------------------------------------------------------------------
     240                    ;  24 | SysCtlPeripheralReset(SYSCTL_PERIPH_SSI0);                             
     241                    ;----------------------------------------------------------------------
     242 00000006 481E              LDR       A1, $C$CON1           ; [DPU_3_PIPE] |24|  ; [ORIG 16-BIT INS]
     243                    $C$DW$38        .dwtag  DW_TAG_TI_branch
     244                            .dwattr $C$DW$38, DW_AT_low_pc(0x00)
     245                            .dwattr $C$DW$38, DW_AT_name("SysCtlPeripheralReset")
     246                            .dwattr $C$DW$38, DW_AT_TI_call
     247 00000008 FFFEF7FF!         BL        SysCtlPeripheralReset ; [DPU_3_PIPE] |24|  ; [KEEP 32-BIT INS]
     248                            ; CALL OCCURS {SysCtlPeripheralReset }  ; [] |24| 
     249                            .dwpsn  file "../tiva_ssi.c",line 25,column 2,is_stmt,isa 1
     250                    ;----------------------------------------------------------------------
     251                    ;  25 | SysCtlPeripheralEnable(SYSCTL_PERIPH_SSI0);                            
     252                    ;----------------------------------------------------------------------
     253 0000000c 481C              LDR       A1, $C$CON1           ; [DPU_3_PIPE] |25|  ; [ORIG 16-BIT INS]
     254                    $C$DW$39        .dwtag  DW_TAG_TI_branch
     255                            .dwattr $C$DW$39, DW_AT_low_pc(0x00)
     256                            .dwattr $C$DW$39, DW_AT_name("SysCtlPeripheralEnable")
     257                            .dwattr $C$DW$39, DW_AT_TI_call
     258 0000000e FFFEF7FF!         BL        SysCtlPeripheralEnable ; [DPU_3_PIPE] |25|  ; [KEEP 32-BIT INS]
     259                            ; CALL OCCURS {SysCtlPeripheralEnable }  ; [] |25| 
     260                            .dwpsn  file "../tiva_ssi.c",line 26,column 2,is_stmt,isa 1
     261                    ;----------------------------------------------------------------------
     262                    ;  26 | SSIDisable(SSI0_BASE);                                                 
     263                    ;----------------------------------------------------------------------
     264 00000012 481C              LDR       A1, $C$CON2           ; [DPU_3_PIPE] |26|  ; [ORIG 16-BIT INS]
     265                    $C$DW$40        .dwtag  DW_TAG_TI_branch
     266                            .dwattr $C$DW$40, DW_AT_low_pc(0x00)
     267                            .dwattr $C$DW$40, DW_AT_name("SSIDisable")
     268                            .dwattr $C$DW$40, DW_AT_TI_call
     269 00000014 FFFEF7FF!         BL        SSIDisable            ; [DPU_3_PIPE] |26|  ; [KEEP 32-BIT INS]
     270                            ; CALL OCCURS {SSIDisable }      ; [] |26| 
     271                            .dwpsn  file "../tiva_ssi.c",line 27,column 2,is_stmt,isa 1
     272                    ;----------------------------------------------------------------------
     273                    ;  27 | SysCtlPeripheralEnable(SYSCTL_PERIPH_GPIOA);                           
     274                    ;----------------------------------------------------------------------
     275 00000018 481B              LDR       A1, $C$CON3           ; [DPU_3_PIPE] |27|  ; [ORIG 16-BIT INS]
TI ARM Assembler PC v5.2.5 Mon Nov 16 12:40:40 2015

Tools Copyright (c) 1996-2015 Texas Instruments Incorporated
tiva_ssi.asm                                                         PAGE    6

     276                    $C$DW$41        .dwtag  DW_TAG_TI_branch
     277                            .dwattr $C$DW$41, DW_AT_low_pc(0x00)
     278                            .dwattr $C$DW$41, DW_AT_name("SysCtlPeripheralEnable")
     279                            .dwattr $C$DW$41, DW_AT_TI_call
     280 0000001a FFFEF7FF!         BL        SysCtlPeripheralEnable ; [DPU_3_PIPE] |27|  ; [KEEP 32-BIT INS]
     281                            ; CALL OCCURS {SysCtlPeripheralEnable }  ; [] |27| 
     282                            .dwpsn  file "../tiva_ssi.c",line 28,column 2,is_stmt,isa 1
     283                    ;----------------------------------------------------------------------
     284                    ;  28 | GPIOPinConfigure(GPIO_PA2_SSI0CLK);                                    
     285                    ;----------------------------------------------------------------------
     286 0000001e 0002F640          MOV       A1, #2050             ; [DPU_3_PIPE] |28|  ; [KEEP 32-BIT INS]
     287                    $C$DW$42        .dwtag  DW_TAG_TI_branch
     288                            .dwattr $C$DW$42, DW_AT_low_pc(0x00)
     289                            .dwattr $C$DW$42, DW_AT_name("GPIOPinConfigure")
     290                            .dwattr $C$DW$42, DW_AT_TI_call
     291 00000022 FFFEF7FF!         BL        GPIOPinConfigure      ; [DPU_3_PIPE] |28|  ; [KEEP 32-BIT INS]
     292                            ; CALL OCCURS {GPIOPinConfigure }  ; [] |28| 
     293                            .dwpsn  file "../tiva_ssi.c",line 29,column 2,is_stmt,isa 1
     294                    ;----------------------------------------------------------------------
     295                    ;  29 | GPIOPinConfigure(GPIO_PA3_SSI0FSS);                                    
     296                    ;----------------------------------------------------------------------
     297 00000026 4002F640          MOV       A1, #3074             ; [DPU_3_PIPE] |29|  ; [KEEP 32-BIT INS]
     298                    $C$DW$43        .dwtag  DW_TAG_TI_branch
     299                            .dwattr $C$DW$43, DW_AT_low_pc(0x00)
     300                            .dwattr $C$DW$43, DW_AT_name("GPIOPinConfigure")
     301                            .dwattr $C$DW$43, DW_AT_TI_call
     302 0000002a FFFEF7FF!         BL        GPIOPinConfigure      ; [DPU_3_PIPE] |29|  ; [KEEP 32-BIT INS]
     303                            ; CALL OCCURS {GPIOPinConfigure }  ; [] |29| 
     304                            .dwpsn  file "../tiva_ssi.c",line 30,column 2,is_stmt,isa 1
     305                    ;----------------------------------------------------------------------
     306                    ;  30 | GPIOPinConfigure(GPIO_PA4_SSI0RX);                                     
     307                    ;----------------------------------------------------------------------
     308 0000002e 0002F241          MOV       A1, #4098             ; [DPU_3_PIPE] |30|  ; [KEEP 32-BIT INS]
     309                    $C$DW$44        .dwtag  DW_TAG_TI_branch
     310                            .dwattr $C$DW$44, DW_AT_low_pc(0x00)
     311                            .dwattr $C$DW$44, DW_AT_name("GPIOPinConfigure")
     312                            .dwattr $C$DW$44, DW_AT_TI_call
     313 00000032 FFFEF7FF!         BL        GPIOPinConfigure      ; [DPU_3_PIPE] |30|  ; [KEEP 32-BIT INS]
     314                            ; CALL OCCURS {GPIOPinConfigure }  ; [] |30| 
     315                            .dwpsn  file "../tiva_ssi.c",line 31,column 2,is_stmt,isa 1
     316                    ;----------------------------------------------------------------------
     317                    ;  31 | GPIOPinConfigure(GPIO_PA5_SSI0TX);                                     
     318                    ;----------------------------------------------------------------------
     319 00000036 4002F241          MOV       A1, #5122             ; [DPU_3_PIPE] |31|  ; [KEEP 32-BIT INS]
     320                    $C$DW$45        .dwtag  DW_TAG_TI_branch
     321                            .dwattr $C$DW$45, DW_AT_low_pc(0x00)
     322                            .dwattr $C$DW$45, DW_AT_name("GPIOPinConfigure")
     323                            .dwattr $C$DW$45, DW_AT_TI_call
     324 0000003a FFFEF7FF!         BL        GPIOPinConfigure      ; [DPU_3_PIPE] |31|  ; [KEEP 32-BIT INS]
     325                            ; CALL OCCURS {GPIOPinConfigure }  ; [] |31| 
     326                            .dwpsn  file "../tiva_ssi.c",line 33,column 2,is_stmt,isa 1
     327                    ;----------------------------------------------------------------------
     328                    ;  33 | GPIOPinTypeSSI(GPIO_PORTA_BASE,GPIO_PIN_5|GPIO_PIN_4|GPIO_PIN_3|GPIO_PI
     329                    ;     | N_2);                                                                  
     330                    ;----------------------------------------------------------------------
TI ARM Assembler PC v5.2.5 Mon Nov 16 12:40:40 2015

Tools Copyright (c) 1996-2015 Texas Instruments Incorporated
tiva_ssi.asm                                                         PAGE    7

     331 0000003e 2040F04F          MOV       A1, #1073758208       ; [DPU_3_PIPE] |33|  ; [KEEP 32-BIT INS]
     332 00000042 213C              MOVS      A2, #60               ; [DPU_3_PIPE] |33|  ; [ORIG 16-BIT INS]
     333                    $C$DW$46        .dwtag  DW_TAG_TI_branch
     334                            .dwattr $C$DW$46, DW_AT_low_pc(0x00)
     335                            .dwattr $C$DW$46, DW_AT_name("GPIOPinTypeSSI")
     336                            .dwattr $C$DW$46, DW_AT_TI_call
     337 00000044 FFFEF7FF!         BL        GPIOPinTypeSSI        ; [DPU_3_PIPE] |33|  ; [KEEP 32-BIT INS]
     338                            ; CALL OCCURS {GPIOPinTypeSSI }  ; [] |33| 
     339                            .dwpsn  file "../tiva_ssi.c",line 34,column 2,is_stmt,isa 1
     340                    ;----------------------------------------------------------------------
     341                    ;  34 | SSIClockSourceSet(SSI0_BASE, SSI_CLOCK_SYSTEM);                        
     342                    ;----------------------------------------------------------------------
     343 00000048 480E              LDR       A1, $C$CON2           ; [DPU_3_PIPE] |34|  ; [ORIG 16-BIT INS]
     344 0000004a 2100              MOVS      A2, #0                ; [DPU_3_PIPE] |34|  ; [ORIG 16-BIT INS]
     345                    $C$DW$47        .dwtag  DW_TAG_TI_branch
     346                            .dwattr $C$DW$47, DW_AT_low_pc(0x00)
     347                            .dwattr $C$DW$47, DW_AT_name("SSIClockSourceSet")
     348                            .dwattr $C$DW$47, DW_AT_TI_call
     349 0000004c FFFEF7FF!         BL        SSIClockSourceSet     ; [DPU_3_PIPE] |34|  ; [KEEP 32-BIT INS]
     350                            ; CALL OCCURS {SSIClockSourceSet }  ; [] |34| 
     351                            .dwpsn  file "../tiva_ssi.c",line 35,column 2,is_stmt,isa 1
     352                    ;----------------------------------------------------------------------
     353                    ;  35 | SSIConfigSetExpClk(SSI0_BASE, SysCtlClockGet(), SSI_FRF_MOTO_MODE_0, SS
     354                    ;     | I_MODE_MASTER, 4000000, 8);                                            
     355                    ;----------------------------------------------------------------------
     356                    $C$DW$48        .dwtag  DW_TAG_TI_branch
     357                            .dwattr $C$DW$48, DW_AT_low_pc(0x00)
     358                            .dwattr $C$DW$48, DW_AT_name("SysCtlClockGet")
     359                            .dwattr $C$DW$48, DW_AT_TI_call
     360 00000050 FFFEF7FF!         BL        SysCtlClockGet        ; [DPU_3_PIPE] |35|  ; [KEEP 32-BIT INS]
     361                            ; CALL OCCURS {SysCtlClockGet }  ; [] |35| 
     362                    ;* --------------------------------------------------------------------------*
     363 00000054 4601              MOV       A2, A1                ; [DPU_3_PIPE] |35|  ; [ORIG 16-BIT INS]
     364 00000056 480D              LDR       A1, $C$CON4           ; [DPU_3_PIPE] |35|  ; [ORIG 16-BIT INS]
     365 00000058 9000              STR       A1, [SP, #0]          ; [DPU_3_PIPE] |35|  ; [ORIG 16-BIT INS]
     366 0000005a 2008              MOVS      A1, #8                ; [DPU_3_PIPE] |35|  ; [ORIG 16-BIT INS]
     367 0000005c 9001              STR       A1, [SP, #4]          ; [DPU_3_PIPE] |35|  ; [ORIG 16-BIT INS]
     368 0000005e 4809              LDR       A1, $C$CON2           ; [DPU_3_PIPE] |35|  ; [ORIG 16-BIT INS]
     369 00000060 2200              MOVS      A3, #0                ; [DPU_3_PIPE] |35|  ; [ORIG 16-BIT INS]
     370 00000062 2300              MOVS      A4, #0                ; [DPU_3_PIPE] |35|  ; [ORIG 16-BIT INS]
     371                    $C$DW$49        .dwtag  DW_TAG_TI_branch
     372                            .dwattr $C$DW$49, DW_AT_low_pc(0x00)
     373                            .dwattr $C$DW$49, DW_AT_name("SSIConfigSetExpClk")
     374                            .dwattr $C$DW$49, DW_AT_TI_call
     375 00000064 FFFEF7FF!         BL        SSIConfigSetExpClk    ; [DPU_3_PIPE] |35|  ; [KEEP 32-BIT INS]
     376                            ; CALL OCCURS {SSIConfigSetExpClk }  ; [] |35| 
     377                            .dwpsn  file "../tiva_ssi.c",line 36,column 2,is_stmt,isa 1
     378                    ;----------------------------------------------------------------------
     379                    ;  36 | SSIEnable(SSI0_BASE);                                                  
     380                    ;----------------------------------------------------------------------
     381 00000068 4806              LDR       A1, $C$CON2           ; [DPU_3_PIPE] |36|  ; [ORIG 16-BIT INS]
     382                    $C$DW$50        .dwtag  DW_TAG_TI_branch
     383                            .dwattr $C$DW$50, DW_AT_low_pc(0x00)
     384                            .dwattr $C$DW$50, DW_AT_name("SSIEnable")
     385                            .dwattr $C$DW$50, DW_AT_TI_call
TI ARM Assembler PC v5.2.5 Mon Nov 16 12:40:40 2015

Tools Copyright (c) 1996-2015 Texas Instruments Incorporated
tiva_ssi.asm                                                         PAGE    8

     386 0000006a FFFEF7FF!         BL        SSIEnable             ; [DPU_3_PIPE] |36|  ; [KEEP 32-BIT INS]
     387                            ; CALL OCCURS {SSIEnable }       ; [] |36| 
     388                            .dwpsn  file "../tiva_ssi.c",line 37,column 2,is_stmt,isa 1
     389                    ;----------------------------------------------------------------------
     390                    ;  37 | while(SSIDataGetNonBlocking(SSI0_BASE, &pui32DataRx[0]))               
     391                    ;----------------------------------------------------------------------
     392                    ;* --------------------------------------------------------------------------*
     393                    ;*   BEGIN LOOP ||$C$L1||
     394                    ;*
     395                    ;*   Loop source line                : 37
     396                    ;*   Loop closing brace source line  : 39
     397                    ;*   Known Minimum Trip Count        : 1
     398                    ;*   Known Maximum Trip Count        : 4294967295
     399                    ;*   Known Max Trip Count Factor     : 1
     400                    ;* --------------------------------------------------------------------------*
     401 0000006e           ||$C$L1||:    
     402 0000006e 4805              LDR       A1, $C$CON2           ; [DPU_3_PIPE] |37|  ; [ORIG 16-BIT INS]
     403 00000070 A902              ADD       A2, SP, #8            ; [DPU_3_PIPE] |37|  ; [ORIG 16-BIT INS]
     404                    $C$DW$51        .dwtag  DW_TAG_TI_branch
     405                            .dwattr $C$DW$51, DW_AT_low_pc(0x00)
     406                            .dwattr $C$DW$51, DW_AT_name("SSIDataGetNonBlocking")
     407                            .dwattr $C$DW$51, DW_AT_TI_call
     408 00000072 FFFEF7FF!         BL        SSIDataGetNonBlocking ; [DPU_3_PIPE] |37|  ; [KEEP 32-BIT INS]
     409                            ; CALL OCCURS {SSIDataGetNonBlocking }  ; [] |37| 
     410 00000076 2800              CMP       A1, #0                ; [DPU_3_PIPE] |37|  ; [ORIG 16-BIT INS]
     411 00000078 D1F9              BNE       ||$C$L1||             ; [DPU_3_PIPE] |37|  ; [ORIG 16-BIT INS]
     412                            ; BRANCHCC OCCURS {||$C$L1||}    ; [] |37| 
     413                    ;* --------------------------------------------------------------------------*
     414                            .dwpsn  file "../tiva_ssi.c",line 40,column 1,is_stmt,isa 1
     415 0000007a B005              ADD       SP, SP, #20           ; [DPU_3_PIPE]  ; [ORIG 16-BIT INS]
     416                            .dwcfi  cfa_offset, 4
     417                    $C$DW$52        .dwtag  DW_TAG_TI_branch
     418                            .dwattr $C$DW$52, DW_AT_low_pc(0x00)
     419                            .dwattr $C$DW$52, DW_AT_TI_return
     420 0000007c BD00              POP       {PC}                  ; [DPU_3_PIPE]  ; [ORIG 16-BIT INS]
     421                            .dwcfi  cfa_offset, 0
     422                            ; BRANCH OCCURS                  ; [] 
     423                            .dwattr $C$DW$36, DW_AT_TI_end_file("../tiva_ssi.c")
     424                            .dwattr $C$DW$36, DW_AT_TI_end_line(0x28)
     425                            .dwattr $C$DW$36, DW_AT_TI_end_column(0x01)
     426                            .dwendentry
     427                            .dwendtag $C$DW$36
     428                    
     429 00000000                   .sect   ".text:SSI_write"
     430                            .clink
     431                            .thumbfunc SSI_write
     432 00000000                   .thumb
     433                            .global SSI_write
     434                    
     435                    $C$DW$53        .dwtag  DW_TAG_subprogram, DW_AT_name("SSI_write")
     436                            .dwattr $C$DW$53, DW_AT_low_pc(SSI_write)
     437                            .dwattr $C$DW$53, DW_AT_high_pc(0x00)
     438                            .dwattr $C$DW$53, DW_AT_TI_symbol_name("SSI_write")
     439                            .dwattr $C$DW$53, DW_AT_external
     440                            .dwattr $C$DW$53, DW_AT_type(*$C$DW$T$33)
TI ARM Assembler PC v5.2.5 Mon Nov 16 12:40:40 2015

Tools Copyright (c) 1996-2015 Texas Instruments Incorporated
tiva_ssi.asm                                                         PAGE    9

     441                            .dwattr $C$DW$53, DW_AT_TI_begin_file("../tiva_ssi.c")
     442                            .dwattr $C$DW$53, DW_AT_TI_begin_line(0x2b)
     443                            .dwattr $C$DW$53, DW_AT_TI_begin_column(0x09)
     444                            .dwattr $C$DW$53, DW_AT_decl_file("../tiva_ssi.c")
     445                            .dwattr $C$DW$53, DW_AT_decl_line(0x2b)
     446                            .dwattr $C$DW$53, DW_AT_decl_column(0x09)
     447                            .dwattr $C$DW$53, DW_AT_TI_max_frame_size(0x10)
     448                            .dwpsn  file "../tiva_ssi.c",line 44,column 1,is_stmt,address SSI_write,isa 1
     449                    
     450                            .dwfde $C$DW$CIE, SSI_write
     451                    $C$DW$54        .dwtag  DW_TAG_formal_parameter, DW_AT_name("data32u")
     452                            .dwattr $C$DW$54, DW_AT_TI_symbol_name("data32u")
     453                            .dwattr $C$DW$54, DW_AT_type(*$C$DW$T$23)
     454                            .dwattr $C$DW$54, DW_AT_location[DW_OP_reg0]
     455                    ;----------------------------------------------------------------------
     456                    ;  43 | uint8_t SSI_write(uint32_t data32u)                                    
     457                    ;----------------------------------------------------------------------
     458                    
     459                    ;*****************************************************************************
     460                    ;* FUNCTION NAME: SSI_write                                                  *
     461                    ;*                                                                           *
     462                    ;*   Regs Modified     : A1,A2,A3,A4,V9,SP,LR,SR,D0,D0_hi,D1,D1_hi,D2,D2_hi, *
     463                    ;*                           D3,D3_hi,D4,D4_hi,D5,D5_hi,D6,D6_hi,D7,D7_hi,   *
     464                    ;*                           FPEXC,FPSCR                                     *
     465                    ;*   Regs Used         : A1,A2,A3,A4,V9,SP,LR,SR,D0,D0_hi,D1,D1_hi,D2,D2_hi, *
     466                    ;*                           D3,D3_hi,D4,D4_hi,D5,D5_hi,D6,D6_hi,D7,D7_hi,   *
     467                    ;*                           FPEXC,FPSCR                                     *
     468                    ;*   Local Frame Size  : 0 Args + 8 Auto + 4 Save = 12 byte                  *
     469                    ;*****************************************************************************
     470 00000000           SSI_write:
     471                    ;* --------------------------------------------------------------------------*
     472                            .dwcfi  cfa_offset, 0
     473 00000000 B50E              PUSH      {A2, A3, A4, LR}      ; [DPU_3_PIPE]  ; [ORIG 16-BIT INS]
     474                            .dwcfi  cfa_offset, 16
     475                            .dwcfi  save_reg_to_mem, 14, -4
     476                            .dwcfi  save_reg_to_mem, 3, -8
     477                            .dwcfi  save_reg_to_mem, 2, -12
     478                            .dwcfi  save_reg_to_mem, 1, -16
     479                    $C$DW$55        .dwtag  DW_TAG_variable, DW_AT_name("data32u")
     480                            .dwattr $C$DW$55, DW_AT_TI_symbol_name("data32u")
     481                            .dwattr $C$DW$55, DW_AT_type(*$C$DW$T$23)
     482                            .dwattr $C$DW$55, DW_AT_location[DW_OP_breg13 0]
     483                    $C$DW$56        .dwtag  DW_TAG_variable, DW_AT_name("data")
     484                            .dwattr $C$DW$56, DW_AT_TI_symbol_name("data")
     485                            .dwattr $C$DW$56, DW_AT_type(*$C$DW$T$23)
     486                            .dwattr $C$DW$56, DW_AT_location[DW_OP_breg13 4]
     487 00000002 9000              STR       A1, [SP, #0]          ; [DPU_3_PIPE] |44|  ; [ORIG 16-BIT INS]
     488                            .dwpsn  file "../tiva_ssi.c",line 45,column 16,is_stmt,isa 1
     489                    ;----------------------------------------------------------------------
     490                    ;  45 | uint32_t data = 0;                                                     
     491                    ;----------------------------------------------------------------------
     492 00000004 2000              MOVS      A1, #0                ; [DPU_3_PIPE] |45|  ; [ORIG 16-BIT INS]
     493 00000006 9001              STR       A1, [SP, #4]          ; [DPU_3_PIPE] |45|  ; [ORIG 16-BIT INS]
     494                            .dwpsn  file "../tiva_ssi.c",line 46,column 2,is_stmt,isa 1
     495                    ;----------------------------------------------------------------------
TI ARM Assembler PC v5.2.5 Mon Nov 16 12:40:40 2015

Tools Copyright (c) 1996-2015 Texas Instruments Incorporated
tiva_ssi.asm                                                         PAGE   10

     496                    ;  46 | SSIDataPut(SSI0_BASE, (uint8_t)data32u);                               
     497                    ;----------------------------------------------------------------------
     498 00000008 4808              LDR       A1, $C$CON5           ; [DPU_3_PIPE] |46|  ; [ORIG 16-BIT INS]
     499 0000000a 1000F89D          LDRB      A2, [SP, #0]          ; [DPU_3_PIPE] |46|  ; [KEEP 32-BIT INS]
     500                    $C$DW$57        .dwtag  DW_TAG_TI_branch
     501                            .dwattr $C$DW$57, DW_AT_low_pc(0x00)
     502                            .dwattr $C$DW$57, DW_AT_name("SSIDataPut")
     503                            .dwattr $C$DW$57, DW_AT_TI_call
     504 0000000e FFFEF7FF!         BL        SSIDataPut            ; [DPU_3_PIPE] |46|  ; [KEEP 32-BIT INS]
     505                            ; CALL OCCURS {SSIDataPut }      ; [] |46| 
     506                            .dwpsn  file "../tiva_ssi.c",line 47,column 2,is_stmt,isa 1
     507                    ;----------------------------------------------------------------------
     508                    ;  47 | while(SSIBusy(SSI0_BASE)){}                                            
     509                    ;----------------------------------------------------------------------
     510                    ;* --------------------------------------------------------------------------*
     511                    ;*   BEGIN LOOP ||$C$L2||
     512                    ;*
     513                    ;*   Loop source line                : 47
     514                    ;*   Loop closing brace source line  : 47
     515                    ;*   Known Minimum Trip Count        : 1
     516                    ;*   Known Maximum Trip Count        : 4294967295
     517                    ;*   Known Max Trip Count Factor     : 1
     518                    ;* --------------------------------------------------------------------------*
     519 00000012           ||$C$L2||:    
     520 00000012 4806              LDR       A1, $C$CON5           ; [DPU_3_PIPE] |47|  ; [ORIG 16-BIT INS]
     521                    $C$DW$58        .dwtag  DW_TAG_TI_branch
     522                            .dwattr $C$DW$58, DW_AT_low_pc(0x00)
     523                            .dwattr $C$DW$58, DW_AT_name("SSIBusy")
     524                            .dwattr $C$DW$58, DW_AT_TI_call
     525 00000014 FFFEF7FF!         BL        SSIBusy               ; [DPU_3_PIPE] |47|  ; [KEEP 32-BIT INS]
     526                            ; CALL OCCURS {SSIBusy }         ; [] |47| 
     527 00000018 2800              CMP       A1, #0                ; [DPU_3_PIPE] |47|  ; [ORIG 16-BIT INS]
     528 0000001a D1FA              BNE       ||$C$L2||             ; [DPU_3_PIPE] |47|  ; [ORIG 16-BIT INS]
     529                            ; BRANCHCC OCCURS {||$C$L2||}    ; [] |47| 
     530                    ;* --------------------------------------------------------------------------*
     531                            .dwpsn  file "../tiva_ssi.c",line 48,column 2,is_stmt,isa 1
     532                    ;----------------------------------------------------------------------
     533                    ;  48 | SSIDataGet(SSI0_BASE, &data);                                          
     534                    ;----------------------------------------------------------------------
     535 0000001c 4803              LDR       A1, $C$CON5           ; [DPU_3_PIPE] |48|  ; [ORIG 16-BIT INS]
     536 0000001e A901              ADD       A2, SP, #4            ; [DPU_3_PIPE] |48|  ; [ORIG 16-BIT INS]
     537                    $C$DW$59        .dwtag  DW_TAG_TI_branch
     538                            .dwattr $C$DW$59, DW_AT_low_pc(0x00)
     539                            .dwattr $C$DW$59, DW_AT_name("SSIDataGet")
     540                            .dwattr $C$DW$59, DW_AT_TI_call
     541 00000020 FFFEF7FF!         BL        SSIDataGet            ; [DPU_3_PIPE] |48|  ; [KEEP 32-BIT INS]
     542                            ; CALL OCCURS {SSIDataGet }      ; [] |48| 
     543                            .dwpsn  file "../tiva_ssi.c",line 49,column 2,is_stmt,isa 1
     544                    ;----------------------------------------------------------------------
     545                    ;  49 | return (uint8_t)data;                                                  
     546                    ;----------------------------------------------------------------------
     547 00000024 0004F89D          LDRB      A1, [SP, #4]          ; [DPU_3_PIPE] |49|  ; [KEEP 32-BIT INS]
     548                            .dwpsn  file "../tiva_ssi.c",line 50,column 1,is_stmt,isa 1
     549                    $C$DW$60        .dwtag  DW_TAG_TI_branch
     550                            .dwattr $C$DW$60, DW_AT_low_pc(0x00)
TI ARM Assembler PC v5.2.5 Mon Nov 16 12:40:40 2015

Tools Copyright (c) 1996-2015 Texas Instruments Incorporated
tiva_ssi.asm                                                         PAGE   11

     551                            .dwattr $C$DW$60, DW_AT_TI_return
     552 00000028 BD0E              POP       {A2, A3, A4, PC}      ; [DPU_3_PIPE]  ; [ORIG 16-BIT INS]
     553                            .dwcfi  cfa_offset, 0
     554                            ; BRANCH OCCURS                  ; [] 
     555                            .dwattr $C$DW$53, DW_AT_TI_end_file("../tiva_ssi.c")
     556                            .dwattr $C$DW$53, DW_AT_TI_end_line(0x32)
     557                            .dwattr $C$DW$53, DW_AT_TI_end_column(0x01)
     558                            .dwendentry
     559                            .dwendtag $C$DW$53
     560                    
     561                    ;******************************************************************************
     562                    ;* CONSTANT TABLE                                                             *
     563                    ;******************************************************************************
     564 0000007e                   .sect   ".text:SSI_init"
     565                            .align  4
     566 0000007e 1C0046C0  ||$C$CON1||:    .bits   -268428288,32
         00000082 0000F000 
     567                            .align  4
     568 00000082 8000F000  ||$C$CON2||:    .bits   1073774592,32
         00000086 00004000 
     569                            .align  4
     570 00000086 08004000  ||$C$CON3||:    .bits   -268433408,32
         0000008a 0000F000 
     571                            .align  4
     572 0000008a 0900F000  ||$C$CON4||:    .bits   4000000,32
         0000008e 0000003D 
     573                    ;******************************************************************************
     574                    ;* CONSTANT TABLE                                                             *
     575                    ;******************************************************************************
     576 0000002a                   .sect   ".text:SSI_write"
     577                            .align  4
     578 0000002a 800046C0  ||$C$CON5||:    .bits   1073774592,32
         0000002e 00004000 
     579                    ;*****************************************************************************
     580                    ;* UNDEFINED EXTERNAL REFERENCES                                             *
     581                    ;*****************************************************************************
     582                            .global SSIConfigSetExpClk
     583                            .global SSIDataGet
     584                            .global SSIDataGetNonBlocking
     585                            .global SSIDataPut
     586                            .global SSIDisable
     587                            .global SSIEnable
     588                            .global SSIBusy
     589                            .global SSIClockSourceSet
     590                            .global GPIOPinConfigure
     591                            .global GPIOPinTypeSSI
     592                            .global SysCtlPeripheralReset
     593                            .global SysCtlPeripheralEnable
     594                            .global SysCtlClockGet
     595                    
     596                    ;******************************************************************************
     597                    ;* BUILD ATTRIBUTES                                                           *
     598                    ;******************************************************************************
     599                            .battr "aeabi", Tag_File, 1, Tag_ABI_PCS_wchar_t(2)
     600                            .battr "aeabi", Tag_File, 1, Tag_ABI_FP_rounding(0)
TI ARM Assembler PC v5.2.5 Mon Nov 16 12:40:40 2015

Tools Copyright (c) 1996-2015 Texas Instruments Incorporated
tiva_ssi.asm                                                         PAGE   12

     601                            .battr "aeabi", Tag_File, 1, Tag_ABI_FP_denormal(0)
     602                            .battr "aeabi", Tag_File, 1, Tag_ABI_FP_exceptions(0)
     603                            .battr "aeabi", Tag_File, 1, Tag_ABI_FP_number_model(1)
     604                            .battr "aeabi", Tag_File, 1, Tag_ABI_enum_size(0)
     605                            .battr "aeabi", Tag_File, 1, Tag_ABI_optimization_goals(5)
     606                            .battr "aeabi", Tag_File, 1, Tag_ABI_FP_optimization_goals(0)
     607                            .battr "TI", Tag_File, 1, Tag_Bitfield_layout(2)
     608                            .battr "TI", Tag_File, 1, Tag_FP_interface(1)
     609                    
     610                    ;******************************************************************************
     611                    ;* TYPE INFORMATION                                                           *
     612                    ;******************************************************************************
     613                    
     614                    $C$DW$T$20      .dwtag  DW_TAG_structure_type
     615                            .dwattr $C$DW$T$20, DW_AT_byte_size(0x18)
     616                    $C$DW$61        .dwtag  DW_TAG_member
     617                            .dwattr $C$DW$61, DW_AT_type(*$C$DW$T$10)
     618                            .dwattr $C$DW$61, DW_AT_name("fd")
     619                            .dwattr $C$DW$61, DW_AT_TI_symbol_name("fd")
     620                            .dwattr $C$DW$61, DW_AT_data_member_location[DW_OP_plus_uconst 0x0]
     621                            .dwattr $C$DW$61, DW_AT_accessibility(DW_ACCESS_public)
     622                            .dwattr $C$DW$61, DW_AT_decl_file("C:/ti/ccsv6/tools/compiler/ti-cgt-arm_5.2.5/include/stdio.h
     623                            .dwattr $C$DW$61, DW_AT_decl_line(0x5c)
     624                            .dwattr $C$DW$61, DW_AT_decl_column(0x0b)
     625                    $C$DW$62        .dwtag  DW_TAG_member
     626                            .dwattr $C$DW$62, DW_AT_type(*$C$DW$T$19)
     627                            .dwattr $C$DW$62, DW_AT_name("buf")
     628                            .dwattr $C$DW$62, DW_AT_TI_symbol_name("buf")
     629                            .dwattr $C$DW$62, DW_AT_data_member_location[DW_OP_plus_uconst 0x4]
     630                            .dwattr $C$DW$62, DW_AT_accessibility(DW_ACCESS_public)
     631                            .dwattr $C$DW$62, DW_AT_decl_file("C:/ti/ccsv6/tools/compiler/ti-cgt-arm_5.2.5/include/stdio.h
     632                            .dwattr $C$DW$62, DW_AT_decl_line(0x5d)
     633                            .dwattr $C$DW$62, DW_AT_decl_column(0x16)
     634                    $C$DW$63        .dwtag  DW_TAG_member
     635                            .dwattr $C$DW$63, DW_AT_type(*$C$DW$T$19)
     636                            .dwattr $C$DW$63, DW_AT_name("pos")
     637                            .dwattr $C$DW$63, DW_AT_TI_symbol_name("pos")
     638                            .dwattr $C$DW$63, DW_AT_data_member_location[DW_OP_plus_uconst 0x8]
     639                            .dwattr $C$DW$63, DW_AT_accessibility(DW_ACCESS_public)
     640                            .dwattr $C$DW$63, DW_AT_decl_file("C:/ti/ccsv6/tools/compiler/ti-cgt-arm_5.2.5/include/stdio.h
     641                            .dwattr $C$DW$63, DW_AT_decl_line(0x5e)
     642                            .dwattr $C$DW$63, DW_AT_decl_column(0x16)
     643                    $C$DW$64        .dwtag  DW_TAG_member
     644                            .dwattr $C$DW$64, DW_AT_type(*$C$DW$T$19)
     645                            .dwattr $C$DW$64, DW_AT_name("bufend")
     646                            .dwattr $C$DW$64, DW_AT_TI_symbol_name("bufend")
     647                            .dwattr $C$DW$64, DW_AT_data_member_location[DW_OP_plus_uconst 0xc]
     648                            .dwattr $C$DW$64, DW_AT_accessibility(DW_ACCESS_public)
     649                            .dwattr $C$DW$64, DW_AT_decl_file("C:/ti/ccsv6/tools/compiler/ti-cgt-arm_5.2.5/include/stdio.h
     650                            .dwattr $C$DW$64, DW_AT_decl_line(0x5f)
     651                            .dwattr $C$DW$64, DW_AT_decl_column(0x16)
     652                    $C$DW$65        .dwtag  DW_TAG_member
     653                            .dwattr $C$DW$65, DW_AT_type(*$C$DW$T$19)
     654                            .dwattr $C$DW$65, DW_AT_name("buff_stop")
     655                            .dwattr $C$DW$65, DW_AT_TI_symbol_name("buff_stop")
TI ARM Assembler PC v5.2.5 Mon Nov 16 12:40:40 2015

Tools Copyright (c) 1996-2015 Texas Instruments Incorporated
tiva_ssi.asm                                                         PAGE   13

     656                            .dwattr $C$DW$65, DW_AT_data_member_location[DW_OP_plus_uconst 0x10]
     657                            .dwattr $C$DW$65, DW_AT_accessibility(DW_ACCESS_public)
     658                            .dwattr $C$DW$65, DW_AT_decl_file("C:/ti/ccsv6/tools/compiler/ti-cgt-arm_5.2.5/include/stdio.h
     659                            .dwattr $C$DW$65, DW_AT_decl_line(0x60)
     660                            .dwattr $C$DW$65, DW_AT_decl_column(0x16)
     661                    $C$DW$66        .dwtag  DW_TAG_member
     662                            .dwattr $C$DW$66, DW_AT_type(*$C$DW$T$11)
     663                            .dwattr $C$DW$66, DW_AT_name("flags")
     664                            .dwattr $C$DW$66, DW_AT_TI_symbol_name("flags")
     665                            .dwattr $C$DW$66, DW_AT_data_member_location[DW_OP_plus_uconst 0x14]
     666                            .dwattr $C$DW$66, DW_AT_accessibility(DW_ACCESS_public)
     667                            .dwattr $C$DW$66, DW_AT_decl_file("C:/ti/ccsv6/tools/compiler/ti-cgt-arm_5.2.5/include/stdio.h
     668                            .dwattr $C$DW$66, DW_AT_decl_line(0x61)
     669                            .dwattr $C$DW$66, DW_AT_decl_column(0x16)
     670                            .dwendtag $C$DW$T$20
     671                    
     672                            .dwattr $C$DW$T$20, DW_AT_decl_file("C:/ti/ccsv6/tools/compiler/ti-cgt-arm_5.2.5/include/stdio
     673                            .dwattr $C$DW$T$20, DW_AT_decl_line(0x5b)
     674                            .dwattr $C$DW$T$20, DW_AT_decl_column(0x10)
     675                    $C$DW$T$22      .dwtag  DW_TAG_typedef, DW_AT_name("FILE")
     676                            .dwattr $C$DW$T$22, DW_AT_type(*$C$DW$T$20)
     677                            .dwattr $C$DW$T$22, DW_AT_language(DW_LANG_C)
     678                            .dwattr $C$DW$T$22, DW_AT_decl_file("C:/ti/ccsv6/tools/compiler/ti-cgt-arm_5.2.5/include/stdio
     679                            .dwattr $C$DW$T$22, DW_AT_decl_line(0x62)
     680                            .dwattr $C$DW$T$22, DW_AT_decl_column(0x03)
     681                    $C$DW$T$2       .dwtag  DW_TAG_unspecified_type
     682                            .dwattr $C$DW$T$2, DW_AT_name("void")
     683                    $C$DW$T$3       .dwtag  DW_TAG_pointer_type
     684                            .dwattr $C$DW$T$3, DW_AT_type(*$C$DW$T$2)
     685                            .dwattr $C$DW$T$3, DW_AT_address_class(0x20)
     686                    $C$DW$T$4       .dwtag  DW_TAG_base_type
     687                            .dwattr $C$DW$T$4, DW_AT_encoding(DW_ATE_boolean)
     688                            .dwattr $C$DW$T$4, DW_AT_name("bool")
     689                            .dwattr $C$DW$T$4, DW_AT_byte_size(0x01)
     690                    $C$DW$T$5       .dwtag  DW_TAG_base_type
     691                            .dwattr $C$DW$T$5, DW_AT_encoding(DW_ATE_signed_char)
     692                            .dwattr $C$DW$T$5, DW_AT_name("signed char")
     693                            .dwattr $C$DW$T$5, DW_AT_byte_size(0x01)
     694                    $C$DW$T$37      .dwtag  DW_TAG_typedef, DW_AT_name("int8_t")
     695                            .dwattr $C$DW$T$37, DW_AT_type(*$C$DW$T$5)
     696                            .dwattr $C$DW$T$37, DW_AT_language(DW_LANG_C)
     697                            .dwattr $C$DW$T$37, DW_AT_decl_file("C:/ti/ccsv6/tools/compiler/ti-cgt-arm_5.2.5/include/stdin
     698                            .dwattr $C$DW$T$37, DW_AT_decl_line(0x2a)
     699                            .dwattr $C$DW$T$37, DW_AT_decl_column(0x1d)
     700                    $C$DW$T$38      .dwtag  DW_TAG_typedef, DW_AT_name("int_least8_t")
     701                            .dwattr $C$DW$T$38, DW_AT_type(*$C$DW$T$37)
     702                            .dwattr $C$DW$T$38, DW_AT_language(DW_LANG_C)
     703                            .dwattr $C$DW$T$38, DW_AT_decl_file("C:/ti/ccsv6/tools/compiler/ti-cgt-arm_5.2.5/include/stdin
     704                            .dwattr $C$DW$T$38, DW_AT_decl_line(0x37)
     705                            .dwattr $C$DW$T$38, DW_AT_decl_column(0x17)
     706                    $C$DW$T$6       .dwtag  DW_TAG_base_type
     707                            .dwattr $C$DW$T$6, DW_AT_encoding(DW_ATE_unsigned_char)
     708                            .dwattr $C$DW$T$6, DW_AT_name("unsigned char")
     709                            .dwattr $C$DW$T$6, DW_AT_byte_size(0x01)
     710                    $C$DW$T$19      .dwtag  DW_TAG_pointer_type
TI ARM Assembler PC v5.2.5 Mon Nov 16 12:40:40 2015

Tools Copyright (c) 1996-2015 Texas Instruments Incorporated
tiva_ssi.asm                                                         PAGE   14

     711                            .dwattr $C$DW$T$19, DW_AT_type(*$C$DW$T$6)
     712                            .dwattr $C$DW$T$19, DW_AT_address_class(0x20)
     713                    $C$DW$T$33      .dwtag  DW_TAG_typedef, DW_AT_name("uint8_t")
     714                            .dwattr $C$DW$T$33, DW_AT_type(*$C$DW$T$6)
     715                            .dwattr $C$DW$T$33, DW_AT_language(DW_LANG_C)
     716                            .dwattr $C$DW$T$33, DW_AT_decl_file("C:/ti/ccsv6/tools/compiler/ti-cgt-arm_5.2.5/include/stdin
     717                            .dwattr $C$DW$T$33, DW_AT_decl_line(0x2b)
     718                            .dwattr $C$DW$T$33, DW_AT_decl_column(0x1c)
     719                    $C$DW$T$40      .dwtag  DW_TAG_typedef, DW_AT_name("uint_least8_t")
     720                            .dwattr $C$DW$T$40, DW_AT_type(*$C$DW$T$33)
     721                            .dwattr $C$DW$T$40, DW_AT_language(DW_LANG_C)
     722                            .dwattr $C$DW$T$40, DW_AT_decl_file("C:/ti/ccsv6/tools/compiler/ti-cgt-arm_5.2.5/include/stdin
     723                            .dwattr $C$DW$T$40, DW_AT_decl_line(0x38)
     724                            .dwattr $C$DW$T$40, DW_AT_decl_column(0x16)
     725                    $C$DW$T$7       .dwtag  DW_TAG_base_type
     726                            .dwattr $C$DW$T$7, DW_AT_encoding(DW_ATE_signed_char)
     727                            .dwattr $C$DW$T$7, DW_AT_name("wchar_t")
     728                            .dwattr $C$DW$T$7, DW_AT_byte_size(0x02)
     729                    $C$DW$T$8       .dwtag  DW_TAG_base_type
     730                            .dwattr $C$DW$T$8, DW_AT_encoding(DW_ATE_signed)
     731                            .dwattr $C$DW$T$8, DW_AT_name("short")
     732                            .dwattr $C$DW$T$8, DW_AT_byte_size(0x02)
     733                    $C$DW$T$41      .dwtag  DW_TAG_typedef, DW_AT_name("int16_t")
     734                            .dwattr $C$DW$T$41, DW_AT_type(*$C$DW$T$8)
     735                            .dwattr $C$DW$T$41, DW_AT_language(DW_LANG_C)
     736                            .dwattr $C$DW$T$41, DW_AT_decl_file("C:/ti/ccsv6/tools/compiler/ti-cgt-arm_5.2.5/include/stdin
     737                            .dwattr $C$DW$T$41, DW_AT_decl_line(0x2c)
     738                            .dwattr $C$DW$T$41, DW_AT_decl_column(0x1d)
     739                    $C$DW$T$42      .dwtag  DW_TAG_typedef, DW_AT_name("int_least16_t")
     740                            .dwattr $C$DW$T$42, DW_AT_type(*$C$DW$T$41)
     741                            .dwattr $C$DW$T$42, DW_AT_language(DW_LANG_C)
     742                            .dwattr $C$DW$T$42, DW_AT_decl_file("C:/ti/ccsv6/tools/compiler/ti-cgt-arm_5.2.5/include/stdin
     743                            .dwattr $C$DW$T$42, DW_AT_decl_line(0x3a)
     744                            .dwattr $C$DW$T$42, DW_AT_decl_column(0x17)
     745                    $C$DW$T$9       .dwtag  DW_TAG_base_type
     746                            .dwattr $C$DW$T$9, DW_AT_encoding(DW_ATE_unsigned)
     747                            .dwattr $C$DW$T$9, DW_AT_name("unsigned short")
     748                            .dwattr $C$DW$T$9, DW_AT_byte_size(0x02)
     749                    $C$DW$T$43      .dwtag  DW_TAG_typedef, DW_AT_name("_Wchart")
     750                            .dwattr $C$DW$T$43, DW_AT_type(*$C$DW$T$9)
     751                            .dwattr $C$DW$T$43, DW_AT_language(DW_LANG_C)
     752                            .dwattr $C$DW$T$43, DW_AT_decl_file("C:/ti/ccsv6/tools/compiler/ti-cgt-arm_5.2.5/include/yvals
     753                            .dwattr $C$DW$T$43, DW_AT_decl_line(0x1e5)
     754                            .dwattr $C$DW$T$43, DW_AT_decl_column(0x21)
     755                    $C$DW$T$44      .dwtag  DW_TAG_typedef, DW_AT_name("_Wintt")
     756                            .dwattr $C$DW$T$44, DW_AT_type(*$C$DW$T$9)
     757                            .dwattr $C$DW$T$44, DW_AT_language(DW_LANG_C)
     758                            .dwattr $C$DW$T$44, DW_AT_decl_file("C:/ti/ccsv6/tools/compiler/ti-cgt-arm_5.2.5/include/yvals
     759                            .dwattr $C$DW$T$44, DW_AT_decl_line(0x1e6)
     760                            .dwattr $C$DW$T$44, DW_AT_decl_column(0x21)
     761                    $C$DW$T$45      .dwtag  DW_TAG_typedef, DW_AT_name("uint16_t")
     762                            .dwattr $C$DW$T$45, DW_AT_type(*$C$DW$T$9)
     763                            .dwattr $C$DW$T$45, DW_AT_language(DW_LANG_C)
     764                            .dwattr $C$DW$T$45, DW_AT_decl_file("C:/ti/ccsv6/tools/compiler/ti-cgt-arm_5.2.5/include/stdin
     765                            .dwattr $C$DW$T$45, DW_AT_decl_line(0x2d)
TI ARM Assembler PC v5.2.5 Mon Nov 16 12:40:40 2015

Tools Copyright (c) 1996-2015 Texas Instruments Incorporated
tiva_ssi.asm                                                         PAGE   15

     766                            .dwattr $C$DW$T$45, DW_AT_decl_column(0x1c)
     767                    $C$DW$T$46      .dwtag  DW_TAG_typedef, DW_AT_name("uint_least16_t")
     768                            .dwattr $C$DW$T$46, DW_AT_type(*$C$DW$T$45)
     769                            .dwattr $C$DW$T$46, DW_AT_language(DW_LANG_C)
     770                            .dwattr $C$DW$T$46, DW_AT_decl_file("C:/ti/ccsv6/tools/compiler/ti-cgt-arm_5.2.5/include/stdin
     771                            .dwattr $C$DW$T$46, DW_AT_decl_line(0x3b)
     772                            .dwattr $C$DW$T$46, DW_AT_decl_column(0x16)
     773                    $C$DW$T$10      .dwtag  DW_TAG_base_type
     774                            .dwattr $C$DW$T$10, DW_AT_encoding(DW_ATE_signed)
     775                            .dwattr $C$DW$T$10, DW_AT_name("int")
     776                            .dwattr $C$DW$T$10, DW_AT_byte_size(0x04)
     777                    $C$DW$T$47      .dwtag  DW_TAG_typedef, DW_AT_name("_Ptrdifft")
     778                            .dwattr $C$DW$T$47, DW_AT_type(*$C$DW$T$10)
     779                            .dwattr $C$DW$T$47, DW_AT_language(DW_LANG_C)
     780                            .dwattr $C$DW$T$47, DW_AT_decl_file("C:/ti/ccsv6/tools/compiler/ti-cgt-arm_5.2.5/include/yvals
     781                            .dwattr $C$DW$T$47, DW_AT_decl_line(0xa9)
     782                            .dwattr $C$DW$T$47, DW_AT_decl_column(0x1e)
     783                    $C$DW$T$48      .dwtag  DW_TAG_typedef, DW_AT_name("int32_t")
     784                            .dwattr $C$DW$T$48, DW_AT_type(*$C$DW$T$10)
     785                            .dwattr $C$DW$T$48, DW_AT_language(DW_LANG_C)
     786                            .dwattr $C$DW$T$48, DW_AT_decl_file("C:/ti/ccsv6/tools/compiler/ti-cgt-arm_5.2.5/include/stdin
     787                            .dwattr $C$DW$T$48, DW_AT_decl_line(0x2e)
     788                            .dwattr $C$DW$T$48, DW_AT_decl_column(0x1d)
     789                    $C$DW$T$51      .dwtag  DW_TAG_typedef, DW_AT_name("int_fast16_t")
     790                            .dwattr $C$DW$T$51, DW_AT_type(*$C$DW$T$48)
     791                            .dwattr $C$DW$T$51, DW_AT_language(DW_LANG_C)
     792                            .dwattr $C$DW$T$51, DW_AT_decl_file("C:/ti/ccsv6/tools/compiler/ti-cgt-arm_5.2.5/include/stdin
     793                            .dwattr $C$DW$T$51, DW_AT_decl_line(0x47)
     794                            .dwattr $C$DW$T$51, DW_AT_decl_column(0x17)
     795                    $C$DW$T$52      .dwtag  DW_TAG_typedef, DW_AT_name("int_fast32_t")
     796                            .dwattr $C$DW$T$52, DW_AT_type(*$C$DW$T$48)
     797                            .dwattr $C$DW$T$52, DW_AT_language(DW_LANG_C)
     798                            .dwattr $C$DW$T$52, DW_AT_decl_file("C:/ti/ccsv6/tools/compiler/ti-cgt-arm_5.2.5/include/stdin
     799                            .dwattr $C$DW$T$52, DW_AT_decl_line(0x4a)
     800                            .dwattr $C$DW$T$52, DW_AT_decl_column(0x17)
     801                    $C$DW$T$53      .dwtag  DW_TAG_typedef, DW_AT_name("int_fast8_t")
     802                            .dwattr $C$DW$T$53, DW_AT_type(*$C$DW$T$48)
     803                            .dwattr $C$DW$T$53, DW_AT_language(DW_LANG_C)
     804                            .dwattr $C$DW$T$53, DW_AT_decl_file("C:/ti/ccsv6/tools/compiler/ti-cgt-arm_5.2.5/include/stdin
     805                            .dwattr $C$DW$T$53, DW_AT_decl_line(0x45)
     806                            .dwattr $C$DW$T$53, DW_AT_decl_column(0x17)
     807                    $C$DW$T$54      .dwtag  DW_TAG_typedef, DW_AT_name("int_least32_t")
     808                            .dwattr $C$DW$T$54, DW_AT_type(*$C$DW$T$48)
     809                            .dwattr $C$DW$T$54, DW_AT_language(DW_LANG_C)
     810                            .dwattr $C$DW$T$54, DW_AT_decl_file("C:/ti/ccsv6/tools/compiler/ti-cgt-arm_5.2.5/include/stdin
     811                            .dwattr $C$DW$T$54, DW_AT_decl_line(0x3c)
     812                            .dwattr $C$DW$T$54, DW_AT_decl_column(0x17)
     813                    $C$DW$T$55      .dwtag  DW_TAG_typedef, DW_AT_name("intptr_t")
     814                            .dwattr $C$DW$T$55, DW_AT_type(*$C$DW$T$10)
     815                            .dwattr $C$DW$T$55, DW_AT_language(DW_LANG_C)
     816                            .dwattr $C$DW$T$55, DW_AT_decl_file("C:/ti/ccsv6/tools/compiler/ti-cgt-arm_5.2.5/include/stdin
     817                            .dwattr $C$DW$T$55, DW_AT_decl_line(0x52)
     818                            .dwattr $C$DW$T$55, DW_AT_decl_column(0x1a)
     819                    $C$DW$T$11      .dwtag  DW_TAG_base_type
     820                            .dwattr $C$DW$T$11, DW_AT_encoding(DW_ATE_unsigned)
TI ARM Assembler PC v5.2.5 Mon Nov 16 12:40:40 2015

Tools Copyright (c) 1996-2015 Texas Instruments Incorporated
tiva_ssi.asm                                                         PAGE   16

     821                            .dwattr $C$DW$T$11, DW_AT_name("unsigned int")
     822                            .dwattr $C$DW$T$11, DW_AT_byte_size(0x04)
     823                    $C$DW$T$56      .dwtag  DW_TAG_typedef, DW_AT_name("_Sizet")
     824                            .dwattr $C$DW$T$56, DW_AT_type(*$C$DW$T$11)
     825                            .dwattr $C$DW$T$56, DW_AT_language(DW_LANG_C)
     826                            .dwattr $C$DW$T$56, DW_AT_decl_file("C:/ti/ccsv6/tools/compiler/ti-cgt-arm_5.2.5/include/yvals
     827                            .dwattr $C$DW$T$56, DW_AT_decl_line(0xab)
     828                            .dwattr $C$DW$T$56, DW_AT_decl_column(0x1a)
     829                    $C$DW$T$57      .dwtag  DW_TAG_typedef, DW_AT_name("size_t")
     830                            .dwattr $C$DW$T$57, DW_AT_type(*$C$DW$T$11)
     831                            .dwattr $C$DW$T$57, DW_AT_language(DW_LANG_C)
     832                            .dwattr $C$DW$T$57, DW_AT_decl_file("C:/ti/ccsv6/tools/compiler/ti-cgt-arm_5.2.5/include/stdio
     833                            .dwattr $C$DW$T$57, DW_AT_decl_line(0x58)
     834                            .dwattr $C$DW$T$57, DW_AT_decl_column(0x19)
     835                    $C$DW$T$23      .dwtag  DW_TAG_typedef, DW_AT_name("uint32_t")
     836                            .dwattr $C$DW$T$23, DW_AT_type(*$C$DW$T$11)
     837                            .dwattr $C$DW$T$23, DW_AT_language(DW_LANG_C)
     838                            .dwattr $C$DW$T$23, DW_AT_decl_file("C:/ti/ccsv6/tools/compiler/ti-cgt-arm_5.2.5/include/stdin
     839                            .dwattr $C$DW$T$23, DW_AT_decl_line(0x2f)
     840                            .dwattr $C$DW$T$23, DW_AT_decl_column(0x1c)
     841                    $C$DW$T$26      .dwtag  DW_TAG_pointer_type
     842                            .dwattr $C$DW$T$26, DW_AT_type(*$C$DW$T$23)
     843                            .dwattr $C$DW$T$26, DW_AT_address_class(0x20)
     844                    
     845                    $C$DW$T$60      .dwtag  DW_TAG_array_type
     846                            .dwattr $C$DW$T$60, DW_AT_type(*$C$DW$T$23)
     847                            .dwattr $C$DW$T$60, DW_AT_language(DW_LANG_C)
     848                            .dwattr $C$DW$T$60, DW_AT_byte_size(0x0c)
     849                    $C$DW$67        .dwtag  DW_TAG_subrange_type
     850                            .dwattr $C$DW$67, DW_AT_upper_bound(0x02)
     851                            .dwendtag $C$DW$T$60
     852                    
     853                    $C$DW$T$61      .dwtag  DW_TAG_typedef, DW_AT_name("uint_fast16_t")
     854                            .dwattr $C$DW$T$61, DW_AT_type(*$C$DW$T$23)
     855                            .dwattr $C$DW$T$61, DW_AT_language(DW_LANG_C)
     856                            .dwattr $C$DW$T$61, DW_AT_decl_file("C:/ti/ccsv6/tools/compiler/ti-cgt-arm_5.2.5/include/stdin
     857                            .dwattr $C$DW$T$61, DW_AT_decl_line(0x48)
     858                            .dwattr $C$DW$T$61, DW_AT_decl_column(0x16)
     859                    $C$DW$T$62      .dwtag  DW_TAG_typedef, DW_AT_name("uint_fast32_t")
     860                            .dwattr $C$DW$T$62, DW_AT_type(*$C$DW$T$23)
     861                            .dwattr $C$DW$T$62, DW_AT_language(DW_LANG_C)
     862                            .dwattr $C$DW$T$62, DW_AT_decl_file("C:/ti/ccsv6/tools/compiler/ti-cgt-arm_5.2.5/include/stdin
     863                            .dwattr $C$DW$T$62, DW_AT_decl_line(0x4b)
     864                            .dwattr $C$DW$T$62, DW_AT_decl_column(0x16)
     865                    $C$DW$T$63      .dwtag  DW_TAG_typedef, DW_AT_name("uint_fast8_t")
     866                            .dwattr $C$DW$T$63, DW_AT_type(*$C$DW$T$23)
     867                            .dwattr $C$DW$T$63, DW_AT_language(DW_LANG_C)
     868                            .dwattr $C$DW$T$63, DW_AT_decl_file("C:/ti/ccsv6/tools/compiler/ti-cgt-arm_5.2.5/include/stdin
     869                            .dwattr $C$DW$T$63, DW_AT_decl_line(0x46)
     870                            .dwattr $C$DW$T$63, DW_AT_decl_column(0x16)
     871                    $C$DW$T$64      .dwtag  DW_TAG_typedef, DW_AT_name("uint_least32_t")
     872                            .dwattr $C$DW$T$64, DW_AT_type(*$C$DW$T$23)
     873                            .dwattr $C$DW$T$64, DW_AT_language(DW_LANG_C)
     874                            .dwattr $C$DW$T$64, DW_AT_decl_file("C:/ti/ccsv6/tools/compiler/ti-cgt-arm_5.2.5/include/stdin
     875                            .dwattr $C$DW$T$64, DW_AT_decl_line(0x3d)
TI ARM Assembler PC v5.2.5 Mon Nov 16 12:40:40 2015

Tools Copyright (c) 1996-2015 Texas Instruments Incorporated
tiva_ssi.asm                                                         PAGE   17

     876                            .dwattr $C$DW$T$64, DW_AT_decl_column(0x16)
     877                    $C$DW$T$65      .dwtag  DW_TAG_typedef, DW_AT_name("uintptr_t")
     878                            .dwattr $C$DW$T$65, DW_AT_type(*$C$DW$T$11)
     879                            .dwattr $C$DW$T$65, DW_AT_language(DW_LANG_C)
     880                            .dwattr $C$DW$T$65, DW_AT_decl_file("C:/ti/ccsv6/tools/compiler/ti-cgt-arm_5.2.5/include/stdin
     881                            .dwattr $C$DW$T$65, DW_AT_decl_line(0x53)
     882                            .dwattr $C$DW$T$65, DW_AT_decl_column(0x1a)
     883                    $C$DW$T$12      .dwtag  DW_TAG_base_type
     884                            .dwattr $C$DW$T$12, DW_AT_encoding(DW_ATE_signed)
     885                            .dwattr $C$DW$T$12, DW_AT_name("long")
     886                            .dwattr $C$DW$T$12, DW_AT_byte_size(0x04)
     887                    $C$DW$T$66      .dwtag  DW_TAG_typedef, DW_AT_name("_Int32t")
     888                            .dwattr $C$DW$T$66, DW_AT_type(*$C$DW$T$12)
     889                            .dwattr $C$DW$T$66, DW_AT_language(DW_LANG_C)
     890                            .dwattr $C$DW$T$66, DW_AT_decl_file("C:/ti/ccsv6/tools/compiler/ti-cgt-arm_5.2.5/include/yvals
     891                            .dwattr $C$DW$T$66, DW_AT_decl_line(0xa6)
     892                            .dwattr $C$DW$T$66, DW_AT_decl_column(0x0e)
     893                    $C$DW$T$67      .dwtag  DW_TAG_typedef, DW_AT_name("fpos_t")
     894                            .dwattr $C$DW$T$67, DW_AT_type(*$C$DW$T$12)
     895                            .dwattr $C$DW$T$67, DW_AT_language(DW_LANG_C)
     896                            .dwattr $C$DW$T$67, DW_AT_decl_file("C:/ti/ccsv6/tools/compiler/ti-cgt-arm_5.2.5/include/stdio
     897                            .dwattr $C$DW$T$67, DW_AT_decl_line(0x6e)
     898                            .dwattr $C$DW$T$67, DW_AT_decl_column(0x0e)
     899                    $C$DW$T$13      .dwtag  DW_TAG_base_type
     900                            .dwattr $C$DW$T$13, DW_AT_encoding(DW_ATE_unsigned)
     901                            .dwattr $C$DW$T$13, DW_AT_name("unsigned long")
     902                            .dwattr $C$DW$T$13, DW_AT_byte_size(0x04)
     903                    $C$DW$T$68      .dwtag  DW_TAG_typedef, DW_AT_name("_Uint32t")
     904                            .dwattr $C$DW$T$68, DW_AT_type(*$C$DW$T$13)
     905                            .dwattr $C$DW$T$68, DW_AT_language(DW_LANG_C)
     906                            .dwattr $C$DW$T$68, DW_AT_decl_file("C:/ti/ccsv6/tools/compiler/ti-cgt-arm_5.2.5/include/yvals
     907                            .dwattr $C$DW$T$68, DW_AT_decl_line(0xa7)
     908                            .dwattr $C$DW$T$68, DW_AT_decl_column(0x17)
     909                    $C$DW$T$14      .dwtag  DW_TAG_base_type
     910                            .dwattr $C$DW$T$14, DW_AT_encoding(DW_ATE_signed)
     911                            .dwattr $C$DW$T$14, DW_AT_name("long long")
     912                            .dwattr $C$DW$T$14, DW_AT_byte_size(0x08)
     913                    $C$DW$T$69      .dwtag  DW_TAG_typedef, DW_AT_name("_Longlong")
     914                            .dwattr $C$DW$T$69, DW_AT_type(*$C$DW$T$14)
     915                            .dwattr $C$DW$T$69, DW_AT_language(DW_LANG_C)
     916                            .dwattr $C$DW$T$69, DW_AT_decl_file("C:/ti/ccsv6/tools/compiler/ti-cgt-arm_5.2.5/include/yvals
     917                            .dwattr $C$DW$T$69, DW_AT_decl_line(0x1b5)
     918                            .dwattr $C$DW$T$69, DW_AT_decl_column(0x13)
     919                    $C$DW$T$70      .dwtag  DW_TAG_typedef, DW_AT_name("int64_t")
     920                            .dwattr $C$DW$T$70, DW_AT_type(*$C$DW$T$14)
     921                            .dwattr $C$DW$T$70, DW_AT_language(DW_LANG_C)
     922                            .dwattr $C$DW$T$70, DW_AT_decl_file("C:/ti/ccsv6/tools/compiler/ti-cgt-arm_5.2.5/include/stdin
     923                            .dwattr $C$DW$T$70, DW_AT_decl_line(0x32)
     924                            .dwattr $C$DW$T$70, DW_AT_decl_column(0x21)
     925                    $C$DW$T$71      .dwtag  DW_TAG_typedef, DW_AT_name("int_fast64_t")
     926                            .dwattr $C$DW$T$71, DW_AT_type(*$C$DW$T$70)
     927                            .dwattr $C$DW$T$71, DW_AT_language(DW_LANG_C)
     928                            .dwattr $C$DW$T$71, DW_AT_decl_file("C:/ti/ccsv6/tools/compiler/ti-cgt-arm_5.2.5/include/stdin
     929                            .dwattr $C$DW$T$71, DW_AT_decl_line(0x4e)
     930                            .dwattr $C$DW$T$71, DW_AT_decl_column(0x17)
TI ARM Assembler PC v5.2.5 Mon Nov 16 12:40:40 2015

Tools Copyright (c) 1996-2015 Texas Instruments Incorporated
tiva_ssi.asm                                                         PAGE   18

     931                    $C$DW$T$72      .dwtag  DW_TAG_typedef, DW_AT_name("int_least64_t")
     932                            .dwattr $C$DW$T$72, DW_AT_type(*$C$DW$T$70)
     933                            .dwattr $C$DW$T$72, DW_AT_language(DW_LANG_C)
     934                            .dwattr $C$DW$T$72, DW_AT_decl_file("C:/ti/ccsv6/tools/compiler/ti-cgt-arm_5.2.5/include/stdin
     935                            .dwattr $C$DW$T$72, DW_AT_decl_line(0x40)
     936                            .dwattr $C$DW$T$72, DW_AT_decl_column(0x17)
     937                    $C$DW$T$73      .dwtag  DW_TAG_typedef, DW_AT_name("intmax_t")
     938                            .dwattr $C$DW$T$73, DW_AT_type(*$C$DW$T$14)
     939                            .dwattr $C$DW$T$73, DW_AT_language(DW_LANG_C)
     940                            .dwattr $C$DW$T$73, DW_AT_decl_file("C:/ti/ccsv6/tools/compiler/ti-cgt-arm_5.2.5/include/stdin
     941                            .dwattr $C$DW$T$73, DW_AT_decl_line(0x56)
     942                            .dwattr $C$DW$T$73, DW_AT_decl_column(0x20)
     943                    $C$DW$T$15      .dwtag  DW_TAG_base_type
     944                            .dwattr $C$DW$T$15, DW_AT_encoding(DW_ATE_unsigned)
     945                            .dwattr $C$DW$T$15, DW_AT_name("unsigned long long")
     946                            .dwattr $C$DW$T$15, DW_AT_byte_size(0x08)
     947                    $C$DW$T$74      .dwtag  DW_TAG_typedef, DW_AT_name("_ULonglong")
     948                            .dwattr $C$DW$T$74, DW_AT_type(*$C$DW$T$15)
     949                            .dwattr $C$DW$T$74, DW_AT_language(DW_LANG_C)
     950                            .dwattr $C$DW$T$74, DW_AT_decl_file("C:/ti/ccsv6/tools/compiler/ti-cgt-arm_5.2.5/include/yvals
     951                            .dwattr $C$DW$T$74, DW_AT_decl_line(0x1b6)
     952                            .dwattr $C$DW$T$74, DW_AT_decl_column(0x14)
     953                    $C$DW$T$75      .dwtag  DW_TAG_typedef, DW_AT_name("uint64_t")
     954                            .dwattr $C$DW$T$75, DW_AT_type(*$C$DW$T$15)
     955                            .dwattr $C$DW$T$75, DW_AT_language(DW_LANG_C)
     956                            .dwattr $C$DW$T$75, DW_AT_decl_file("C:/ti/ccsv6/tools/compiler/ti-cgt-arm_5.2.5/include/stdin
     957                            .dwattr $C$DW$T$75, DW_AT_decl_line(0x33)
     958                            .dwattr $C$DW$T$75, DW_AT_decl_column(0x20)
     959                    $C$DW$T$76      .dwtag  DW_TAG_typedef, DW_AT_name("uint_fast64_t")
     960                            .dwattr $C$DW$T$76, DW_AT_type(*$C$DW$T$75)
     961                            .dwattr $C$DW$T$76, DW_AT_language(DW_LANG_C)
     962                            .dwattr $C$DW$T$76, DW_AT_decl_file("C:/ti/ccsv6/tools/compiler/ti-cgt-arm_5.2.5/include/stdin
     963                            .dwattr $C$DW$T$76, DW_AT_decl_line(0x4f)
     964                            .dwattr $C$DW$T$76, DW_AT_decl_column(0x16)
     965                    $C$DW$T$77      .dwtag  DW_TAG_typedef, DW_AT_name("uint_least64_t")
     966                            .dwattr $C$DW$T$77, DW_AT_type(*$C$DW$T$75)
     967                            .dwattr $C$DW$T$77, DW_AT_language(DW_LANG_C)
     968                            .dwattr $C$DW$T$77, DW_AT_decl_file("C:/ti/ccsv6/tools/compiler/ti-cgt-arm_5.2.5/include/stdin
     969                            .dwattr $C$DW$T$77, DW_AT_decl_line(0x41)
     970                            .dwattr $C$DW$T$77, DW_AT_decl_column(0x16)
     971                    $C$DW$T$78      .dwtag  DW_TAG_typedef, DW_AT_name("uintmax_t")
     972                            .dwattr $C$DW$T$78, DW_AT_type(*$C$DW$T$15)
     973                            .dwattr $C$DW$T$78, DW_AT_language(DW_LANG_C)
     974                            .dwattr $C$DW$T$78, DW_AT_decl_file("C:/ti/ccsv6/tools/compiler/ti-cgt-arm_5.2.5/include/stdin
     975                            .dwattr $C$DW$T$78, DW_AT_decl_line(0x57)
     976                            .dwattr $C$DW$T$78, DW_AT_decl_column(0x20)
     977                    $C$DW$T$16      .dwtag  DW_TAG_base_type
     978                            .dwattr $C$DW$T$16, DW_AT_encoding(DW_ATE_float)
     979                            .dwattr $C$DW$T$16, DW_AT_name("float")
     980                            .dwattr $C$DW$T$16, DW_AT_byte_size(0x04)
     981                    $C$DW$T$17      .dwtag  DW_TAG_base_type
     982                            .dwattr $C$DW$T$17, DW_AT_encoding(DW_ATE_float)
     983                            .dwattr $C$DW$T$17, DW_AT_name("double")
     984                            .dwattr $C$DW$T$17, DW_AT_byte_size(0x08)
     985                    $C$DW$T$18      .dwtag  DW_TAG_base_type
TI ARM Assembler PC v5.2.5 Mon Nov 16 12:40:40 2015

Tools Copyright (c) 1996-2015 Texas Instruments Incorporated
tiva_ssi.asm                                                         PAGE   19

     986                            .dwattr $C$DW$T$18, DW_AT_encoding(DW_ATE_float)
     987                            .dwattr $C$DW$T$18, DW_AT_name("long double")
     988                            .dwattr $C$DW$T$18, DW_AT_byte_size(0x08)
     989                    $C$DW$T$79      .dwtag  DW_TAG_base_type
     990                            .dwattr $C$DW$T$79, DW_AT_encoding(DW_ATE_unsigned_char)
     991                            .dwattr $C$DW$T$79, DW_AT_name("unsigned char")
     992                            .dwattr $C$DW$T$79, DW_AT_byte_size(0x01)
     993                    $C$DW$T$83      .dwtag  DW_TAG_typedef, DW_AT_name("_Sysch_t")
     994                            .dwattr $C$DW$T$83, DW_AT_type(*$C$DW$T$6)
     995                            .dwattr $C$DW$T$83, DW_AT_language(DW_LANG_C)
     996                            .dwattr $C$DW$T$83, DW_AT_decl_file("C:/ti/ccsv6/tools/compiler/ti-cgt-arm_5.2.5/include/yvals
     997                            .dwattr $C$DW$T$83, DW_AT_decl_line(0x218)
     998                            .dwattr $C$DW$T$83, DW_AT_decl_column(0x0e)
     999                    $C$DW$T$84      .dwtag  DW_TAG_pointer_type
    1000                            .dwattr $C$DW$T$84, DW_AT_type(*$C$DW$T$6)
    1001                            .dwattr $C$DW$T$84, DW_AT_address_class(0x20)
    1002                    $C$DW$T$85      .dwtag  DW_TAG_typedef, DW_AT_name("__builtin_va_list")
    1003                            .dwattr $C$DW$T$85, DW_AT_type(*$C$DW$T$84)
    1004                            .dwattr $C$DW$T$85, DW_AT_language(DW_LANG_C)
    1005                            .dwattr $C$DW$T$85, DW_AT_decl_file("../tiva_ssi.c")
    1006                            .dwattr $C$DW$T$85, DW_AT_decl_line(0x32)
    1007                            .dwattr $C$DW$T$85, DW_AT_decl_column(0x01)
    1008                    
    1009                    $C$DW$T$21      .dwtag  DW_TAG_structure_type
    1010                            .dwattr $C$DW$T$21, DW_AT_name("__va_list")
    1011                            .dwattr $C$DW$T$21, DW_AT_byte_size(0x04)
    1012                    $C$DW$68        .dwtag  DW_TAG_member
    1013                            .dwattr $C$DW$68, DW_AT_type(*$C$DW$T$3)
    1014                            .dwattr $C$DW$68, DW_AT_name("__ap")
    1015                            .dwattr $C$DW$68, DW_AT_TI_symbol_name("__ap")
    1016                            .dwattr $C$DW$68, DW_AT_data_member_location[DW_OP_plus_uconst 0x0]
    1017                            .dwattr $C$DW$68, DW_AT_accessibility(DW_ACCESS_public)
    1018                            .dwattr $C$DW$68, DW_AT_decl_file("C:/ti/ccsv6/tools/compiler/ti-cgt-arm_5.2.5/include/stdarg.
    1019                            .dwattr $C$DW$68, DW_AT_decl_line(0x36)
    1020                            .dwattr $C$DW$68, DW_AT_decl_column(0x0c)
    1021                            .dwendtag $C$DW$T$21
    1022                    
    1023                            .dwattr $C$DW$T$21, DW_AT_decl_file("C:/ti/ccsv6/tools/compiler/ti-cgt-arm_5.2.5/include/stdar
    1024                            .dwattr $C$DW$T$21, DW_AT_decl_line(0x35)
    1025                            .dwattr $C$DW$T$21, DW_AT_decl_column(0x10)
    1026                    $C$DW$T$86      .dwtag  DW_TAG_typedef, DW_AT_name("va_list")
    1027                            .dwattr $C$DW$T$86, DW_AT_type(*$C$DW$T$21)
    1028                            .dwattr $C$DW$T$86, DW_AT_language(DW_LANG_C)
    1029                            .dwattr $C$DW$T$86, DW_AT_decl_file("C:/ti/ccsv6/tools/compiler/ti-cgt-arm_5.2.5/include/stdar
    1030                            .dwattr $C$DW$T$86, DW_AT_decl_line(0x37)
    1031                            .dwattr $C$DW$T$86, DW_AT_decl_column(0x03)
    1032                    $C$DW$T$87      .dwtag  DW_TAG_typedef, DW_AT_name("_Va_list")
    1033                            .dwattr $C$DW$T$87, DW_AT_type(*$C$DW$T$86)
    1034                            .dwattr $C$DW$T$87, DW_AT_language(DW_LANG_C)
    1035                            .dwattr $C$DW$T$87, DW_AT_decl_file("C:/ti/ccsv6/tools/compiler/ti-cgt-arm_5.2.5/include/yvals
    1036                            .dwattr $C$DW$T$87, DW_AT_decl_line(0x1f6)
    1037                            .dwattr $C$DW$T$87, DW_AT_decl_column(0x17)
    1038                            .dwattr $C$DW$CU, DW_AT_language(DW_LANG_C)
    1039                    
    1040                    ;***************************************************************
TI ARM Assembler PC v5.2.5 Mon Nov 16 12:40:40 2015

Tools Copyright (c) 1996-2015 Texas Instruments Incorporated
tiva_ssi.asm                                                         PAGE   20

    1041                    ;* DWARF CIE ENTRIES                                           *
    1042                    ;***************************************************************
    1043                    
    1044                    $C$DW$CIE       .dwcie 14
    1045                            .dwcfi  cfa_register, 13
    1046                            .dwcfi  cfa_offset, 0
    1047                            .dwcfi  undefined, 0
    1048                            .dwcfi  undefined, 1
    1049                            .dwcfi  undefined, 2
    1050                            .dwcfi  undefined, 3
    1051                            .dwcfi  same_value, 4
    1052                            .dwcfi  same_value, 5
    1053                            .dwcfi  same_value, 6
    1054                            .dwcfi  same_value, 7
    1055                            .dwcfi  same_value, 8
    1056                            .dwcfi  same_value, 9
    1057                            .dwcfi  same_value, 10
    1058                            .dwcfi  same_value, 11
    1059                            .dwcfi  undefined, 12
    1060                            .dwcfi  undefined, 13
    1061                            .dwcfi  undefined, 14
    1062                            .dwcfi  undefined, 14
    1063                            .dwcfi  undefined, 7
    1064                            .dwcfi  undefined, 64
    1065                            .dwcfi  undefined, 65
    1066                            .dwcfi  undefined, 66
    1067                            .dwcfi  undefined, 67
    1068                            .dwcfi  undefined, 68
    1069                            .dwcfi  undefined, 69
    1070                            .dwcfi  undefined, 70
    1071                            .dwcfi  undefined, 71
    1072                            .dwcfi  undefined, 72
    1073                            .dwcfi  undefined, 73
    1074                            .dwcfi  undefined, 74
    1075                            .dwcfi  undefined, 75
    1076                            .dwcfi  undefined, 76
    1077                            .dwcfi  undefined, 77
    1078                            .dwcfi  undefined, 78
    1079                            .dwcfi  undefined, 79
    1080                            .dwcfi  same_value, 80
    1081                            .dwcfi  same_value, 81
    1082                            .dwcfi  same_value, 82
    1083                            .dwcfi  same_value, 83
    1084                            .dwcfi  same_value, 84
    1085                            .dwcfi  same_value, 85
    1086                            .dwcfi  same_value, 86
    1087                            .dwcfi  same_value, 87
    1088                            .dwcfi  same_value, 88
    1089                            .dwcfi  same_value, 89
    1090                            .dwcfi  same_value, 90
    1091                            .dwcfi  same_value, 91
    1092                            .dwcfi  same_value, 92
    1093                            .dwcfi  same_value, 93
    1094                            .dwcfi  same_value, 94
    1095                            .dwcfi  same_value, 95
TI ARM Assembler PC v5.2.5 Mon Nov 16 12:40:40 2015

Tools Copyright (c) 1996-2015 Texas Instruments Incorporated
tiva_ssi.asm                                                         PAGE   21

    1096                            .dwendentry
    1097                            .dwendtag $C$DW$CU
    1098                    

--------------------------
Thumb2 Statistics
--------------------------
Number of Thumb2 ins converted to Thumb = 0 (0%)
Number of Thumb ins in input = 39 (60%)
Number of Thumb2 ins encoded as Thumb2 = 25 (100%)
Number of Thumb2 ins converted to 2 OPND Thumb = 1


No Assembly Errors, No Assembly Warnings
