TI ARM Assembler PC v5.2.5 Wed Nov 04 18:27:11 2015

Tools Copyright (c) 1996-2015 Texas Instruments Incorporated
utils.asm                                                            PAGE    1

       1                    ;******************************************************************************
       2                    ;* TI ARM C/C++ Codegen                                             PC v5.2.5 *
       3                    ;* Date/Time created: Wed Nov 04 18:27:11 2015                                *
       4                    ;******************************************************************************
       5                            .compiler_opts --abi=eabi --arm_vmrs_si_workaround=off --code_state=16 --diag_wrap=off --disab
       6 00000000                   .thumb
       7                    
       8                    $C$DW$CU        .dwtag  DW_TAG_compile_unit
       9                            .dwattr $C$DW$CU, DW_AT_name("../utils.c")
      10                            .dwattr $C$DW$CU, DW_AT_producer("TI TI ARM C/C++ Codegen PC v5.2.5 Copyright (c) 1996-2015 Te
      11                            .dwattr $C$DW$CU, DW_AT_TI_version(0x01)
      12                            .dwattr $C$DW$CU, DW_AT_comp_dir("E:\Dev\Ti\Code\GIT\LaunchpadRoomControl\LaunchpadRoomControl
      13                    ;       C:\ti\ccsv6\tools\compiler\ti-cgt-arm_5.2.5\bin\armacpia.exe -@C:\\Users\\DCOSAS~1.SAG\\AppDat
      14 00000000                   .sect   ".text:uitoa"
      15                            .clink
      16                            .thumbfunc uitoa
      17 00000000                   .thumb
      18                            .global uitoa
      19                    
      20                    $C$DW$1 .dwtag  DW_TAG_subprogram, DW_AT_name("uitoa")
      21                            .dwattr $C$DW$1, DW_AT_low_pc(uitoa)
      22                            .dwattr $C$DW$1, DW_AT_high_pc(0x00)
      23                            .dwattr $C$DW$1, DW_AT_TI_symbol_name("uitoa")
      24                            .dwattr $C$DW$1, DW_AT_external
      25                            .dwattr $C$DW$1, DW_AT_TI_begin_file("../utils.c")
      26                            .dwattr $C$DW$1, DW_AT_TI_begin_line(0x0a)
      27                            .dwattr $C$DW$1, DW_AT_TI_begin_column(0x06)
      28                            .dwattr $C$DW$1, DW_AT_decl_file("../utils.c")
      29                            .dwattr $C$DW$1, DW_AT_decl_line(0x0a)
      30                            .dwattr $C$DW$1, DW_AT_decl_column(0x06)
      31                            .dwattr $C$DW$1, DW_AT_TI_max_frame_size(0x20)
      32                            .dwpsn  file "../utils.c",line 11,column 1,is_stmt,address uitoa,isa 1
      33                    
      34                            .dwfde $C$DW$CIE, uitoa
      35                    $C$DW$2 .dwtag  DW_TAG_formal_parameter, DW_AT_name("integerValue")
      36                            .dwattr $C$DW$2, DW_AT_TI_symbol_name("integerValue")
      37                            .dwattr $C$DW$2, DW_AT_type(*$C$DW$T$19)
      38                            .dwattr $C$DW$2, DW_AT_location[DW_OP_reg0]
      39                    $C$DW$3 .dwtag  DW_TAG_formal_parameter, DW_AT_name("asciiValue")
      40                            .dwattr $C$DW$3, DW_AT_TI_symbol_name("asciiValue")
      41                            .dwattr $C$DW$3, DW_AT_type(*$C$DW$T$21)
      42                            .dwattr $C$DW$3, DW_AT_location[DW_OP_reg1]
      43                    $C$DW$4 .dwtag  DW_TAG_formal_parameter, DW_AT_name("maxCh")
      44                            .dwattr $C$DW$4, DW_AT_TI_symbol_name("maxCh")
      45                            .dwattr $C$DW$4, DW_AT_type(*$C$DW$T$10)
      46                            .dwattr $C$DW$4, DW_AT_location[DW_OP_reg2]
      47                    ;----------------------------------------------------------------------
      48                    ;  10 | void uitoa(uint32_t integerValue, char* asciiValue, int maxCh)         
      49                    ;----------------------------------------------------------------------
      50                    
      51                    ;*****************************************************************************
      52                    ;* FUNCTION NAME: uitoa                                                      *
      53                    ;*                                                                           *
      54                    ;*   Regs Modified     : A1,A2,A3,A4,V1,SP,SR                                *
      55                    ;*   Regs Used         : A1,A2,A3,A4,V1,SP,LR,SR                             *
TI ARM Assembler PC v5.2.5 Wed Nov 04 18:27:11 2015

Tools Copyright (c) 1996-2015 Texas Instruments Incorporated
utils.asm                                                            PAGE    2

      56                    ;*   Local Frame Size  : 0 Args + 20 Auto + 8 Save = 28 byte                 *
      57                    ;*****************************************************************************
      58 00000000           uitoa:
      59                    ;* --------------------------------------------------------------------------*
      60                            .dwcfi  cfa_offset, 0
      61 00000000 B510              PUSH      {V1, LR}              ; [DPU_3_PIPE]  ; [ORIG 16-BIT INS]
      62                            .dwcfi  cfa_offset, 8
      63                            .dwcfi  save_reg_to_mem, 14, -4
      64                            .dwcfi  save_reg_to_mem, 4, -8
      65 00000002 0D18F1AD          SUB       SP, SP, #24           ; [DPU_3_PIPE]  ; [KEEP 32-BIT INS]
      66                            .dwcfi  cfa_offset, 32
      67                    $C$DW$5 .dwtag  DW_TAG_variable, DW_AT_name("integerValue")
      68                            .dwattr $C$DW$5, DW_AT_TI_symbol_name("integerValue")
      69                            .dwattr $C$DW$5, DW_AT_type(*$C$DW$T$19)
      70                            .dwattr $C$DW$5, DW_AT_location[DW_OP_breg13 0]
      71                    $C$DW$6 .dwtag  DW_TAG_variable, DW_AT_name("asciiValue")
      72                            .dwattr $C$DW$6, DW_AT_TI_symbol_name("asciiValue")
      73                            .dwattr $C$DW$6, DW_AT_type(*$C$DW$T$21)
      74                            .dwattr $C$DW$6, DW_AT_location[DW_OP_breg13 4]
      75                    $C$DW$7 .dwtag  DW_TAG_variable, DW_AT_name("maxCh")
      76                            .dwattr $C$DW$7, DW_AT_TI_symbol_name("maxCh")
      77                            .dwattr $C$DW$7, DW_AT_type(*$C$DW$T$10)
      78                            .dwattr $C$DW$7, DW_AT_location[DW_OP_breg13 8]
      79                    $C$DW$8 .dwtag  DW_TAG_variable, DW_AT_name("i")
      80                            .dwattr $C$DW$8, DW_AT_TI_symbol_name("i")
      81                            .dwattr $C$DW$8, DW_AT_type(*$C$DW$T$27)
      82                            .dwattr $C$DW$8, DW_AT_location[DW_OP_breg13 12]
      83                    $C$DW$9 .dwtag  DW_TAG_variable, DW_AT_name("integerValueTemp")
      84                            .dwattr $C$DW$9, DW_AT_TI_symbol_name("integerValueTemp")
      85                            .dwattr $C$DW$9, DW_AT_type(*$C$DW$T$19)
      86                            .dwattr $C$DW$9, DW_AT_location[DW_OP_breg13 16]
      87 00000006 9202              STR       A3, [SP, #8]          ; [DPU_3_PIPE] |11|  ; [ORIG 16-BIT INS]
      88 00000008 9101              STR       A2, [SP, #4]          ; [DPU_3_PIPE] |11|  ; [ORIG 16-BIT INS]
      89 0000000a 9000              STR       A1, [SP, #0]          ; [DPU_3_PIPE] |11|  ; [ORIG 16-BIT INS]
      90                            .dwpsn  file "../utils.c",line 12,column 12,is_stmt,isa 1
      91                    ;----------------------------------------------------------------------
      92                    ;  12 | uint8_t i = 0;                                                         
      93                    ;  13 | uint32_t integerValueTemp;                                             
      94                    ;----------------------------------------------------------------------
      95 0000000c 2000              MOVS      A1, #0                ; [DPU_3_PIPE] |12|  ; [ORIG 16-BIT INS]
      96 0000000e 000CF88D          STRB      A1, [SP, #12]         ; [DPU_3_PIPE] |12|  ; [KEEP 32-BIT INS]
      97                            .dwpsn  file "../utils.c",line 15,column 2,is_stmt,isa 1
      98                    ;----------------------------------------------------------------------
      99                    ;  15 | if (!asciiValue)                                                       
     100                    ;----------------------------------------------------------------------
     101 00000012 9801              LDR       A1, [SP, #4]          ; [DPU_3_PIPE] |15|  ; [ORIG 16-BIT INS]
     102 00000014 2800              CMP       A1, #0                ; [DPU_3_PIPE] |15|  ; [ORIG 16-BIT INS]
     103 00000016 D03B              BEQ       ||$C$L3||             ; [DPU_3_PIPE] |15|  ; [ORIG 16-BIT INS]
     104                            ; BRANCHCC OCCURS {||$C$L3||}    ; [] |15| 
     105                    ;* --------------------------------------------------------------------------*
     106                            .dwpsn  file "../utils.c",line 16,column 3,is_stmt,isa 1
     107                    ;----------------------------------------------------------------------
     108                    ;  16 | return;                                                                
     109                    ;  18 | //find how many characters integerValue has. Conversion will not need r
     110                    ;     | everse function in this case.                                          
TI ARM Assembler PC v5.2.5 Wed Nov 04 18:27:11 2015

Tools Copyright (c) 1996-2015 Texas Instruments Incorporated
utils.asm                                                            PAGE    3

     111                    ;----------------------------------------------------------------------
     112                            .dwpsn  file "../utils.c",line 19,column 2,is_stmt,isa 1
     113                    ;----------------------------------------------------------------------
     114                    ;  19 | integerValueTemp = integerValue;                                       
     115                    ;  20 | do                                                                     
     116                    ;----------------------------------------------------------------------
     117 00000018 9800              LDR       A1, [SP, #0]          ; [DPU_3_PIPE] |19|  ; [ORIG 16-BIT INS]
     118 0000001a 9004              STR       A1, [SP, #16]         ; [DPU_3_PIPE] |19|  ; [ORIG 16-BIT INS]
     119                    ;* --------------------------------------------------------------------------*
     120                    ;*   BEGIN LOOP ||$C$L1||
     121                    ;*
     122                    ;*   Loop source line                : 20
     123                    ;*   Loop closing brace source line  : 26
     124                    ;*   Known Minimum Trip Count        : 1
     125                    ;*   Known Maximum Trip Count        : 4294967295
     126                    ;*   Known Max Trip Count Factor     : 1
     127                    ;* --------------------------------------------------------------------------*
     128 0000001c           ||$C$L1||:    
     129                            .dwpsn  file "../utils.c",line 22,column 3,is_stmt,isa 1
     130                    ;----------------------------------------------------------------------
     131                    ;  22 | i++;                                                                   
     132                    ;----------------------------------------------------------------------
     133 0000001c 000CF89D          LDRB      A1, [SP, #12]         ; [DPU_3_PIPE] |22|  ; [KEEP 32-BIT INS]
     134 00000020 1C40              ADDS      A1, A1, #1            ; [DPU_3_PIPE] |22|  ; [ORIG 16-BIT INS]
     135 00000022 000CF88D          STRB      A1, [SP, #12]         ; [DPU_3_PIPE] |22|  ; [KEEP 32-BIT INS]
     136                            .dwpsn  file "../utils.c",line 23,column 3,is_stmt,isa 1
     137                    ;----------------------------------------------------------------------
     138                    ;  23 | integerValueTemp /= 10;                                                
     139                    ;----------------------------------------------------------------------
     140 00000026 9904              LDR       A2, [SP, #16]         ; [DPU_3_PIPE] |23|  ; [ORIG 16-BIT INS]
     141 00000028 200A              MOVS      A1, #10               ; [DPU_3_PIPE] |23|  ; [ORIG 16-BIT INS]
     142 0000002a F0F0FBB1          UDIV      A1, A2, A1            ; [DPU_3_PIPE] |23|  ; [KEEP 32-BIT INS]
     143 0000002e 9004              STR       A1, [SP, #16]         ; [DPU_3_PIPE] |23|  ; [ORIG 16-BIT INS]
     144                            .dwpsn  file "../utils.c",line 24,column 3,is_stmt,isa 1
     145                    ;----------------------------------------------------------------------
     146                    ;  24 | if (i == (maxCh-1))                                                    
     147                    ;----------------------------------------------------------------------
     148 00000030 9802              LDR       A1, [SP, #8]          ; [DPU_3_PIPE] |24|  ; [ORIG 16-BIT INS]
     149 00000032 100CF89D          LDRB      A2, [SP, #12]         ; [DPU_3_PIPE] |24|  ; [KEEP 32-BIT INS]
     150 00000036 1E40              SUBS      A1, A1, #1            ; [DPU_3_PIPE] |24|  ; [ORIG 16-BIT INS]
     151 00000038 4288              CMP       A1, A2                ; [DPU_3_PIPE] |24|  ; [ORIG 16-BIT INS]
     152 0000003a D005              BEQ       ||$C$L2||             ; [DPU_3_PIPE] |24|  ; [ORIG 16-BIT INS]
     153                            ; BRANCHCC OCCURS {||$C$L2||}    ; [] |24| 
     154                    ;* --------------------------------------------------------------------------*
     155                            .dwpsn  file "../utils.c",line 25,column 4,is_stmt,isa 1
     156                    ;----------------------------------------------------------------------
     157                    ;  25 | break;                                                                 
     158                    ;  26 | } while (integerValueTemp / 10);                                       
     159                    ;  28 | do                                                                     
     160                    ;----------------------------------------------------------------------
     161                            .dwpsn  file "../utils.c",line 20,column 2,is_stmt,isa 1
     162 0000003c 9904              LDR       A2, [SP, #16]         ; [DPU_3_PIPE] |20|  ; [ORIG 16-BIT INS]
     163 0000003e 200A              MOVS      A1, #10               ; [DPU_3_PIPE] |20|  ; [ORIG 16-BIT INS]
     164 00000040 F0F0FBB1          UDIV      A1, A2, A1            ; [DPU_3_PIPE] |20|  ; [KEEP 32-BIT INS]
     165 00000044 2800              CMP       A1, #0                ; [DPU_3_PIPE] |20|  ; [ORIG 16-BIT INS]
TI ARM Assembler PC v5.2.5 Wed Nov 04 18:27:11 2015

Tools Copyright (c) 1996-2015 Texas Instruments Incorporated
utils.asm                                                            PAGE    4

     166 00000046 D1E9              BNE       ||$C$L1||             ; [DPU_3_PIPE] |20|  ; [ORIG 16-BIT INS]
     167                            ; BRANCHCC OCCURS {||$C$L1||}    ; [] |20| 
     168                    ;* --------------------------------------------------------------------------*
     169                    ;*   BEGIN LOOP ||$C$L2||
     170                    ;*
     171                    ;*   Loop source line                : 28
     172                    ;*   Loop closing brace source line  : 32
     173                    ;*   Known Minimum Trip Count        : 1
     174                    ;*   Known Maximum Trip Count        : 4294967295
     175                    ;*   Known Max Trip Count Factor     : 1
     176                    ;* --------------------------------------------------------------------------*
     177 00000048           ||$C$L2||:    
     178                            .dwpsn  file "../utils.c",line 30,column 3,is_stmt,isa 1
     179                    ;----------------------------------------------------------------------
     180                    ;  30 | asciiValue[i--] = integerValue % 10 + '0';                             
     181                    ;----------------------------------------------------------------------
     182 00000048 9800              LDR       A1, [SP, #0]          ; [DPU_3_PIPE] |30|  ; [ORIG 16-BIT INS]
     183 0000004a 200CF89D          LDRB      A3, [SP, #12]         ; [DPU_3_PIPE] |30|  ; [KEEP 32-BIT INS]
     184 0000004e 9B01              LDR       A4, [SP, #4]          ; [DPU_3_PIPE] |30|  ; [ORIG 16-BIT INS]
     185 00000050 240A              MOVS      V1, #10               ; [DPU_3_PIPE] |30|  ; [ORIG 16-BIT INS]
     186 00000052 F1F4FBB0          UDIV      A2, A1, V1            ; [DPU_3_PIPE] |30|  ; [KEEP 32-BIT INS]
     187 00000056 4361              MULS      A2, A2, V1            ; [DPU_3_PIPE] |30|  ; [ORIG 16-BIT INS]
     188 00000058 1E54              SUBS      V1, A3, #1            ; [DPU_3_PIPE] |30|  ; [ORIG 16-BIT INS]
     189 0000005a 1A40              SUBS      A1, A1, A2            ; [DPU_3_PIPE] |30|  ; [ORIG 16-BIT INS]
     190 0000005c 400CF88D          STRB      V1, [SP, #12]         ; [DPU_3_PIPE] |30|  ; [KEEP 32-BIT INS]
     191 00000060 3030              ADDS      A1, A1, #48           ; [DPU_3_PIPE] |30|  ; [ORIG 16-BIT INS]
     192 00000062 54D0              STRB      A1, [A3, +A4]         ; [DPU_3_PIPE] |30|  ; [ORIG 16-BIT INS]
     193                            .dwpsn  file "../utils.c",line 31,column 3,is_stmt,isa 1
     194                    ;----------------------------------------------------------------------
     195                    ;  31 | integerValue /= 10;                                                    
     196                    ;  32 | } while (integerValue / 10);                                           
     197                    ;----------------------------------------------------------------------
     198 00000064 9900              LDR       A2, [SP, #0]          ; [DPU_3_PIPE] |31|  ; [ORIG 16-BIT INS]
     199 00000066 200A              MOVS      A1, #10               ; [DPU_3_PIPE] |31|  ; [ORIG 16-BIT INS]
     200 00000068 F0F0FBB1          UDIV      A1, A2, A1            ; [DPU_3_PIPE] |31|  ; [KEEP 32-BIT INS]
     201 0000006c 9000              STR       A1, [SP, #0]          ; [DPU_3_PIPE] |31|  ; [ORIG 16-BIT INS]
     202                            .dwpsn  file "../utils.c",line 28,column 2,is_stmt,isa 1
     203 0000006e 9900              LDR       A2, [SP, #0]          ; [DPU_3_PIPE] |28|  ; [ORIG 16-BIT INS]
     204 00000070 200A              MOVS      A1, #10               ; [DPU_3_PIPE] |28|  ; [ORIG 16-BIT INS]
     205 00000072 F0F0FBB1          UDIV      A1, A2, A1            ; [DPU_3_PIPE] |28|  ; [KEEP 32-BIT INS]
     206 00000076 2800              CMP       A1, #0                ; [DPU_3_PIPE] |28|  ; [ORIG 16-BIT INS]
     207 00000078 D1E6              BNE       ||$C$L2||             ; [DPU_3_PIPE] |28|  ; [ORIG 16-BIT INS]
     208                            ; BRANCHCC OCCURS {||$C$L2||}    ; [] |28| 
     209                    ;* --------------------------------------------------------------------------*
     210                            .dwpsn  file "../utils.c",line 33,column 2,is_stmt,isa 1
     211                    ;----------------------------------------------------------------------
     212                    ;  33 | asciiValue[i] = integerValue % 10 + '0';                               
     213                    ;----------------------------------------------------------------------
     214 0000007a 9800              LDR       A1, [SP, #0]          ; [DPU_3_PIPE] |33|  ; [ORIG 16-BIT INS]
     215 0000007c 9A01              LDR       A3, [SP, #4]          ; [DPU_3_PIPE] |33|  ; [ORIG 16-BIT INS]
     216 0000007e 300CF89D          LDRB      A4, [SP, #12]         ; [DPU_3_PIPE] |33|  ; [KEEP 32-BIT INS]
     217 00000082 240A              MOVS      V1, #10               ; [DPU_3_PIPE] |33|  ; [ORIG 16-BIT INS]
     218 00000084 F1F4FBB0          UDIV      A2, A1, V1            ; [DPU_3_PIPE] |33|  ; [KEEP 32-BIT INS]
     219 00000088 4361              MULS      A2, A2, V1            ; [DPU_3_PIPE] |33|  ; [ORIG 16-BIT INS]
     220 0000008a 1A40              SUBS      A1, A1, A2            ; [DPU_3_PIPE] |33|  ; [ORIG 16-BIT INS]
TI ARM Assembler PC v5.2.5 Wed Nov 04 18:27:11 2015

Tools Copyright (c) 1996-2015 Texas Instruments Incorporated
utils.asm                                                            PAGE    5

     221 0000008c 3030              ADDS      A1, A1, #48           ; [DPU_3_PIPE] |33|  ; [ORIG 16-BIT INS]
     222 0000008e 5498              STRB      A1, [A4, +A3]         ; [DPU_3_PIPE] |33|  ; [ORIG 16-BIT INS]
     223                            .dwpsn  file "../utils.c",line 34,column 1,is_stmt,isa 1
     224                    ;* --------------------------------------------------------------------------*
     225 00000090           ||$C$L3||:    
     226 00000090 B006              ADD       SP, SP, #24           ; [DPU_3_PIPE]  ; [ORIG 16-BIT INS]
     227                            .dwcfi  cfa_offset, 8
     228                    $C$DW$10        .dwtag  DW_TAG_TI_branch
     229                            .dwattr $C$DW$10, DW_AT_low_pc(0x00)
     230                            .dwattr $C$DW$10, DW_AT_TI_return
     231 00000092 BD10              POP       {V1, PC}              ; [DPU_3_PIPE]  ; [ORIG 16-BIT INS]
     232                            .dwcfi  cfa_offset, 0
     233                            ; BRANCH OCCURS                  ; [] 
     234                            .dwattr $C$DW$1, DW_AT_TI_end_file("../utils.c")
     235                            .dwattr $C$DW$1, DW_AT_TI_end_line(0x22)
     236                            .dwattr $C$DW$1, DW_AT_TI_end_column(0x01)
     237                            .dwendentry
     238                            .dwendtag $C$DW$1
     239                    
     240 00000000                   .sect   ".text:power"
     241                            .clink
     242                            .thumbfunc power
     243 00000000                   .thumb
     244                            .global power
     245                    
     246                    $C$DW$11        .dwtag  DW_TAG_subprogram, DW_AT_name("power")
     247                            .dwattr $C$DW$11, DW_AT_low_pc(power)
     248                            .dwattr $C$DW$11, DW_AT_high_pc(0x00)
     249                            .dwattr $C$DW$11, DW_AT_TI_symbol_name("power")
     250                            .dwattr $C$DW$11, DW_AT_external
     251                            .dwattr $C$DW$11, DW_AT_type(*$C$DW$T$19)
     252                            .dwattr $C$DW$11, DW_AT_TI_begin_file("../utils.c")
     253                            .dwattr $C$DW$11, DW_AT_TI_begin_line(0x24)
     254                            .dwattr $C$DW$11, DW_AT_TI_begin_column(0x0a)
     255                            .dwattr $C$DW$11, DW_AT_decl_file("../utils.c")
     256                            .dwattr $C$DW$11, DW_AT_decl_line(0x24)
     257                            .dwattr $C$DW$11, DW_AT_decl_column(0x0a)
     258                            .dwattr $C$DW$11, DW_AT_TI_max_frame_size(0x10)
     259                            .dwpsn  file "../utils.c",line 37,column 1,is_stmt,address power,isa 1
     260                    
     261                            .dwfde $C$DW$CIE, power
     262                    $C$DW$12        .dwtag  DW_TAG_formal_parameter, DW_AT_name("base")
     263                            .dwattr $C$DW$12, DW_AT_TI_symbol_name("base")
     264                            .dwattr $C$DW$12, DW_AT_type(*$C$DW$T$19)
     265                            .dwattr $C$DW$12, DW_AT_location[DW_OP_reg0]
     266                    $C$DW$13        .dwtag  DW_TAG_formal_parameter, DW_AT_name("exponent")
     267                            .dwattr $C$DW$13, DW_AT_TI_symbol_name("exponent")
     268                            .dwattr $C$DW$13, DW_AT_type(*$C$DW$T$19)
     269                            .dwattr $C$DW$13, DW_AT_location[DW_OP_reg1]
     270                    ;----------------------------------------------------------------------
     271                    ;  36 | uint32_t power(uint32_t base, uint32_t exponent)                       
     272                    ;----------------------------------------------------------------------
     273                    
     274                    ;*****************************************************************************
     275                    ;* FUNCTION NAME: power                                                      *
TI ARM Assembler PC v5.2.5 Wed Nov 04 18:27:11 2015

Tools Copyright (c) 1996-2015 Texas Instruments Incorporated
utils.asm                                                            PAGE    6

     276                    ;*                                                                           *
     277                    ;*   Regs Modified     : A1,A2,SP,SR                                         *
     278                    ;*   Regs Used         : A1,A2,SP,LR,SR                                      *
     279                    ;*   Local Frame Size  : 0 Args + 16 Auto + 0 Save = 16 byte                 *
     280                    ;*****************************************************************************
     281 00000000           power:
     282                    ;* --------------------------------------------------------------------------*
     283                            .dwcfi  cfa_offset, 0
     284 00000000 0D10F1AD          SUB       SP, SP, #16           ; [DPU_3_PIPE]  ; [KEEP 32-BIT INS]
     285                            .dwcfi  cfa_offset, 16
     286                    $C$DW$14        .dwtag  DW_TAG_variable, DW_AT_name("base")
     287                            .dwattr $C$DW$14, DW_AT_TI_symbol_name("base")
     288                            .dwattr $C$DW$14, DW_AT_type(*$C$DW$T$19)
     289                            .dwattr $C$DW$14, DW_AT_location[DW_OP_breg13 0]
     290                    $C$DW$15        .dwtag  DW_TAG_variable, DW_AT_name("exponent")
     291                            .dwattr $C$DW$15, DW_AT_TI_symbol_name("exponent")
     292                            .dwattr $C$DW$15, DW_AT_type(*$C$DW$T$19)
     293                            .dwattr $C$DW$15, DW_AT_location[DW_OP_breg13 4]
     294                    $C$DW$16        .dwtag  DW_TAG_variable, DW_AT_name("counter")
     295                            .dwattr $C$DW$16, DW_AT_TI_symbol_name("counter")
     296                            .dwattr $C$DW$16, DW_AT_type(*$C$DW$T$19)
     297                            .dwattr $C$DW$16, DW_AT_location[DW_OP_breg13 8]
     298                    $C$DW$17        .dwtag  DW_TAG_variable, DW_AT_name("result")
     299                            .dwattr $C$DW$17, DW_AT_TI_symbol_name("result")
     300                            .dwattr $C$DW$17, DW_AT_type(*$C$DW$T$19)
     301                            .dwattr $C$DW$17, DW_AT_location[DW_OP_breg13 12]
     302 00000004 9101              STR       A2, [SP, #4]          ; [DPU_3_PIPE] |37|  ; [ORIG 16-BIT INS]
     303 00000006 9000              STR       A1, [SP, #0]          ; [DPU_3_PIPE] |37|  ; [ORIG 16-BIT INS]
     304                            .dwpsn  file "../utils.c",line 38,column 19,is_stmt,isa 1
     305                    ;----------------------------------------------------------------------
     306                    ;  38 | uint32_t counter = 0, result = 1;                                      
     307                    ;----------------------------------------------------------------------
     308 00000008 2000              MOVS      A1, #0                ; [DPU_3_PIPE] |38|  ; [ORIG 16-BIT INS]
     309 0000000a 9002              STR       A1, [SP, #8]          ; [DPU_3_PIPE] |38|  ; [ORIG 16-BIT INS]
     310                            .dwpsn  file "../utils.c",line 38,column 31,is_stmt,isa 1
     311 0000000c 2001              MOVS      A1, #1                ; [DPU_3_PIPE] |38|  ; [ORIG 16-BIT INS]
     312 0000000e 9003              STR       A1, [SP, #12]         ; [DPU_3_PIPE] |38|  ; [ORIG 16-BIT INS]
     313                            .dwpsn  file "../utils.c",line 39,column 2,is_stmt,isa 1
     314                    ;----------------------------------------------------------------------
     315                    ;  39 | if (!exponent)                                                         
     316                    ;----------------------------------------------------------------------
     317 00000010 9801              LDR       A1, [SP, #4]          ; [DPU_3_PIPE] |39|  ; [ORIG 16-BIT INS]
     318 00000012 B908              CBNZ      A1, ||$C$L4||         ; []  ; [ORIG 16-BIT INS]
     319                            ; BRANCHCC OCCURS {||$C$L4||}    ; [] |39| 
     320                    ;* --------------------------------------------------------------------------*
     321                            .dwpsn  file "../utils.c",line 40,column 3,is_stmt,isa 1
     322                    ;----------------------------------------------------------------------
     323                    ;  40 | return 1;                                                              
     324                    ;----------------------------------------------------------------------
     325 00000014 2001              MOVS      A1, #1                ; [DPU_3_PIPE] |40|  ; [ORIG 16-BIT INS]
     326 00000016 E011              B         ||$C$L7||             ; [DPU_3_PIPE] |40|  ; [ORIG 16-BIT INS]
     327                            ; BRANCH OCCURS {||$C$L7||}      ; [] |40| 
     328                    ;* --------------------------------------------------------------------------*
     329 00000018           ||$C$L4||:    
     330                            .dwpsn  file "../utils.c",line 41,column 7,is_stmt,isa 1
TI ARM Assembler PC v5.2.5 Wed Nov 04 18:27:11 2015

Tools Copyright (c) 1996-2015 Texas Instruments Incorporated
utils.asm                                                            PAGE    7

     331                    ;----------------------------------------------------------------------
     332                    ;  41 | for (counter = 1; counter < exponent; counter++)                       
     333                    ;----------------------------------------------------------------------
     334 00000018 2001              MOVS      A1, #1                ; [DPU_3_PIPE] |41|  ; [ORIG 16-BIT INS]
     335 0000001a 9002              STR       A1, [SP, #8]          ; [DPU_3_PIPE] |41|  ; [ORIG 16-BIT INS]
     336                            .dwpsn  file "../utils.c",line 41,column 20,is_stmt,isa 1
     337 0000001c 9801              LDR       A1, [SP, #4]          ; [DPU_3_PIPE] |41|  ; [ORIG 16-BIT INS]
     338 0000001e 9902              LDR       A2, [SP, #8]          ; [DPU_3_PIPE] |41|  ; [ORIG 16-BIT INS]
     339 00000020 4288              CMP       A1, A2                ; [DPU_3_PIPE] |41|  ; [ORIG 16-BIT INS]
     340 00000022 D90A              BLS       ||$C$L6||             ; [DPU_3_PIPE] |41|  ; [ORIG 16-BIT INS]
     341                            ; BRANCHCC OCCURS {||$C$L6||}    ; [] |41| 
     342                    ;* --------------------------------------------------------------------------*
     343                    ;*   BEGIN LOOP ||$C$L5||
     344                    ;*
     345                    ;*   Loop source line                : 41
     346                    ;*   Loop closing brace source line  : 44
     347                    ;*   Known Minimum Trip Count        : 1
     348                    ;*   Known Maximum Trip Count        : 4294967295
     349                    ;*   Known Max Trip Count Factor     : 1
     350                    ;* --------------------------------------------------------------------------*
     351 00000024           ||$C$L5||:    
     352                            .dwpsn  file "../utils.c",line 43,column 3,is_stmt,isa 1
     353                    ;----------------------------------------------------------------------
     354                    ;  43 | result *= base;                                                        
     355                    ;----------------------------------------------------------------------
     356 00000024 9903              LDR       A2, [SP, #12]         ; [DPU_3_PIPE] |43|  ; [ORIG 16-BIT INS]
     357 00000026 9800              LDR       A1, [SP, #0]          ; [DPU_3_PIPE] |43|  ; [ORIG 16-BIT INS]
     358 00000028 4348              MULS      A1, A1, A2            ; [DPU_3_PIPE] |43|  ; [ORIG 16-BIT INS]
     359 0000002a 9003              STR       A1, [SP, #12]         ; [DPU_3_PIPE] |43|  ; [ORIG 16-BIT INS]
     360                            .dwpsn  file "../utils.c",line 41,column 40,is_stmt,isa 1
     361 0000002c 9802              LDR       A1, [SP, #8]          ; [DPU_3_PIPE] |41|  ; [ORIG 16-BIT INS]
     362 0000002e 1C40              ADDS      A1, A1, #1            ; [DPU_3_PIPE] |41|  ; [ORIG 16-BIT INS]
     363 00000030 9002              STR       A1, [SP, #8]          ; [DPU_3_PIPE] |41|  ; [ORIG 16-BIT INS]
     364                            .dwpsn  file "../utils.c",line 41,column 20,is_stmt,isa 1
     365 00000032 9801              LDR       A1, [SP, #4]          ; [DPU_3_PIPE] |41|  ; [ORIG 16-BIT INS]
     366 00000034 9902              LDR       A2, [SP, #8]          ; [DPU_3_PIPE] |41|  ; [ORIG 16-BIT INS]
     367 00000036 4288              CMP       A1, A2                ; [DPU_3_PIPE] |41|  ; [ORIG 16-BIT INS]
     368 00000038 D8F4              BHI       ||$C$L5||             ; [DPU_3_PIPE] |41|  ; [ORIG 16-BIT INS]
     369                            ; BRANCHCC OCCURS {||$C$L5||}    ; [] |41| 
     370                    ;* --------------------------------------------------------------------------*
     371 0000003a           ||$C$L6||:    
     372                            .dwpsn  file "../utils.c",line 45,column 2,is_stmt,isa 1
     373                    ;----------------------------------------------------------------------
     374                    ;  45 | return result;                                                         
     375                    ;----------------------------------------------------------------------
     376 0000003a 9803              LDR       A1, [SP, #12]         ; [DPU_3_PIPE] |45|  ; [ORIG 16-BIT INS]
     377                    ;* --------------------------------------------------------------------------*
     378 0000003c           ||$C$L7||:    
     379                            .dwpsn  file "../utils.c",line 46,column 1,is_stmt,isa 1
     380 0000003c B004              ADD       SP, SP, #16           ; [DPU_3_PIPE]  ; [ORIG 16-BIT INS]
     381                            .dwcfi  cfa_offset, 0
     382                    $C$DW$18        .dwtag  DW_TAG_TI_branch
     383                            .dwattr $C$DW$18, DW_AT_low_pc(0x00)
     384                            .dwattr $C$DW$18, DW_AT_TI_return
     385 0000003e 4770              BX        LR                    ; [DPU_3_PIPE]  ; [ORIG 16-BIT INS]
TI ARM Assembler PC v5.2.5 Wed Nov 04 18:27:11 2015

Tools Copyright (c) 1996-2015 Texas Instruments Incorporated
utils.asm                                                            PAGE    8

     386                            ; BRANCH OCCURS                  ; [] 
     387                            .dwattr $C$DW$11, DW_AT_TI_end_file("../utils.c")
     388                            .dwattr $C$DW$11, DW_AT_TI_end_line(0x2e)
     389                            .dwattr $C$DW$11, DW_AT_TI_end_column(0x01)
     390                            .dwendentry
     391                            .dwendtag $C$DW$11
     392                    
     393 00000000                   .sect   ".text:atoui"
     394                            .clink
     395                            .thumbfunc atoui
     396 00000000                   .thumb
     397                            .global atoui
     398                    
     399                    $C$DW$19        .dwtag  DW_TAG_subprogram, DW_AT_name("atoui")
     400                            .dwattr $C$DW$19, DW_AT_low_pc(atoui)
     401                            .dwattr $C$DW$19, DW_AT_high_pc(0x00)
     402                            .dwattr $C$DW$19, DW_AT_TI_symbol_name("atoui")
     403                            .dwattr $C$DW$19, DW_AT_external
     404                            .dwattr $C$DW$19, DW_AT_TI_begin_file("../utils.c")
     405                            .dwattr $C$DW$19, DW_AT_TI_begin_line(0x31)
     406                            .dwattr $C$DW$19, DW_AT_TI_begin_column(0x06)
     407                            .dwattr $C$DW$19, DW_AT_decl_file("../utils.c")
     408                            .dwattr $C$DW$19, DW_AT_decl_line(0x31)
     409                            .dwattr $C$DW$19, DW_AT_decl_column(0x06)
     410                            .dwattr $C$DW$19, DW_AT_TI_max_frame_size(0x10)
     411                            .dwpsn  file "../utils.c",line 50,column 1,is_stmt,address atoui,isa 1
     412                    
     413                            .dwfde $C$DW$CIE, atoui
     414                    $C$DW$20        .dwtag  DW_TAG_formal_parameter, DW_AT_name("integerValue")
     415                            .dwattr $C$DW$20, DW_AT_TI_symbol_name("integerValue")
     416                            .dwattr $C$DW$20, DW_AT_type(*$C$DW$T$23)
     417                            .dwattr $C$DW$20, DW_AT_location[DW_OP_reg0]
     418                    $C$DW$21        .dwtag  DW_TAG_formal_parameter, DW_AT_name("asciiValue")
     419                            .dwattr $C$DW$21, DW_AT_TI_symbol_name("asciiValue")
     420                            .dwattr $C$DW$21, DW_AT_type(*$C$DW$T$21)
     421                            .dwattr $C$DW$21, DW_AT_location[DW_OP_reg1]
     422                    ;----------------------------------------------------------------------
     423                    ;  49 | void atoui(uint32_t *integerValue, char* asciiValue)                   
     424                    ;----------------------------------------------------------------------
     425                    
     426                    ;*****************************************************************************
     427                    ;* FUNCTION NAME: atoui                                                      *
     428                    ;*                                                                           *
     429                    ;*   Regs Modified     : A1,A2,A3,A4,V9,SP,LR,SR,FPEXC,FPSCR                 *
     430                    ;*   Regs Used         : A1,A2,A3,A4,V9,SP,LR,SR,FPEXC,FPSCR                 *
     431                    ;*   Local Frame Size  : 0 Args + 12 Auto + 4 Save = 16 byte                 *
     432                    ;*****************************************************************************
     433 00000000           atoui:
     434                    ;* --------------------------------------------------------------------------*
     435                            .dwcfi  cfa_offset, 0
     436 00000000 B50E              PUSH      {A2, A3, A4, LR}      ; [DPU_3_PIPE]  ; [ORIG 16-BIT INS]
     437                            .dwcfi  cfa_offset, 16
     438                            .dwcfi  save_reg_to_mem, 14, -4
     439                            .dwcfi  save_reg_to_mem, 3, -8
     440                            .dwcfi  save_reg_to_mem, 2, -12
TI ARM Assembler PC v5.2.5 Wed Nov 04 18:27:11 2015

Tools Copyright (c) 1996-2015 Texas Instruments Incorporated
utils.asm                                                            PAGE    9

     441                            .dwcfi  save_reg_to_mem, 1, -16
     442                    $C$DW$22        .dwtag  DW_TAG_variable, DW_AT_name("integerValue")
     443                            .dwattr $C$DW$22, DW_AT_TI_symbol_name("integerValue")
     444                            .dwattr $C$DW$22, DW_AT_type(*$C$DW$T$23)
     445                            .dwattr $C$DW$22, DW_AT_location[DW_OP_breg13 0]
     446                    $C$DW$23        .dwtag  DW_TAG_variable, DW_AT_name("asciiValue")
     447                            .dwattr $C$DW$23, DW_AT_TI_symbol_name("asciiValue")
     448                            .dwattr $C$DW$23, DW_AT_type(*$C$DW$T$21)
     449                            .dwattr $C$DW$23, DW_AT_location[DW_OP_breg13 4]
     450                    $C$DW$24        .dwtag  DW_TAG_variable, DW_AT_name("counter")
     451                            .dwattr $C$DW$24, DW_AT_TI_symbol_name("counter")
     452                            .dwattr $C$DW$24, DW_AT_type(*$C$DW$T$27)
     453                            .dwattr $C$DW$24, DW_AT_location[DW_OP_breg13 8]
     454                    $C$DW$25        .dwtag  DW_TAG_variable, DW_AT_name("tableSize")
     455                            .dwattr $C$DW$25, DW_AT_TI_symbol_name("tableSize")
     456                            .dwattr $C$DW$25, DW_AT_type(*$C$DW$T$27)
     457                            .dwattr $C$DW$25, DW_AT_location[DW_OP_breg13 9]
     458 00000002 9101              STR       A2, [SP, #4]          ; [DPU_3_PIPE] |50|  ; [ORIG 16-BIT INS]
     459 00000004 9000              STR       A1, [SP, #0]          ; [DPU_3_PIPE] |50|  ; [ORIG 16-BIT INS]
     460                            .dwpsn  file "../utils.c",line 51,column 17,is_stmt,isa 1
     461                    ;----------------------------------------------------------------------
     462                    ;  51 | uint8_t counter=0, tableSize=0;                                        
     463                    ;----------------------------------------------------------------------
     464 00000006 2000              MOVS      A1, #0                ; [DPU_3_PIPE] |51|  ; [ORIG 16-BIT INS]
     465 00000008 0008F88D          STRB      A1, [SP, #8]          ; [DPU_3_PIPE] |51|  ; [KEEP 32-BIT INS]
     466                            .dwpsn  file "../utils.c",line 51,column 30,is_stmt,isa 1
     467 0000000c 2000              MOVS      A1, #0                ; [DPU_3_PIPE] |51|  ; [ORIG 16-BIT INS]
     468 0000000e 0009F88D          STRB      A1, [SP, #9]          ; [DPU_3_PIPE] |51|  ; [KEEP 32-BIT INS]
     469                            .dwpsn  file "../utils.c",line 52,column 2,is_stmt,isa 1
     470                    ;----------------------------------------------------------------------
     471                    ;  52 | while (*asciiValue++)                                                  
     472                    ;----------------------------------------------------------------------
     473 00000012 E004              B         ||$C$L9||             ; [DPU_3_PIPE] |52|  ; [ORIG 16-BIT INS]
     474                            ; BRANCH OCCURS {||$C$L9||}      ; [] |52| 
     475                    ;* --------------------------------------------------------------------------*
     476 00000014           ||$C$L8||:    
     477                            .dwpsn  file "../utils.c",line 54,column 3,is_stmt,isa 1
     478                    ;----------------------------------------------------------------------
     479                    ;  54 | tableSize++;                                                           
     480                    ;----------------------------------------------------------------------
     481 00000014 0009F89D          LDRB      A1, [SP, #9]          ; [DPU_3_PIPE] |54|  ; [KEEP 32-BIT INS]
     482 00000018 1C40              ADDS      A1, A1, #1            ; [DPU_3_PIPE] |54|  ; [ORIG 16-BIT INS]
     483 0000001a 0009F88D          STRB      A1, [SP, #9]          ; [DPU_3_PIPE] |54|  ; [KEEP 32-BIT INS]
     484                    ;* --------------------------------------------------------------------------*
     485                    ;*   BEGIN LOOP ||$C$L9||
     486                    ;* --------------------------------------------------------------------------*
     487 0000001e           ||$C$L9||:    
     488                            .dwpsn  file "../utils.c",line 52,column 2,is_stmt,isa 1
     489 0000001e 9801              LDR       A1, [SP, #4]          ; [DPU_3_PIPE] |52|  ; [ORIG 16-BIT INS]
     490 00000020 1B01F810          LDRB      A2, [A1], #1          ; [DPU_3_PIPE] |52|  ; [KEEP 32-BIT INS]
     491 00000024 2900              CMP       A2, #0                ; [DPU_3_PIPE] |52|  ; [ORIG 16-BIT INS]
     492 00000026 9001              STR       A1, [SP, #4]          ; [DPU_3_PIPE] |52|  ; [ORIG 16-BIT INS]
     493 00000028 D1F4              BNE       ||$C$L8||             ; [DPU_3_PIPE] |52|  ; [ORIG 16-BIT INS]
     494                            ; BRANCHCC OCCURS {||$C$L8||}    ; [] |52| 
     495                    ;* --------------------------------------------------------------------------*
TI ARM Assembler PC v5.2.5 Wed Nov 04 18:27:11 2015

Tools Copyright (c) 1996-2015 Texas Instruments Incorporated
utils.asm                                                            PAGE   10

     496                            .dwpsn  file "../utils.c",line 56,column 2,is_stmt,isa 1
     497                    ;----------------------------------------------------------------------
     498                    ;  56 | asciiValue -= tableSize+1;                                             
     499                    ;----------------------------------------------------------------------
     500 0000002a 0009F89D          LDRB      A1, [SP, #9]          ; [DPU_3_PIPE] |56|  ; [KEEP 32-BIT INS]
     501 0000002e 9901              LDR       A2, [SP, #4]          ; [DPU_3_PIPE] |56|  ; [ORIG 16-BIT INS]
     502 00000030 1C40              ADDS      A1, A1, #1            ; [DPU_3_PIPE] |56|  ; [ORIG 16-BIT INS]
     503 00000032 1A09              SUBS      A2, A2, A1            ; [DPU_3_PIPE] |56|  ; [ORIG 16-BIT INS]
     504 00000034 9101              STR       A2, [SP, #4]          ; [DPU_3_PIPE] |56|  ; [ORIG 16-BIT INS]
     505                            .dwpsn  file "../utils.c",line 57,column 7,is_stmt,isa 1
     506                    ;----------------------------------------------------------------------
     507                    ;  57 | for (counter = tableSize; counter > 0; counter--)                      
     508                    ;----------------------------------------------------------------------
     509 00000036 0009F89D          LDRB      A1, [SP, #9]          ; [DPU_3_PIPE] |57|  ; [KEEP 32-BIT INS]
     510 0000003a 0008F88D          STRB      A1, [SP, #8]          ; [DPU_3_PIPE] |57|  ; [KEEP 32-BIT INS]
     511                            .dwpsn  file "../utils.c",line 57,column 28,is_stmt,isa 1
     512 0000003e 0008F89D          LDRB      A1, [SP, #8]          ; [DPU_3_PIPE] |57|  ; [KEEP 32-BIT INS]
     513 00000042 2800              CMP       A1, #0                ; [DPU_3_PIPE] |57|  ; [ORIG 16-BIT INS]
     514 00000044 DD18              BLE       ||$C$L11||            ; [DPU_3_PIPE] |57|  ; [ORIG 16-BIT INS]
     515                            ; BRANCHCC OCCURS {||$C$L11||}   ; [] |57| 
     516                    ;* --------------------------------------------------------------------------*
     517                    ;*   BEGIN LOOP ||$C$L10||
     518                    ;*
     519                    ;*   Loop source line                : 57
     520                    ;*   Loop closing brace source line  : 61
     521                    ;*   Known Minimum Trip Count        : 1
     522                    ;*   Known Maximum Trip Count        : 4294967295
     523                    ;*   Known Max Trip Count Factor     : 1
     524                    ;* --------------------------------------------------------------------------*
     525 00000046           ||$C$L10||:    
     526                            .dwpsn  file "../utils.c",line 59,column 3,is_stmt,isa 1
     527                    ;----------------------------------------------------------------------
     528                    ;  59 | *integerValue += (*asciiValue - '0') * power(10, counter);             
     529                    ;----------------------------------------------------------------------
     530 00000046 1008F89D          LDRB      A2, [SP, #8]          ; [DPU_3_PIPE] |59|  ; [KEEP 32-BIT INS]
     531 0000004a 9A00              LDR       A3, [SP, #0]          ; [DPU_3_PIPE] |59|  ; [ORIG 16-BIT INS]
     532 0000004c 200A              MOVS      A1, #10               ; [DPU_3_PIPE] |59|  ; [ORIG 16-BIT INS]
     533                    $C$DW$26        .dwtag  DW_TAG_TI_branch
     534                            .dwattr $C$DW$26, DW_AT_low_pc(0x00)
     535                            .dwattr $C$DW$26, DW_AT_name("power")
     536                            .dwattr $C$DW$26, DW_AT_TI_call
     537 0000004e FFFEF7FF!         BL        power                 ; [DPU_3_PIPE] |59|  ; [KEEP 32-BIT INS]
     538                            ; CALL OCCURS {power }           ; [] |59| 
     539 00000052 9901              LDR       A2, [SP, #4]          ; [DPU_3_PIPE] |59|  ; [ORIG 16-BIT INS]
     540 00000054 6813              LDR       A4, [A3, #0]          ; [DPU_3_PIPE] |59|  ; [ORIG 16-BIT INS]
     541 00000056 7809              LDRB      A2, [A2, #0]          ; [DPU_3_PIPE] |59|  ; [ORIG 16-BIT INS]
     542 00000058 3930              SUBS      A2, A2, #48           ; [DPU_3_PIPE] |59|  ; [ORIG 16-BIT INS]
     543 0000005a 3001FB00          MLA       A1, A1, A2, A4        ; [DPU_3_PIPE] |59|  ; [KEEP 32-BIT INS]
     544 0000005e 6010              STR       A1, [A3, #0]          ; [DPU_3_PIPE] |59|  ; [ORIG 16-BIT INS]
     545                            .dwpsn  file "../utils.c",line 60,column 3,is_stmt,isa 1
     546                    ;----------------------------------------------------------------------
     547                    ;  60 | asciiValue++;                                                          
     548                    ;----------------------------------------------------------------------
     549 00000060 9801              LDR       A1, [SP, #4]          ; [DPU_3_PIPE] |60|  ; [ORIG 16-BIT INS]
     550 00000062 1C40              ADDS      A1, A1, #1            ; [DPU_3_PIPE] |60|  ; [ORIG 16-BIT INS]
TI ARM Assembler PC v5.2.5 Wed Nov 04 18:27:11 2015

Tools Copyright (c) 1996-2015 Texas Instruments Incorporated
utils.asm                                                            PAGE   11

     551 00000064 9001              STR       A1, [SP, #4]          ; [DPU_3_PIPE] |60|  ; [ORIG 16-BIT INS]
     552                            .dwpsn  file "../utils.c",line 57,column 41,is_stmt,isa 1
     553 00000066 0008F89D          LDRB      A1, [SP, #8]          ; [DPU_3_PIPE] |57|  ; [KEEP 32-BIT INS]
     554 0000006a 1E40              SUBS      A1, A1, #1            ; [DPU_3_PIPE] |57|  ; [ORIG 16-BIT INS]
     555 0000006c 0008F88D          STRB      A1, [SP, #8]          ; [DPU_3_PIPE] |57|  ; [KEEP 32-BIT INS]
     556                            .dwpsn  file "../utils.c",line 57,column 28,is_stmt,isa 1
     557 00000070 0008F89D          LDRB      A1, [SP, #8]          ; [DPU_3_PIPE] |57|  ; [KEEP 32-BIT INS]
     558 00000074 2800              CMP       A1, #0                ; [DPU_3_PIPE] |57|  ; [ORIG 16-BIT INS]
     559 00000076 DCE6              BGT       ||$C$L10||            ; [DPU_3_PIPE] |57|  ; [ORIG 16-BIT INS]
     560                            ; BRANCHCC OCCURS {||$C$L10||}   ; [] |57| 
     561                    ;* --------------------------------------------------------------------------*
     562                            .dwpsn  file "../utils.c",line 62,column 1,is_stmt,isa 1
     563                    ;* --------------------------------------------------------------------------*
     564                    ||$C$L11||:    
     565                    $C$DW$27        .dwtag  DW_TAG_TI_branch
     566                            .dwattr $C$DW$27, DW_AT_low_pc(0x00)
     567                            .dwattr $C$DW$27, DW_AT_TI_return
     568 00000078 BD0E              POP       {A2, A3, A4, PC}      ; [DPU_3_PIPE]  ; [ORIG 16-BIT INS]
     569                            .dwcfi  cfa_offset, 0
     570                            ; BRANCH OCCURS                  ; [] 
     571                            .dwattr $C$DW$19, DW_AT_TI_end_file("../utils.c")
     572                            .dwattr $C$DW$19, DW_AT_TI_end_line(0x3e)
     573                            .dwattr $C$DW$19, DW_AT_TI_end_column(0x01)
     574                            .dwendentry
     575                            .dwendtag $C$DW$19
     576                    
     577                    
     578                    ;******************************************************************************
     579                    ;* BUILD ATTRIBUTES                                                           *
     580                    ;******************************************************************************
     581                            .battr "aeabi", Tag_File, 1, Tag_ABI_PCS_wchar_t(2)
     582                            .battr "aeabi", Tag_File, 1, Tag_ABI_FP_rounding(0)
     583                            .battr "aeabi", Tag_File, 1, Tag_ABI_FP_denormal(0)
     584                            .battr "aeabi", Tag_File, 1, Tag_ABI_FP_exceptions(0)
     585                            .battr "aeabi", Tag_File, 1, Tag_ABI_FP_number_model(1)
     586                            .battr "aeabi", Tag_File, 1, Tag_ABI_enum_size(0)
     587                            .battr "aeabi", Tag_File, 1, Tag_ABI_optimization_goals(5)
     588                            .battr "aeabi", Tag_File, 1, Tag_ABI_FP_optimization_goals(0)
     589                            .battr "TI", Tag_File, 1, Tag_Bitfield_layout(2)
     590                            .battr "TI", Tag_File, 1, Tag_FP_interface(1)
     591                    
     592                    ;******************************************************************************
     593                    ;* TYPE INFORMATION                                                           *
     594                    ;******************************************************************************
     595                    $C$DW$T$2       .dwtag  DW_TAG_unspecified_type
     596                            .dwattr $C$DW$T$2, DW_AT_name("void")
     597                    $C$DW$T$4       .dwtag  DW_TAG_base_type
     598                            .dwattr $C$DW$T$4, DW_AT_encoding(DW_ATE_boolean)
     599                            .dwattr $C$DW$T$4, DW_AT_name("bool")
     600                            .dwattr $C$DW$T$4, DW_AT_byte_size(0x01)
     601                    $C$DW$T$5       .dwtag  DW_TAG_base_type
     602                            .dwattr $C$DW$T$5, DW_AT_encoding(DW_ATE_signed_char)
     603                            .dwattr $C$DW$T$5, DW_AT_name("signed char")
     604                            .dwattr $C$DW$T$5, DW_AT_byte_size(0x01)
     605                    $C$DW$T$25      .dwtag  DW_TAG_typedef, DW_AT_name("int8_t")
TI ARM Assembler PC v5.2.5 Wed Nov 04 18:27:11 2015

Tools Copyright (c) 1996-2015 Texas Instruments Incorporated
utils.asm                                                            PAGE   12

     606                            .dwattr $C$DW$T$25, DW_AT_type(*$C$DW$T$5)
     607                            .dwattr $C$DW$T$25, DW_AT_language(DW_LANG_C)
     608                            .dwattr $C$DW$T$25, DW_AT_decl_file("C:/ti/ccsv6/tools/compiler/ti-cgt-arm_5.2.5/include/stdin
     609                            .dwattr $C$DW$T$25, DW_AT_decl_line(0x2a)
     610                            .dwattr $C$DW$T$25, DW_AT_decl_column(0x1d)
     611                    $C$DW$T$26      .dwtag  DW_TAG_typedef, DW_AT_name("int_least8_t")
     612                            .dwattr $C$DW$T$26, DW_AT_type(*$C$DW$T$25)
     613                            .dwattr $C$DW$T$26, DW_AT_language(DW_LANG_C)
     614                            .dwattr $C$DW$T$26, DW_AT_decl_file("C:/ti/ccsv6/tools/compiler/ti-cgt-arm_5.2.5/include/stdin
     615                            .dwattr $C$DW$T$26, DW_AT_decl_line(0x37)
     616                            .dwattr $C$DW$T$26, DW_AT_decl_column(0x17)
     617                    $C$DW$T$6       .dwtag  DW_TAG_base_type
     618                            .dwattr $C$DW$T$6, DW_AT_encoding(DW_ATE_unsigned_char)
     619                            .dwattr $C$DW$T$6, DW_AT_name("unsigned char")
     620                            .dwattr $C$DW$T$6, DW_AT_byte_size(0x01)
     621                    $C$DW$T$27      .dwtag  DW_TAG_typedef, DW_AT_name("uint8_t")
     622                            .dwattr $C$DW$T$27, DW_AT_type(*$C$DW$T$6)
     623                            .dwattr $C$DW$T$27, DW_AT_language(DW_LANG_C)
     624                            .dwattr $C$DW$T$27, DW_AT_decl_file("C:/ti/ccsv6/tools/compiler/ti-cgt-arm_5.2.5/include/stdin
     625                            .dwattr $C$DW$T$27, DW_AT_decl_line(0x2b)
     626                            .dwattr $C$DW$T$27, DW_AT_decl_column(0x1c)
     627                    $C$DW$T$28      .dwtag  DW_TAG_typedef, DW_AT_name("uint_least8_t")
     628                            .dwattr $C$DW$T$28, DW_AT_type(*$C$DW$T$27)
     629                            .dwattr $C$DW$T$28, DW_AT_language(DW_LANG_C)
     630                            .dwattr $C$DW$T$28, DW_AT_decl_file("C:/ti/ccsv6/tools/compiler/ti-cgt-arm_5.2.5/include/stdin
     631                            .dwattr $C$DW$T$28, DW_AT_decl_line(0x38)
     632                            .dwattr $C$DW$T$28, DW_AT_decl_column(0x16)
     633                    $C$DW$T$7       .dwtag  DW_TAG_base_type
     634                            .dwattr $C$DW$T$7, DW_AT_encoding(DW_ATE_signed_char)
     635                            .dwattr $C$DW$T$7, DW_AT_name("wchar_t")
     636                            .dwattr $C$DW$T$7, DW_AT_byte_size(0x02)
     637                    $C$DW$T$8       .dwtag  DW_TAG_base_type
     638                            .dwattr $C$DW$T$8, DW_AT_encoding(DW_ATE_signed)
     639                            .dwattr $C$DW$T$8, DW_AT_name("short")
     640                            .dwattr $C$DW$T$8, DW_AT_byte_size(0x02)
     641                    $C$DW$T$29      .dwtag  DW_TAG_typedef, DW_AT_name("int16_t")
     642                            .dwattr $C$DW$T$29, DW_AT_type(*$C$DW$T$8)
     643                            .dwattr $C$DW$T$29, DW_AT_language(DW_LANG_C)
     644                            .dwattr $C$DW$T$29, DW_AT_decl_file("C:/ti/ccsv6/tools/compiler/ti-cgt-arm_5.2.5/include/stdin
     645                            .dwattr $C$DW$T$29, DW_AT_decl_line(0x2c)
     646                            .dwattr $C$DW$T$29, DW_AT_decl_column(0x1d)
     647                    $C$DW$T$30      .dwtag  DW_TAG_typedef, DW_AT_name("int_least16_t")
     648                            .dwattr $C$DW$T$30, DW_AT_type(*$C$DW$T$29)
     649                            .dwattr $C$DW$T$30, DW_AT_language(DW_LANG_C)
     650                            .dwattr $C$DW$T$30, DW_AT_decl_file("C:/ti/ccsv6/tools/compiler/ti-cgt-arm_5.2.5/include/stdin
     651                            .dwattr $C$DW$T$30, DW_AT_decl_line(0x3a)
     652                            .dwattr $C$DW$T$30, DW_AT_decl_column(0x17)
     653                    $C$DW$T$9       .dwtag  DW_TAG_base_type
     654                            .dwattr $C$DW$T$9, DW_AT_encoding(DW_ATE_unsigned)
     655                            .dwattr $C$DW$T$9, DW_AT_name("unsigned short")
     656                            .dwattr $C$DW$T$9, DW_AT_byte_size(0x02)
     657                    $C$DW$T$31      .dwtag  DW_TAG_typedef, DW_AT_name("uint16_t")
     658                            .dwattr $C$DW$T$31, DW_AT_type(*$C$DW$T$9)
     659                            .dwattr $C$DW$T$31, DW_AT_language(DW_LANG_C)
     660                            .dwattr $C$DW$T$31, DW_AT_decl_file("C:/ti/ccsv6/tools/compiler/ti-cgt-arm_5.2.5/include/stdin
TI ARM Assembler PC v5.2.5 Wed Nov 04 18:27:11 2015

Tools Copyright (c) 1996-2015 Texas Instruments Incorporated
utils.asm                                                            PAGE   13

     661                            .dwattr $C$DW$T$31, DW_AT_decl_line(0x2d)
     662                            .dwattr $C$DW$T$31, DW_AT_decl_column(0x1c)
     663                    $C$DW$T$32      .dwtag  DW_TAG_typedef, DW_AT_name("uint_least16_t")
     664                            .dwattr $C$DW$T$32, DW_AT_type(*$C$DW$T$31)
     665                            .dwattr $C$DW$T$32, DW_AT_language(DW_LANG_C)
     666                            .dwattr $C$DW$T$32, DW_AT_decl_file("C:/ti/ccsv6/tools/compiler/ti-cgt-arm_5.2.5/include/stdin
     667                            .dwattr $C$DW$T$32, DW_AT_decl_line(0x3b)
     668                            .dwattr $C$DW$T$32, DW_AT_decl_column(0x16)
     669                    $C$DW$T$10      .dwtag  DW_TAG_base_type
     670                            .dwattr $C$DW$T$10, DW_AT_encoding(DW_ATE_signed)
     671                            .dwattr $C$DW$T$10, DW_AT_name("int")
     672                            .dwattr $C$DW$T$10, DW_AT_byte_size(0x04)
     673                    $C$DW$T$33      .dwtag  DW_TAG_typedef, DW_AT_name("int32_t")
     674                            .dwattr $C$DW$T$33, DW_AT_type(*$C$DW$T$10)
     675                            .dwattr $C$DW$T$33, DW_AT_language(DW_LANG_C)
     676                            .dwattr $C$DW$T$33, DW_AT_decl_file("C:/ti/ccsv6/tools/compiler/ti-cgt-arm_5.2.5/include/stdin
     677                            .dwattr $C$DW$T$33, DW_AT_decl_line(0x2e)
     678                            .dwattr $C$DW$T$33, DW_AT_decl_column(0x1d)
     679                    $C$DW$T$34      .dwtag  DW_TAG_typedef, DW_AT_name("int_fast16_t")
     680                            .dwattr $C$DW$T$34, DW_AT_type(*$C$DW$T$33)
     681                            .dwattr $C$DW$T$34, DW_AT_language(DW_LANG_C)
     682                            .dwattr $C$DW$T$34, DW_AT_decl_file("C:/ti/ccsv6/tools/compiler/ti-cgt-arm_5.2.5/include/stdin
     683                            .dwattr $C$DW$T$34, DW_AT_decl_line(0x47)
     684                            .dwattr $C$DW$T$34, DW_AT_decl_column(0x17)
     685                    $C$DW$T$35      .dwtag  DW_TAG_typedef, DW_AT_name("int_fast32_t")
     686                            .dwattr $C$DW$T$35, DW_AT_type(*$C$DW$T$33)
     687                            .dwattr $C$DW$T$35, DW_AT_language(DW_LANG_C)
     688                            .dwattr $C$DW$T$35, DW_AT_decl_file("C:/ti/ccsv6/tools/compiler/ti-cgt-arm_5.2.5/include/stdin
     689                            .dwattr $C$DW$T$35, DW_AT_decl_line(0x4a)
     690                            .dwattr $C$DW$T$35, DW_AT_decl_column(0x17)
     691                    $C$DW$T$36      .dwtag  DW_TAG_typedef, DW_AT_name("int_fast8_t")
     692                            .dwattr $C$DW$T$36, DW_AT_type(*$C$DW$T$33)
     693                            .dwattr $C$DW$T$36, DW_AT_language(DW_LANG_C)
     694                            .dwattr $C$DW$T$36, DW_AT_decl_file("C:/ti/ccsv6/tools/compiler/ti-cgt-arm_5.2.5/include/stdin
     695                            .dwattr $C$DW$T$36, DW_AT_decl_line(0x45)
     696                            .dwattr $C$DW$T$36, DW_AT_decl_column(0x17)
     697                    $C$DW$T$37      .dwtag  DW_TAG_typedef, DW_AT_name("int_least32_t")
     698                            .dwattr $C$DW$T$37, DW_AT_type(*$C$DW$T$33)
     699                            .dwattr $C$DW$T$37, DW_AT_language(DW_LANG_C)
     700                            .dwattr $C$DW$T$37, DW_AT_decl_file("C:/ti/ccsv6/tools/compiler/ti-cgt-arm_5.2.5/include/stdin
     701                            .dwattr $C$DW$T$37, DW_AT_decl_line(0x3c)
     702                            .dwattr $C$DW$T$37, DW_AT_decl_column(0x17)
     703                    $C$DW$T$38      .dwtag  DW_TAG_typedef, DW_AT_name("intptr_t")
     704                            .dwattr $C$DW$T$38, DW_AT_type(*$C$DW$T$10)
     705                            .dwattr $C$DW$T$38, DW_AT_language(DW_LANG_C)
     706                            .dwattr $C$DW$T$38, DW_AT_decl_file("C:/ti/ccsv6/tools/compiler/ti-cgt-arm_5.2.5/include/stdin
     707                            .dwattr $C$DW$T$38, DW_AT_decl_line(0x52)
     708                            .dwattr $C$DW$T$38, DW_AT_decl_column(0x1a)
     709                    $C$DW$T$11      .dwtag  DW_TAG_base_type
     710                            .dwattr $C$DW$T$11, DW_AT_encoding(DW_ATE_unsigned)
     711                            .dwattr $C$DW$T$11, DW_AT_name("unsigned int")
     712                            .dwattr $C$DW$T$11, DW_AT_byte_size(0x04)
     713                    $C$DW$T$19      .dwtag  DW_TAG_typedef, DW_AT_name("uint32_t")
     714                            .dwattr $C$DW$T$19, DW_AT_type(*$C$DW$T$11)
     715                            .dwattr $C$DW$T$19, DW_AT_language(DW_LANG_C)
TI ARM Assembler PC v5.2.5 Wed Nov 04 18:27:11 2015

Tools Copyright (c) 1996-2015 Texas Instruments Incorporated
utils.asm                                                            PAGE   14

     716                            .dwattr $C$DW$T$19, DW_AT_decl_file("C:/ti/ccsv6/tools/compiler/ti-cgt-arm_5.2.5/include/stdin
     717                            .dwattr $C$DW$T$19, DW_AT_decl_line(0x2f)
     718                            .dwattr $C$DW$T$19, DW_AT_decl_column(0x1c)
     719                    $C$DW$T$23      .dwtag  DW_TAG_pointer_type
     720                            .dwattr $C$DW$T$23, DW_AT_type(*$C$DW$T$19)
     721                            .dwattr $C$DW$T$23, DW_AT_address_class(0x20)
     722                    $C$DW$T$41      .dwtag  DW_TAG_typedef, DW_AT_name("uint_fast16_t")
     723                            .dwattr $C$DW$T$41, DW_AT_type(*$C$DW$T$19)
     724                            .dwattr $C$DW$T$41, DW_AT_language(DW_LANG_C)
     725                            .dwattr $C$DW$T$41, DW_AT_decl_file("C:/ti/ccsv6/tools/compiler/ti-cgt-arm_5.2.5/include/stdin
     726                            .dwattr $C$DW$T$41, DW_AT_decl_line(0x48)
     727                            .dwattr $C$DW$T$41, DW_AT_decl_column(0x16)
     728                    $C$DW$T$42      .dwtag  DW_TAG_typedef, DW_AT_name("uint_fast32_t")
     729                            .dwattr $C$DW$T$42, DW_AT_type(*$C$DW$T$19)
     730                            .dwattr $C$DW$T$42, DW_AT_language(DW_LANG_C)
     731                            .dwattr $C$DW$T$42, DW_AT_decl_file("C:/ti/ccsv6/tools/compiler/ti-cgt-arm_5.2.5/include/stdin
     732                            .dwattr $C$DW$T$42, DW_AT_decl_line(0x4b)
     733                            .dwattr $C$DW$T$42, DW_AT_decl_column(0x16)
     734                    $C$DW$T$43      .dwtag  DW_TAG_typedef, DW_AT_name("uint_fast8_t")
     735                            .dwattr $C$DW$T$43, DW_AT_type(*$C$DW$T$19)
     736                            .dwattr $C$DW$T$43, DW_AT_language(DW_LANG_C)
     737                            .dwattr $C$DW$T$43, DW_AT_decl_file("C:/ti/ccsv6/tools/compiler/ti-cgt-arm_5.2.5/include/stdin
     738                            .dwattr $C$DW$T$43, DW_AT_decl_line(0x46)
     739                            .dwattr $C$DW$T$43, DW_AT_decl_column(0x16)
     740                    $C$DW$T$44      .dwtag  DW_TAG_typedef, DW_AT_name("uint_least32_t")
     741                            .dwattr $C$DW$T$44, DW_AT_type(*$C$DW$T$19)
     742                            .dwattr $C$DW$T$44, DW_AT_language(DW_LANG_C)
     743                            .dwattr $C$DW$T$44, DW_AT_decl_file("C:/ti/ccsv6/tools/compiler/ti-cgt-arm_5.2.5/include/stdin
     744                            .dwattr $C$DW$T$44, DW_AT_decl_line(0x3d)
     745                            .dwattr $C$DW$T$44, DW_AT_decl_column(0x16)
     746                    $C$DW$T$45      .dwtag  DW_TAG_typedef, DW_AT_name("uintptr_t")
     747                            .dwattr $C$DW$T$45, DW_AT_type(*$C$DW$T$11)
     748                            .dwattr $C$DW$T$45, DW_AT_language(DW_LANG_C)
     749                            .dwattr $C$DW$T$45, DW_AT_decl_file("C:/ti/ccsv6/tools/compiler/ti-cgt-arm_5.2.5/include/stdin
     750                            .dwattr $C$DW$T$45, DW_AT_decl_line(0x53)
     751                            .dwattr $C$DW$T$45, DW_AT_decl_column(0x1a)
     752                    $C$DW$T$12      .dwtag  DW_TAG_base_type
     753                            .dwattr $C$DW$T$12, DW_AT_encoding(DW_ATE_signed)
     754                            .dwattr $C$DW$T$12, DW_AT_name("long")
     755                            .dwattr $C$DW$T$12, DW_AT_byte_size(0x04)
     756                    $C$DW$T$13      .dwtag  DW_TAG_base_type
     757                            .dwattr $C$DW$T$13, DW_AT_encoding(DW_ATE_unsigned)
     758                            .dwattr $C$DW$T$13, DW_AT_name("unsigned long")
     759                            .dwattr $C$DW$T$13, DW_AT_byte_size(0x04)
     760                    $C$DW$T$14      .dwtag  DW_TAG_base_type
     761                            .dwattr $C$DW$T$14, DW_AT_encoding(DW_ATE_signed)
     762                            .dwattr $C$DW$T$14, DW_AT_name("long long")
     763                            .dwattr $C$DW$T$14, DW_AT_byte_size(0x08)
     764                    $C$DW$T$46      .dwtag  DW_TAG_typedef, DW_AT_name("int64_t")
     765                            .dwattr $C$DW$T$46, DW_AT_type(*$C$DW$T$14)
     766                            .dwattr $C$DW$T$46, DW_AT_language(DW_LANG_C)
     767                            .dwattr $C$DW$T$46, DW_AT_decl_file("C:/ti/ccsv6/tools/compiler/ti-cgt-arm_5.2.5/include/stdin
     768                            .dwattr $C$DW$T$46, DW_AT_decl_line(0x32)
     769                            .dwattr $C$DW$T$46, DW_AT_decl_column(0x21)
     770                    $C$DW$T$47      .dwtag  DW_TAG_typedef, DW_AT_name("int_fast64_t")
TI ARM Assembler PC v5.2.5 Wed Nov 04 18:27:11 2015

Tools Copyright (c) 1996-2015 Texas Instruments Incorporated
utils.asm                                                            PAGE   15

     771                            .dwattr $C$DW$T$47, DW_AT_type(*$C$DW$T$46)
     772                            .dwattr $C$DW$T$47, DW_AT_language(DW_LANG_C)
     773                            .dwattr $C$DW$T$47, DW_AT_decl_file("C:/ti/ccsv6/tools/compiler/ti-cgt-arm_5.2.5/include/stdin
     774                            .dwattr $C$DW$T$47, DW_AT_decl_line(0x4e)
     775                            .dwattr $C$DW$T$47, DW_AT_decl_column(0x17)
     776                    $C$DW$T$48      .dwtag  DW_TAG_typedef, DW_AT_name("int_least64_t")
     777                            .dwattr $C$DW$T$48, DW_AT_type(*$C$DW$T$46)
     778                            .dwattr $C$DW$T$48, DW_AT_language(DW_LANG_C)
     779                            .dwattr $C$DW$T$48, DW_AT_decl_file("C:/ti/ccsv6/tools/compiler/ti-cgt-arm_5.2.5/include/stdin
     780                            .dwattr $C$DW$T$48, DW_AT_decl_line(0x40)
     781                            .dwattr $C$DW$T$48, DW_AT_decl_column(0x17)
     782                    $C$DW$T$49      .dwtag  DW_TAG_typedef, DW_AT_name("intmax_t")
     783                            .dwattr $C$DW$T$49, DW_AT_type(*$C$DW$T$14)
     784                            .dwattr $C$DW$T$49, DW_AT_language(DW_LANG_C)
     785                            .dwattr $C$DW$T$49, DW_AT_decl_file("C:/ti/ccsv6/tools/compiler/ti-cgt-arm_5.2.5/include/stdin
     786                            .dwattr $C$DW$T$49, DW_AT_decl_line(0x56)
     787                            .dwattr $C$DW$T$49, DW_AT_decl_column(0x20)
     788                    $C$DW$T$15      .dwtag  DW_TAG_base_type
     789                            .dwattr $C$DW$T$15, DW_AT_encoding(DW_ATE_unsigned)
     790                            .dwattr $C$DW$T$15, DW_AT_name("unsigned long long")
     791                            .dwattr $C$DW$T$15, DW_AT_byte_size(0x08)
     792                    $C$DW$T$50      .dwtag  DW_TAG_typedef, DW_AT_name("uint64_t")
     793                            .dwattr $C$DW$T$50, DW_AT_type(*$C$DW$T$15)
     794                            .dwattr $C$DW$T$50, DW_AT_language(DW_LANG_C)
     795                            .dwattr $C$DW$T$50, DW_AT_decl_file("C:/ti/ccsv6/tools/compiler/ti-cgt-arm_5.2.5/include/stdin
     796                            .dwattr $C$DW$T$50, DW_AT_decl_line(0x33)
     797                            .dwattr $C$DW$T$50, DW_AT_decl_column(0x20)
     798                    $C$DW$T$51      .dwtag  DW_TAG_typedef, DW_AT_name("uint_fast64_t")
     799                            .dwattr $C$DW$T$51, DW_AT_type(*$C$DW$T$50)
     800                            .dwattr $C$DW$T$51, DW_AT_language(DW_LANG_C)
     801                            .dwattr $C$DW$T$51, DW_AT_decl_file("C:/ti/ccsv6/tools/compiler/ti-cgt-arm_5.2.5/include/stdin
     802                            .dwattr $C$DW$T$51, DW_AT_decl_line(0x4f)
     803                            .dwattr $C$DW$T$51, DW_AT_decl_column(0x16)
     804                    $C$DW$T$52      .dwtag  DW_TAG_typedef, DW_AT_name("uint_least64_t")
     805                            .dwattr $C$DW$T$52, DW_AT_type(*$C$DW$T$50)
     806                            .dwattr $C$DW$T$52, DW_AT_language(DW_LANG_C)
     807                            .dwattr $C$DW$T$52, DW_AT_decl_file("C:/ti/ccsv6/tools/compiler/ti-cgt-arm_5.2.5/include/stdin
     808                            .dwattr $C$DW$T$52, DW_AT_decl_line(0x41)
     809                            .dwattr $C$DW$T$52, DW_AT_decl_column(0x16)
     810                    $C$DW$T$53      .dwtag  DW_TAG_typedef, DW_AT_name("uintmax_t")
     811                            .dwattr $C$DW$T$53, DW_AT_type(*$C$DW$T$15)
     812                            .dwattr $C$DW$T$53, DW_AT_language(DW_LANG_C)
     813                            .dwattr $C$DW$T$53, DW_AT_decl_file("C:/ti/ccsv6/tools/compiler/ti-cgt-arm_5.2.5/include/stdin
     814                            .dwattr $C$DW$T$53, DW_AT_decl_line(0x57)
     815                            .dwattr $C$DW$T$53, DW_AT_decl_column(0x20)
     816                    $C$DW$T$16      .dwtag  DW_TAG_base_type
     817                            .dwattr $C$DW$T$16, DW_AT_encoding(DW_ATE_float)
     818                            .dwattr $C$DW$T$16, DW_AT_name("float")
     819                            .dwattr $C$DW$T$16, DW_AT_byte_size(0x04)
     820                    $C$DW$T$17      .dwtag  DW_TAG_base_type
     821                            .dwattr $C$DW$T$17, DW_AT_encoding(DW_ATE_float)
     822                            .dwattr $C$DW$T$17, DW_AT_name("double")
     823                            .dwattr $C$DW$T$17, DW_AT_byte_size(0x08)
     824                    $C$DW$T$18      .dwtag  DW_TAG_base_type
     825                            .dwattr $C$DW$T$18, DW_AT_encoding(DW_ATE_float)
TI ARM Assembler PC v5.2.5 Wed Nov 04 18:27:11 2015

Tools Copyright (c) 1996-2015 Texas Instruments Incorporated
utils.asm                                                            PAGE   16

     826                            .dwattr $C$DW$T$18, DW_AT_name("long double")
     827                            .dwattr $C$DW$T$18, DW_AT_byte_size(0x08)
     828                    $C$DW$T$21      .dwtag  DW_TAG_pointer_type
     829                            .dwattr $C$DW$T$21, DW_AT_type(*$C$DW$T$6)
     830                            .dwattr $C$DW$T$21, DW_AT_address_class(0x20)
     831                    $C$DW$T$54      .dwtag  DW_TAG_typedef, DW_AT_name("__builtin_va_list")
     832                            .dwattr $C$DW$T$54, DW_AT_type(*$C$DW$T$21)
     833                            .dwattr $C$DW$T$54, DW_AT_language(DW_LANG_C)
     834                            .dwattr $C$DW$T$54, DW_AT_decl_file("../utils.c")
     835                            .dwattr $C$DW$T$54, DW_AT_decl_line(0x3e)
     836                            .dwattr $C$DW$T$54, DW_AT_decl_column(0x01)
     837                            .dwattr $C$DW$CU, DW_AT_language(DW_LANG_C)
     838                    
     839                    ;***************************************************************
     840                    ;* DWARF CIE ENTRIES                                           *
     841                    ;***************************************************************
     842                    
     843                    $C$DW$CIE       .dwcie 14
     844                            .dwcfi  cfa_register, 13
     845                            .dwcfi  cfa_offset, 0
     846                            .dwcfi  undefined, 0
     847                            .dwcfi  undefined, 1
     848                            .dwcfi  undefined, 2
     849                            .dwcfi  undefined, 3
     850                            .dwcfi  same_value, 4
     851                            .dwcfi  same_value, 5
     852                            .dwcfi  same_value, 6
     853                            .dwcfi  same_value, 7
     854                            .dwcfi  same_value, 8
     855                            .dwcfi  same_value, 9
     856                            .dwcfi  same_value, 10
     857                            .dwcfi  same_value, 11
     858                            .dwcfi  undefined, 12
     859                            .dwcfi  undefined, 13
     860                            .dwcfi  undefined, 14
     861                            .dwcfi  undefined, 14
     862                            .dwcfi  undefined, 7
     863                            .dwcfi  undefined, 64
     864                            .dwcfi  undefined, 65
     865                            .dwcfi  undefined, 66
     866                            .dwcfi  undefined, 67
     867                            .dwcfi  undefined, 68
     868                            .dwcfi  undefined, 69
     869                            .dwcfi  undefined, 70
     870                            .dwcfi  undefined, 71
     871                            .dwcfi  undefined, 72
     872                            .dwcfi  undefined, 73
     873                            .dwcfi  undefined, 74
     874                            .dwcfi  undefined, 75
     875                            .dwcfi  undefined, 76
     876                            .dwcfi  undefined, 77
     877                            .dwcfi  undefined, 78
     878                            .dwcfi  undefined, 79
     879                            .dwcfi  same_value, 80
     880                            .dwcfi  same_value, 81
TI ARM Assembler PC v5.2.5 Wed Nov 04 18:27:11 2015

Tools Copyright (c) 1996-2015 Texas Instruments Incorporated
utils.asm                                                            PAGE   17

     881                            .dwcfi  same_value, 82
     882                            .dwcfi  same_value, 83
     883                            .dwcfi  same_value, 84
     884                            .dwcfi  same_value, 85
     885                            .dwcfi  same_value, 86
     886                            .dwcfi  same_value, 87
     887                            .dwcfi  same_value, 88
     888                            .dwcfi  same_value, 89
     889                            .dwcfi  same_value, 90
     890                            .dwcfi  same_value, 91
     891                            .dwcfi  same_value, 92
     892                            .dwcfi  same_value, 93
     893                            .dwcfi  same_value, 94
     894                            .dwcfi  same_value, 95
     895                            .dwendentry
     896                            .dwendtag $C$DW$CU
     897                    

--------------------------
Thumb2 Statistics
--------------------------
Number of Thumb2 ins converted to Thumb = 0 (0%)
Number of Thumb ins in input = 139 (82%)
Number of Thumb2 ins encoded as Thumb2 = 30 (100%)
Number of Thumb2 ins converted to 2 OPND Thumb = 8


No Assembly Errors, No Assembly Warnings
